{"C:\\Users\\Daniel\\colmanfullstack\\backend\\dist\\app.js": {"path":"C:\\Users\\Daniel\\colmanfullstack\\backend\\dist\\app.js","statementMap":{"0":{"start":{"line":2,"column":16},"end":{"line":10,"column":1}},"1":{"start":{"line":3,"column":28},"end":{"line":3,"column":110}},"2":{"start":{"line":3,"column":91},"end":{"line":3,"column":106}},"3":{"start":{"line":4,"column":4},"end":{"line":9,"column":7}},"4":{"start":{"line":5,"column":36},"end":{"line":5,"column":97}},"5":{"start":{"line":5,"column":42},"end":{"line":5,"column":70}},"6":{"start":{"line":5,"column":85},"end":{"line":5,"column":95}},"7":{"start":{"line":6,"column":35},"end":{"line":6,"column":100}},"8":{"start":{"line":6,"column":41},"end":{"line":6,"column":73}},"9":{"start":{"line":6,"column":88},"end":{"line":6,"column":98}},"10":{"start":{"line":7,"column":32},"end":{"line":7,"column":116}},"11":{"start":{"line":8,"column":8},"end":{"line":8,"column":78}},"12":{"start":{"line":11,"column":22},"end":{"line":13,"column":1}},"13":{"start":{"line":12,"column":4},"end":{"line":12,"column":62}},"14":{"start":{"line":14,"column":0},"end":{"line":14,"column":62}},"15":{"start":{"line":15,"column":15},"end":{"line":15,"column":47}},"16":{"start":{"line":16,"column":17},"end":{"line":16,"column":51}},"17":{"start":{"line":17,"column":18},"end":{"line":17,"column":53}},"18":{"start":{"line":18,"column":19},"end":{"line":18,"column":55}},"19":{"start":{"line":19,"column":15},"end":{"line":19,"column":47}},"20":{"start":{"line":20,"column":13},"end":{"line":20,"column":43}},"21":{"start":{"line":21,"column":24},"end":{"line":21,"column":65}},"22":{"start":{"line":22,"column":29},"end":{"line":22,"column":75}},"23":{"start":{"line":23,"column":17},"end":{"line":23,"column":43}},"24":{"start":{"line":24,"column":17},"end":{"line":24,"column":43}},"25":{"start":{"line":25,"column":25},"end":{"line":25,"column":64}},"26":{"start":{"line":26,"column":21},"end":{"line":26,"column":51}},"27":{"start":{"line":27,"column":24},"end":{"line":27,"column":57}},"28":{"start":{"line":28,"column":21},"end":{"line":28,"column":51}},"29":{"start":{"line":29,"column":21},"end":{"line":29,"column":51}},"30":{"start":{"line":30,"column":0},"end":{"line":30,"column":39}},"31":{"start":{"line":31,"column":19},"end":{"line":76,"column":3}},"32":{"start":{"line":31,"column":52},"end":{"line":76,"column":2}},"33":{"start":{"line":32,"column":16},"end":{"line":32,"column":40}},"34":{"start":{"line":33,"column":4},"end":{"line":33,"column":38}},"35":{"start":{"line":34,"column":4},"end":{"line":39,"column":5}},"36":{"start":{"line":35,"column":8},"end":{"line":35,"column":58}},"37":{"start":{"line":38,"column":8},"end":{"line":38,"column":34}},"38":{"start":{"line":40,"column":24},"end":{"line":40,"column":72}},"39":{"start":{"line":41,"column":4},"end":{"line":43,"column":5}},"40":{"start":{"line":42,"column":8},"end":{"line":42,"column":65}},"41":{"start":{"line":44,"column":4},"end":{"line":44,"column":67}},"42":{"start":{"line":45,"column":4},"end":{"line":45,"column":39}},"43":{"start":{"line":47,"column":4},"end":{"line":47,"column":35}},"44":{"start":{"line":48,"column":4},"end":{"line":48,"column":53}},"45":{"start":{"line":49,"column":4},"end":{"line":49,"column":50}},"46":{"start":{"line":50,"column":4},"end":{"line":50,"column":50}},"47":{"start":{"line":51,"column":4},"end":{"line":51,"column":59}},"48":{"start":{"line":52,"column":4},"end":{"line":52,"column":50}},"49":{"start":{"line":53,"column":4},"end":{"line":60,"column":5}},"50":{"start":{"line":54,"column":8},"end":{"line":54,"column":68}},"51":{"start":{"line":55,"column":8},"end":{"line":55,"column":41}},"52":{"start":{"line":58,"column":8},"end":{"line":58,"column":57}},"53":{"start":{"line":59,"column":8},"end":{"line":59,"column":24}},"54":{"start":{"line":61,"column":4},"end":{"line":61,"column":52}},"55":{"start":{"line":62,"column":27},"end":{"line":72,"column":5}},"56":{"start":{"line":73,"column":24},"end":{"line":73,"column":68}},"57":{"start":{"line":74,"column":4},"end":{"line":74,"column":110}},"58":{"start":{"line":75,"column":4},"end":{"line":75,"column":17}},"59":{"start":{"line":77,"column":0},"end":{"line":77,"column":29}}},"fnMap":{"0":{"name":"(anonymous_0)","decl":{"start":{"line":2,"column":44},"end":{"line":2,"column":45}},"loc":{"start":{"line":2,"column":89},"end":{"line":10,"column":1}},"line":2},"1":{"name":"adopt","decl":{"start":{"line":3,"column":13},"end":{"line":3,"column":18}},"loc":{"start":{"line":3,"column":26},"end":{"line":3,"column":112}},"line":3},"2":{"name":"(anonymous_2)","decl":{"start":{"line":3,"column":70},"end":{"line":3,"column":71}},"loc":{"start":{"line":3,"column":89},"end":{"line":3,"column":108}},"line":3},"3":{"name":"(anonymous_3)","decl":{"start":{"line":4,"column":36},"end":{"line":4,"column":37}},"loc":{"start":{"line":4,"column":63},"end":{"line":9,"column":5}},"line":4},"4":{"name":"fulfilled","decl":{"start":{"line":5,"column":17},"end":{"line":5,"column":26}},"loc":{"start":{"line":5,"column":34},"end":{"line":5,"column":99}},"line":5},"5":{"name":"rejected","decl":{"start":{"line":6,"column":17},"end":{"line":6,"column":25}},"loc":{"start":{"line":6,"column":33},"end":{"line":6,"column":102}},"line":6},"6":{"name":"step","decl":{"start":{"line":7,"column":17},"end":{"line":7,"column":21}},"loc":{"start":{"line":7,"column":30},"end":{"line":7,"column":118}},"line":7},"7":{"name":"(anonymous_7)","decl":{"start":{"line":11,"column":56},"end":{"line":11,"column":57}},"loc":{"start":{"line":11,"column":71},"end":{"line":13,"column":1}},"line":11},"8":{"name":"(anonymous_8)","decl":{"start":{"line":31,"column":31},"end":{"line":31,"column":32}},"loc":{"start":{"line":31,"column":52},"end":{"line":76,"column":2}},"line":31},"9":{"name":"(anonymous_9)","decl":{"start":{"line":31,"column":86},"end":{"line":31,"column":87}},"loc":{"start":{"line":31,"column":99},"end":{"line":76,"column":1}},"line":31}},"branchMap":{"0":{"loc":{"start":{"line":2,"column":16},"end":{"line":10,"column":1}},"type":"binary-expr","locations":[{"start":{"line":2,"column":17},"end":{"line":2,"column":21}},{"start":{"line":2,"column":25},"end":{"line":2,"column":39}},{"start":{"line":2,"column":44},"end":{"line":10,"column":1}}],"line":2},"1":{"loc":{"start":{"line":3,"column":35},"end":{"line":3,"column":109}},"type":"cond-expr","locations":[{"start":{"line":3,"column":56},"end":{"line":3,"column":61}},{"start":{"line":3,"column":64},"end":{"line":3,"column":109}}],"line":3},"2":{"loc":{"start":{"line":4,"column":16},"end":{"line":4,"column":34}},"type":"binary-expr","locations":[{"start":{"line":4,"column":16},"end":{"line":4,"column":17}},{"start":{"line":4,"column":22},"end":{"line":4,"column":33}}],"line":4},"3":{"loc":{"start":{"line":7,"column":32},"end":{"line":7,"column":115}},"type":"cond-expr","locations":[{"start":{"line":7,"column":46},"end":{"line":7,"column":67}},{"start":{"line":7,"column":70},"end":{"line":7,"column":115}}],"line":7},"4":{"loc":{"start":{"line":8,"column":51},"end":{"line":8,"column":67}},"type":"binary-expr","locations":[{"start":{"line":8,"column":51},"end":{"line":8,"column":61}},{"start":{"line":8,"column":65},"end":{"line":8,"column":67}}],"line":8},"5":{"loc":{"start":{"line":11,"column":22},"end":{"line":13,"column":1}},"type":"binary-expr","locations":[{"start":{"line":11,"column":23},"end":{"line":11,"column":27}},{"start":{"line":11,"column":31},"end":{"line":11,"column":51}},{"start":{"line":11,"column":56},"end":{"line":13,"column":1}}],"line":11},"6":{"loc":{"start":{"line":12,"column":11},"end":{"line":12,"column":61}},"type":"cond-expr","locations":[{"start":{"line":12,"column":37},"end":{"line":12,"column":40}},{"start":{"line":12,"column":43},"end":{"line":12,"column":61}}],"line":12},"7":{"loc":{"start":{"line":12,"column":12},"end":{"line":12,"column":33}},"type":"binary-expr","locations":[{"start":{"line":12,"column":12},"end":{"line":12,"column":15}},{"start":{"line":12,"column":19},"end":{"line":12,"column":33}}],"line":12},"8":{"loc":{"start":{"line":34,"column":4},"end":{"line":39,"column":5}},"type":"if","locations":[{"start":{"line":34,"column":4},"end":{"line":39,"column":5}},{"start":{"line":37,"column":9},"end":{"line":39,"column":5}}],"line":34},"9":{"loc":{"start":{"line":41,"column":4},"end":{"line":43,"column":5}},"type":"if","locations":[{"start":{"line":41,"column":4},"end":{"line":43,"column":5}},{"start":{},"end":{}}],"line":41}},"s":{"0":5,"1":5,"2":0,"3":5,"4":5,"5":5,"6":0,"7":0,"8":0,"9":0,"10":10,"11":5,"12":5,"13":40,"14":5,"15":5,"16":5,"17":5,"18":5,"19":5,"20":5,"21":5,"22":5,"23":5,"24":5,"25":5,"26":5,"27":5,"28":5,"29":5,"30":5,"31":5,"32":5,"33":5,"34":5,"35":5,"36":5,"37":0,"38":5,"39":5,"40":0,"41":5,"42":5,"43":5,"44":5,"45":5,"46":5,"47":5,"48":5,"49":5,"50":5,"51":5,"52":0,"53":0,"54":5,"55":5,"56":5,"57":5,"58":5,"59":5},"f":{"0":5,"1":5,"2":0,"3":5,"4":5,"5":0,"6":10,"7":40,"8":5,"9":5},"b":{"0":[5,5,5],"1":[5,0],"2":[5,5],"3":[5,5],"4":[5,5],"5":[5,5,5],"6":[0,40],"7":[40,40],"8":[5,0],"9":[0,5]},"inputSourceMap":null,"_coverageSchema":"1a1c01bbd47fc00a2c39e90264f33305004495a9","hash":"6a9ba5b51bfba546350838a407cecf7eb04d1d17"}
,"C:\\Users\\Daniel\\colmanfullstack\\backend\\dist\\config\\config.js": {"path":"C:\\Users\\Daniel\\colmanfullstack\\backend\\dist\\config\\config.js","statementMap":{"0":{"start":{"line":2,"column":22},"end":{"line":4,"column":1}},"1":{"start":{"line":3,"column":4},"end":{"line":3,"column":62}},"2":{"start":{"line":5,"column":0},"end":{"line":5,"column":62}},"3":{"start":{"line":6,"column":0},"end":{"line":6,"column":24}},"4":{"start":{"line":7,"column":17},"end":{"line":7,"column":51}},"5":{"start":{"line":8,"column":0},"end":{"line":8,"column":26}},"6":{"start":{"line":9,"column":0},"end":{"line":18,"column":2}}},"fnMap":{"0":{"name":"(anonymous_0)","decl":{"start":{"line":2,"column":56},"end":{"line":2,"column":57}},"loc":{"start":{"line":2,"column":71},"end":{"line":4,"column":1}},"line":2}},"branchMap":{"0":{"loc":{"start":{"line":2,"column":22},"end":{"line":4,"column":1}},"type":"binary-expr","locations":[{"start":{"line":2,"column":23},"end":{"line":2,"column":27}},{"start":{"line":2,"column":31},"end":{"line":2,"column":51}},{"start":{"line":2,"column":56},"end":{"line":4,"column":1}}],"line":2},"1":{"loc":{"start":{"line":3,"column":11},"end":{"line":3,"column":61}},"type":"cond-expr","locations":[{"start":{"line":3,"column":37},"end":{"line":3,"column":40}},{"start":{"line":3,"column":43},"end":{"line":3,"column":61}}],"line":3},"2":{"loc":{"start":{"line":3,"column":12},"end":{"line":3,"column":33}},"type":"binary-expr","locations":[{"start":{"line":3,"column":12},"end":{"line":3,"column":15}},{"start":{"line":3,"column":19},"end":{"line":3,"column":33}}],"line":3},"3":{"loc":{"start":{"line":10,"column":16},"end":{"line":10,"column":50}},"type":"binary-expr","locations":[{"start":{"line":10,"column":16},"end":{"line":10,"column":38}},{"start":{"line":10,"column":42},"end":{"line":10,"column":50}}],"line":10},"4":{"loc":{"start":{"line":11,"column":20},"end":{"line":11,"column":66}},"type":"binary-expr","locations":[{"start":{"line":11,"column":20},"end":{"line":11,"column":46}},{"start":{"line":11,"column":50},"end":{"line":11,"column":66}}],"line":11},"5":{"loc":{"start":{"line":12,"column":20},"end":{"line":12,"column":54}},"type":"binary-expr","locations":[{"start":{"line":12,"column":20},"end":{"line":12,"column":46}},{"start":{"line":12,"column":50},"end":{"line":12,"column":54}}],"line":12},"6":{"loc":{"start":{"line":13,"column":15},"end":{"line":13,"column":78}},"type":"binary-expr","locations":[{"start":{"line":13,"column":15},"end":{"line":13,"column":36}},{"start":{"line":13,"column":40},"end":{"line":13,"column":78}}],"line":13},"7":{"loc":{"start":{"line":14,"column":17},"end":{"line":14,"column":46}},"type":"binary-expr","locations":[{"start":{"line":14,"column":17},"end":{"line":14,"column":40}},{"start":{"line":14,"column":44},"end":{"line":14,"column":46}}],"line":14},"8":{"loc":{"start":{"line":15,"column":22},"end":{"line":15,"column":56}},"type":"binary-expr","locations":[{"start":{"line":15,"column":22},"end":{"line":15,"column":50}},{"start":{"line":15,"column":54},"end":{"line":15,"column":56}}],"line":15},"9":{"loc":{"start":{"line":16,"column":27},"end":{"line":16,"column":66}},"type":"binary-expr","locations":[{"start":{"line":16,"column":27},"end":{"line":16,"column":60}},{"start":{"line":16,"column":64},"end":{"line":16,"column":66}}],"line":16},"10":{"loc":{"start":{"line":17,"column":19},"end":{"line":17,"column":45}},"type":"binary-expr","locations":[{"start":{"line":17,"column":19},"end":{"line":17,"column":35}},{"start":{"line":17,"column":39},"end":{"line":17,"column":45}}],"line":17}},"s":{"0":5,"1":5,"2":5,"3":5,"4":5,"5":5,"6":5},"f":{"0":5},"b":{"0":[5,5,5],"1":[0,5],"2":[5,5],"3":[5,0],"4":[5,0],"5":[5,0],"6":[5,0],"7":[5,0],"8":[5,0],"9":[5,0],"10":[5,0]},"inputSourceMap":null,"_coverageSchema":"1a1c01bbd47fc00a2c39e90264f33305004495a9","hash":"fec9b63913b8daf1ca310bfab4ae393ae4e3bc3d"}
,"C:\\Users\\Daniel\\colmanfullstack\\backend\\dist\\config\\multer.js": {"path":"C:\\Users\\Daniel\\colmanfullstack\\backend\\dist\\config\\multer.js","statementMap":{"0":{"start":{"line":2,"column":22},"end":{"line":4,"column":1}},"1":{"start":{"line":3,"column":4},"end":{"line":3,"column":62}},"2":{"start":{"line":5,"column":0},"end":{"line":5,"column":62}},"3":{"start":{"line":6,"column":0},"end":{"line":6,"column":69}},"4":{"start":{"line":7,"column":17},"end":{"line":7,"column":51}},"5":{"start":{"line":8,"column":15},"end":{"line":8,"column":47}},"6":{"start":{"line":10,"column":0},"end":{"line":18,"column":3}},"7":{"start":{"line":12,"column":8},"end":{"line":12,"column":60}},"8":{"start":{"line":15,"column":29},"end":{"line":15,"column":65}},"9":{"start":{"line":16,"column":8},"end":{"line":16,"column":31}},"10":{"start":{"line":19,"column":0},"end":{"line":29,"column":3}},"11":{"start":{"line":22,"column":29},"end":{"line":22,"column":69}},"12":{"start":{"line":23,"column":8},"end":{"line":25,"column":9}},"13":{"start":{"line":24,"column":12},"end":{"line":24,"column":78}},"14":{"start":{"line":26,"column":8},"end":{"line":26,"column":23}},"15":{"start":{"line":30,"column":0},"end":{"line":30,"column":57}}},"fnMap":{"0":{"name":"(anonymous_0)","decl":{"start":{"line":2,"column":56},"end":{"line":2,"column":57}},"loc":{"start":{"line":2,"column":71},"end":{"line":4,"column":1}},"line":2},"1":{"name":"(anonymous_1)","decl":{"start":{"line":11,"column":17},"end":{"line":11,"column":18}},"loc":{"start":{"line":11,"column":36},"end":{"line":13,"column":5}},"line":11},"2":{"name":"(anonymous_2)","decl":{"start":{"line":14,"column":14},"end":{"line":14,"column":15}},"loc":{"start":{"line":14,"column":33},"end":{"line":17,"column":5}},"line":14},"3":{"name":"(anonymous_3)","decl":{"start":{"line":21,"column":16},"end":{"line":21,"column":17}},"loc":{"start":{"line":21,"column":35},"end":{"line":27,"column":5}},"line":21}},"branchMap":{"0":{"loc":{"start":{"line":2,"column":22},"end":{"line":4,"column":1}},"type":"binary-expr","locations":[{"start":{"line":2,"column":23},"end":{"line":2,"column":27}},{"start":{"line":2,"column":31},"end":{"line":2,"column":51}},{"start":{"line":2,"column":56},"end":{"line":4,"column":1}}],"line":2},"1":{"loc":{"start":{"line":3,"column":11},"end":{"line":3,"column":61}},"type":"cond-expr","locations":[{"start":{"line":3,"column":37},"end":{"line":3,"column":40}},{"start":{"line":3,"column":43},"end":{"line":3,"column":61}}],"line":3},"2":{"loc":{"start":{"line":3,"column":12},"end":{"line":3,"column":33}},"type":"binary-expr","locations":[{"start":{"line":3,"column":12},"end":{"line":3,"column":15}},{"start":{"line":3,"column":19},"end":{"line":3,"column":33}}],"line":3},"3":{"loc":{"start":{"line":23,"column":8},"end":{"line":25,"column":9}},"type":"if","locations":[{"start":{"line":23,"column":8},"end":{"line":25,"column":9}},{"start":{},"end":{}}],"line":23}},"s":{"0":5,"1":10,"2":5,"3":5,"4":5,"5":5,"6":5,"7":4,"8":4,"9":4,"10":5,"11":4,"12":4,"13":0,"14":4,"15":5},"f":{"0":10,"1":4,"2":4,"3":4},"b":{"0":[5,5,5],"1":[0,10],"2":[10,10],"3":[0,4]},"inputSourceMap":null,"_coverageSchema":"1a1c01bbd47fc00a2c39e90264f33305004495a9","hash":"53950f854345f3d10795a734c378fb86319d98c6"}
,"C:\\Users\\Daniel\\colmanfullstack\\backend\\dist\\controllers\\auth.controller.js": {"path":"C:\\Users\\Daniel\\colmanfullstack\\backend\\dist\\controllers\\auth.controller.js","statementMap":{"0":{"start":{"line":2,"column":16},"end":{"line":10,"column":1}},"1":{"start":{"line":3,"column":28},"end":{"line":3,"column":110}},"2":{"start":{"line":3,"column":91},"end":{"line":3,"column":106}},"3":{"start":{"line":4,"column":4},"end":{"line":9,"column":7}},"4":{"start":{"line":5,"column":36},"end":{"line":5,"column":97}},"5":{"start":{"line":5,"column":42},"end":{"line":5,"column":70}},"6":{"start":{"line":5,"column":85},"end":{"line":5,"column":95}},"7":{"start":{"line":6,"column":35},"end":{"line":6,"column":100}},"8":{"start":{"line":6,"column":41},"end":{"line":6,"column":73}},"9":{"start":{"line":6,"column":88},"end":{"line":6,"column":98}},"10":{"start":{"line":7,"column":32},"end":{"line":7,"column":116}},"11":{"start":{"line":8,"column":8},"end":{"line":8,"column":78}},"12":{"start":{"line":11,"column":0},"end":{"line":11,"column":62}},"13":{"start":{"line":12,"column":0},"end":{"line":12,"column":57}},"14":{"start":{"line":13,"column":26},"end":{"line":13,"column":54}},"15":{"start":{"line":14,"column":23},"end":{"line":14,"column":58}},"16":{"start":{"line":15,"column":17},"end":{"line":15,"column":44}},"17":{"start":{"line":16,"column":25},"end":{"line":16,"column":55}},"18":{"start":{"line":18,"column":15},"end":{"line":18,"column":33}},"19":{"start":{"line":21,"column":8},"end":{"line":21,"column":48}},"20":{"start":{"line":24,"column":8},"end":{"line":36,"column":11}},"21":{"start":{"line":25,"column":50},"end":{"line":25,"column":58}},"22":{"start":{"line":26,"column":12},"end":{"line":35,"column":13}},"23":{"start":{"line":27,"column":16},"end":{"line":29,"column":17}},"24":{"start":{"line":28,"column":20},"end":{"line":28,"column":81}},"25":{"start":{"line":30,"column":33},"end":{"line":30,"column":95}},"26":{"start":{"line":31,"column":16},"end":{"line":31,"column":47}},"27":{"start":{"line":34,"column":16},"end":{"line":34,"column":65}},"28":{"start":{"line":39,"column":8},"end":{"line":51,"column":11}},"29":{"start":{"line":40,"column":43},"end":{"line":40,"column":51}},"30":{"start":{"line":41,"column":12},"end":{"line":50,"column":13}},"31":{"start":{"line":42,"column":16},"end":{"line":44,"column":17}},"32":{"start":{"line":43,"column":20},"end":{"line":43,"column":72}},"33":{"start":{"line":45,"column":35},"end":{"line":45,"column":83}},"34":{"start":{"line":46,"column":16},"end":{"line":46,"column":49}},"35":{"start":{"line":49,"column":16},"end":{"line":49,"column":65}},"36":{"start":{"line":54,"column":8},"end":{"line":69,"column":11}},"37":{"start":{"line":55,"column":32},"end":{"line":55,"column":60}},"38":{"start":{"line":56,"column":26},"end":{"line":56,"column":66}},"39":{"start":{"line":57,"column":12},"end":{"line":68,"column":13}},"40":{"start":{"line":58,"column":16},"end":{"line":58,"column":71}},"41":{"start":{"line":61,"column":16},"end":{"line":67,"column":17}},"42":{"start":{"line":62,"column":20},"end":{"line":62,"column":53}},"43":{"start":{"line":63,"column":20},"end":{"line":63,"column":43}},"44":{"start":{"line":66,"column":20},"end":{"line":66,"column":69}},"45":{"start":{"line":73,"column":8},"end":{"line":88,"column":11}},"46":{"start":{"line":74,"column":32},"end":{"line":74,"column":60}},"47":{"start":{"line":75,"column":26},"end":{"line":75,"column":66}},"48":{"start":{"line":76,"column":12},"end":{"line":87,"column":13}},"49":{"start":{"line":77,"column":16},"end":{"line":77,"column":71}},"50":{"start":{"line":80,"column":16},"end":{"line":86,"column":17}},"51":{"start":{"line":81,"column":39},"end":{"line":81,"column":81}},"52":{"start":{"line":82,"column":20},"end":{"line":82,"column":53}},"53":{"start":{"line":85,"column":20},"end":{"line":85,"column":69}},"54":{"start":{"line":92,"column":8},"end":{"line":109,"column":11}},"55":{"start":{"line":93,"column":35},"end":{"line":93,"column":43}},"56":{"start":{"line":94,"column":12},"end":{"line":108,"column":13}},"57":{"start":{"line":95,"column":16},"end":{"line":97,"column":17}},"58":{"start":{"line":96,"column":20},"end":{"line":96,"column":62}},"59":{"start":{"line":98,"column":31},"end":{"line":101,"column":18}},"60":{"start":{"line":102,"column":32},"end":{"line":102,"column":51}},"61":{"start":{"line":103,"column":35},"end":{"line":103,"column":75}},"62":{"start":{"line":104,"column":16},"end":{"line":104,"column":49}},"63":{"start":{"line":107,"column":16},"end":{"line":107,"column":65}},"64":{"start":{"line":113,"column":0},"end":{"line":113,"column":40}},"65":{"start":{"line":114,"column":0},"end":{"line":114,"column":46}}},"fnMap":{"0":{"name":"(anonymous_0)","decl":{"start":{"line":2,"column":44},"end":{"line":2,"column":45}},"loc":{"start":{"line":2,"column":89},"end":{"line":10,"column":1}},"line":2},"1":{"name":"adopt","decl":{"start":{"line":3,"column":13},"end":{"line":3,"column":18}},"loc":{"start":{"line":3,"column":26},"end":{"line":3,"column":112}},"line":3},"2":{"name":"(anonymous_2)","decl":{"start":{"line":3,"column":70},"end":{"line":3,"column":71}},"loc":{"start":{"line":3,"column":89},"end":{"line":3,"column":108}},"line":3},"3":{"name":"(anonymous_3)","decl":{"start":{"line":4,"column":36},"end":{"line":4,"column":37}},"loc":{"start":{"line":4,"column":63},"end":{"line":9,"column":5}},"line":4},"4":{"name":"fulfilled","decl":{"start":{"line":5,"column":17},"end":{"line":5,"column":26}},"loc":{"start":{"line":5,"column":34},"end":{"line":5,"column":99}},"line":5},"5":{"name":"rejected","decl":{"start":{"line":6,"column":17},"end":{"line":6,"column":25}},"loc":{"start":{"line":6,"column":33},"end":{"line":6,"column":102}},"line":6},"6":{"name":"step","decl":{"start":{"line":7,"column":17},"end":{"line":7,"column":21}},"loc":{"start":{"line":7,"column":30},"end":{"line":7,"column":118}},"line":7},"7":{"name":"(anonymous_7)","decl":{"start":{"line":20,"column":4},"end":{"line":20,"column":5}},"loc":{"start":{"line":20,"column":18},"end":{"line":22,"column":5}},"line":20},"8":{"name":"(anonymous_8)","decl":{"start":{"line":23,"column":4},"end":{"line":23,"column":5}},"loc":{"start":{"line":23,"column":23},"end":{"line":37,"column":5}},"line":23},"9":{"name":"(anonymous_9)","decl":{"start":{"line":24,"column":47},"end":{"line":24,"column":48}},"loc":{"start":{"line":24,"column":60},"end":{"line":36,"column":9}},"line":24},"10":{"name":"(anonymous_10)","decl":{"start":{"line":38,"column":4},"end":{"line":38,"column":5}},"loc":{"start":{"line":38,"column":20},"end":{"line":52,"column":5}},"line":38},"11":{"name":"(anonymous_11)","decl":{"start":{"line":39,"column":47},"end":{"line":39,"column":48}},"loc":{"start":{"line":39,"column":60},"end":{"line":51,"column":9}},"line":39},"12":{"name":"(anonymous_12)","decl":{"start":{"line":53,"column":4},"end":{"line":53,"column":5}},"loc":{"start":{"line":53,"column":21},"end":{"line":70,"column":5}},"line":53},"13":{"name":"(anonymous_13)","decl":{"start":{"line":54,"column":47},"end":{"line":54,"column":48}},"loc":{"start":{"line":54,"column":60},"end":{"line":69,"column":9}},"line":54},"14":{"name":"(anonymous_14)","decl":{"start":{"line":72,"column":4},"end":{"line":72,"column":5}},"loc":{"start":{"line":72,"column":22},"end":{"line":89,"column":5}},"line":72},"15":{"name":"(anonymous_15)","decl":{"start":{"line":73,"column":47},"end":{"line":73,"column":48}},"loc":{"start":{"line":73,"column":60},"end":{"line":88,"column":9}},"line":73},"16":{"name":"(anonymous_16)","decl":{"start":{"line":91,"column":4},"end":{"line":91,"column":5}},"loc":{"start":{"line":91,"column":27},"end":{"line":110,"column":5}},"line":91},"17":{"name":"(anonymous_17)","decl":{"start":{"line":92,"column":47},"end":{"line":92,"column":48}},"loc":{"start":{"line":92,"column":60},"end":{"line":109,"column":9}},"line":92}},"branchMap":{"0":{"loc":{"start":{"line":2,"column":16},"end":{"line":10,"column":1}},"type":"binary-expr","locations":[{"start":{"line":2,"column":17},"end":{"line":2,"column":21}},{"start":{"line":2,"column":25},"end":{"line":2,"column":39}},{"start":{"line":2,"column":44},"end":{"line":10,"column":1}}],"line":2},"1":{"loc":{"start":{"line":3,"column":35},"end":{"line":3,"column":109}},"type":"cond-expr","locations":[{"start":{"line":3,"column":56},"end":{"line":3,"column":61}},{"start":{"line":3,"column":64},"end":{"line":3,"column":109}}],"line":3},"2":{"loc":{"start":{"line":4,"column":16},"end":{"line":4,"column":34}},"type":"binary-expr","locations":[{"start":{"line":4,"column":16},"end":{"line":4,"column":17}},{"start":{"line":4,"column":22},"end":{"line":4,"column":33}}],"line":4},"3":{"loc":{"start":{"line":7,"column":32},"end":{"line":7,"column":115}},"type":"cond-expr","locations":[{"start":{"line":7,"column":46},"end":{"line":7,"column":67}},{"start":{"line":7,"column":70},"end":{"line":7,"column":115}}],"line":7},"4":{"loc":{"start":{"line":8,"column":51},"end":{"line":8,"column":67}},"type":"binary-expr","locations":[{"start":{"line":8,"column":51},"end":{"line":8,"column":61}},{"start":{"line":8,"column":65},"end":{"line":8,"column":67}}],"line":8},"5":{"loc":{"start":{"line":27,"column":16},"end":{"line":29,"column":17}},"type":"if","locations":[{"start":{"line":27,"column":16},"end":{"line":29,"column":17}},{"start":{},"end":{}}],"line":27},"6":{"loc":{"start":{"line":27,"column":20},"end":{"line":27,"column":52}},"type":"binary-expr","locations":[{"start":{"line":27,"column":20},"end":{"line":27,"column":29}},{"start":{"line":27,"column":33},"end":{"line":27,"column":42}},{"start":{"line":27,"column":46},"end":{"line":27,"column":52}}],"line":27},"7":{"loc":{"start":{"line":42,"column":16},"end":{"line":44,"column":17}},"type":"if","locations":[{"start":{"line":42,"column":16},"end":{"line":44,"column":17}},{"start":{},"end":{}}],"line":42},"8":{"loc":{"start":{"line":42,"column":20},"end":{"line":42,"column":42}},"type":"binary-expr","locations":[{"start":{"line":42,"column":20},"end":{"line":42,"column":29}},{"start":{"line":42,"column":33},"end":{"line":42,"column":42}}],"line":42},"9":{"loc":{"start":{"line":56,"column":26},"end":{"line":56,"column":66}},"type":"binary-expr","locations":[{"start":{"line":56,"column":26},"end":{"line":56,"column":37}},{"start":{"line":56,"column":41},"end":{"line":56,"column":66}}],"line":56},"10":{"loc":{"start":{"line":57,"column":12},"end":{"line":68,"column":13}},"type":"if","locations":[{"start":{"line":57,"column":12},"end":{"line":68,"column":13}},{"start":{"line":60,"column":17},"end":{"line":68,"column":13}}],"line":57},"11":{"loc":{"start":{"line":75,"column":26},"end":{"line":75,"column":66}},"type":"binary-expr","locations":[{"start":{"line":75,"column":26},"end":{"line":75,"column":37}},{"start":{"line":75,"column":41},"end":{"line":75,"column":66}}],"line":75},"12":{"loc":{"start":{"line":76,"column":12},"end":{"line":87,"column":13}},"type":"if","locations":[{"start":{"line":76,"column":12},"end":{"line":87,"column":13}},{"start":{"line":79,"column":17},"end":{"line":87,"column":13}}],"line":76},"13":{"loc":{"start":{"line":95,"column":16},"end":{"line":97,"column":17}},"type":"if","locations":[{"start":{"line":95,"column":16},"end":{"line":97,"column":17}},{"start":{},"end":{}}],"line":95}},"s":{"0":5,"1":37,"2":0,"3":42,"4":34,"5":34,"6":0,"7":3,"8":3,"9":0,"10":79,"11":42,"12":5,"13":5,"14":5,"15":5,"16":5,"17":5,"18":5,"19":5,"20":5,"21":5,"22":5,"23":5,"24":1,"25":4,"26":4,"27":1,"28":31,"29":31,"30":31,"31":31,"32":2,"33":29,"34":28,"35":3,"36":3,"37":3,"38":3,"39":3,"40":1,"41":2,"42":2,"43":1,"44":1,"45":3,"46":3,"47":3,"48":3,"49":1,"50":2,"51":2,"52":1,"53":1,"54":0,"55":0,"56":0,"57":0,"58":0,"59":0,"60":0,"61":0,"62":0,"63":0,"64":5,"65":5},"f":{"0":42,"1":37,"2":0,"3":42,"4":34,"5":3,"6":79,"7":5,"8":5,"9":5,"10":31,"11":31,"12":3,"13":3,"14":3,"15":3,"16":0,"17":0},"b":{"0":[5,5,5],"1":[37,0],"2":[42,42],"3":[42,37],"4":[42,42],"5":[1,4],"6":[5,4,4],"7":[2,29],"8":[31,30],"9":[3,2],"10":[1,2],"11":[3,2],"12":[1,2],"13":[0,0]},"inputSourceMap":null,"_coverageSchema":"1a1c01bbd47fc00a2c39e90264f33305004495a9","hash":"af51e82bdf421f7c2ae352b07b6cd3105acb4873"}
,"C:\\Users\\Daniel\\colmanfullstack\\backend\\dist\\controllers\\base.controller.js": {"path":"C:\\Users\\Daniel\\colmanfullstack\\backend\\dist\\controllers\\base.controller.js","statementMap":{"0":{"start":{"line":2,"column":16},"end":{"line":10,"column":1}},"1":{"start":{"line":3,"column":28},"end":{"line":3,"column":110}},"2":{"start":{"line":3,"column":91},"end":{"line":3,"column":106}},"3":{"start":{"line":4,"column":4},"end":{"line":9,"column":7}},"4":{"start":{"line":5,"column":36},"end":{"line":5,"column":97}},"5":{"start":{"line":5,"column":42},"end":{"line":5,"column":70}},"6":{"start":{"line":5,"column":85},"end":{"line":5,"column":95}},"7":{"start":{"line":6,"column":35},"end":{"line":6,"column":100}},"8":{"start":{"line":6,"column":41},"end":{"line":6,"column":73}},"9":{"start":{"line":6,"column":88},"end":{"line":6,"column":98}},"10":{"start":{"line":7,"column":32},"end":{"line":7,"column":116}},"11":{"start":{"line":8,"column":8},"end":{"line":8,"column":78}},"12":{"start":{"line":11,"column":0},"end":{"line":11,"column":62}},"13":{"start":{"line":12,"column":0},"end":{"line":12,"column":32}},"14":{"start":{"line":13,"column":20},"end":{"line":13,"column":49}},"15":{"start":{"line":16,"column":8},"end":{"line":16,"column":31}},"16":{"start":{"line":17,"column":8},"end":{"line":17,"column":47}},"17":{"start":{"line":20,"column":8},"end":{"line":29,"column":11}},"18":{"start":{"line":21,"column":12},"end":{"line":28,"column":13}},"19":{"start":{"line":22,"column":31},"end":{"line":22,"column":74}},"20":{"start":{"line":23,"column":32},"end":{"line":23,"column":104}},"21":{"start":{"line":24,"column":16},"end":{"line":24,"column":34}},"22":{"start":{"line":27,"column":16},"end":{"line":27,"column":65}},"23":{"start":{"line":33,"column":8},"end":{"line":45,"column":11}},"24":{"start":{"line":35,"column":12},"end":{"line":44,"column":13}},"25":{"start":{"line":36,"column":16},"end":{"line":37,"column":54}},"26":{"start":{"line":37,"column":20},"end":{"line":37,"column":54}},"27":{"start":{"line":38,"column":27},"end":{"line":38,"column":129}},"28":{"start":{"line":39,"column":31},"end":{"line":39,"column":61}},"29":{"start":{"line":40,"column":16},"end":{"line":40,"column":33}},"30":{"start":{"line":43,"column":16},"end":{"line":43,"column":65}},"31":{"start":{"line":49,"column":8},"end":{"line":64,"column":11}},"32":{"start":{"line":51,"column":12},"end":{"line":63,"column":13}},"33":{"start":{"line":52,"column":16},"end":{"line":53,"column":54}},"34":{"start":{"line":53,"column":20},"end":{"line":53,"column":54}},"35":{"start":{"line":54,"column":27},"end":{"line":54,"column":129}},"36":{"start":{"line":55,"column":31},"end":{"line":55,"column":74}},"37":{"start":{"line":56,"column":16},"end":{"line":57,"column":73}},"38":{"start":{"line":57,"column":20},"end":{"line":57,"column":73}},"39":{"start":{"line":58,"column":34},"end":{"line":58,"column":67}},"40":{"start":{"line":59,"column":16},"end":{"line":59,"column":36}},"41":{"start":{"line":62,"column":16},"end":{"line":62,"column":65}},"42":{"start":{"line":68,"column":8},"end":{"line":80,"column":11}},"43":{"start":{"line":69,"column":12},"end":{"line":79,"column":13}},"44":{"start":{"line":70,"column":31},"end":{"line":70,"column":39}},"45":{"start":{"line":71,"column":31},"end":{"line":71,"column":74}},"46":{"start":{"line":72,"column":16},"end":{"line":73,"column":71}},"47":{"start":{"line":73,"column":20},"end":{"line":73,"column":71}},"48":{"start":{"line":74,"column":32},"end":{"line":74,"column":71}},"49":{"start":{"line":75,"column":16},"end":{"line":75,"column":34}},"50":{"start":{"line":78,"column":16},"end":{"line":78,"column":65}},"51":{"start":{"line":84,"column":0},"end":{"line":84,"column":40}}},"fnMap":{"0":{"name":"(anonymous_0)","decl":{"start":{"line":2,"column":44},"end":{"line":2,"column":45}},"loc":{"start":{"line":2,"column":89},"end":{"line":10,"column":1}},"line":2},"1":{"name":"adopt","decl":{"start":{"line":3,"column":13},"end":{"line":3,"column":18}},"loc":{"start":{"line":3,"column":26},"end":{"line":3,"column":112}},"line":3},"2":{"name":"(anonymous_2)","decl":{"start":{"line":3,"column":70},"end":{"line":3,"column":71}},"loc":{"start":{"line":3,"column":89},"end":{"line":3,"column":108}},"line":3},"3":{"name":"(anonymous_3)","decl":{"start":{"line":4,"column":36},"end":{"line":4,"column":37}},"loc":{"start":{"line":4,"column":63},"end":{"line":9,"column":5}},"line":4},"4":{"name":"fulfilled","decl":{"start":{"line":5,"column":17},"end":{"line":5,"column":26}},"loc":{"start":{"line":5,"column":34},"end":{"line":5,"column":99}},"line":5},"5":{"name":"rejected","decl":{"start":{"line":6,"column":17},"end":{"line":6,"column":25}},"loc":{"start":{"line":6,"column":33},"end":{"line":6,"column":102}},"line":6},"6":{"name":"step","decl":{"start":{"line":7,"column":17},"end":{"line":7,"column":21}},"loc":{"start":{"line":7,"column":30},"end":{"line":7,"column":118}},"line":7},"7":{"name":"(anonymous_7)","decl":{"start":{"line":15,"column":4},"end":{"line":15,"column":5}},"loc":{"start":{"line":15,"column":53},"end":{"line":18,"column":5}},"line":15},"8":{"name":"(anonymous_8)","decl":{"start":{"line":19,"column":4},"end":{"line":19,"column":5}},"loc":{"start":{"line":19,"column":21},"end":{"line":30,"column":5}},"line":19},"9":{"name":"(anonymous_9)","decl":{"start":{"line":20,"column":47},"end":{"line":20,"column":48}},"loc":{"start":{"line":20,"column":60},"end":{"line":29,"column":9}},"line":20},"10":{"name":"(anonymous_10)","decl":{"start":{"line":32,"column":4},"end":{"line":32,"column":5}},"loc":{"start":{"line":32,"column":22},"end":{"line":46,"column":5}},"line":32},"11":{"name":"(anonymous_11)","decl":{"start":{"line":33,"column":47},"end":{"line":33,"column":48}},"loc":{"start":{"line":33,"column":60},"end":{"line":45,"column":9}},"line":33},"12":{"name":"(anonymous_12)","decl":{"start":{"line":48,"column":4},"end":{"line":48,"column":5}},"loc":{"start":{"line":48,"column":25},"end":{"line":65,"column":5}},"line":48},"13":{"name":"(anonymous_13)","decl":{"start":{"line":49,"column":47},"end":{"line":49,"column":48}},"loc":{"start":{"line":49,"column":60},"end":{"line":64,"column":9}},"line":49},"14":{"name":"(anonymous_14)","decl":{"start":{"line":67,"column":4},"end":{"line":67,"column":5}},"loc":{"start":{"line":67,"column":21},"end":{"line":81,"column":5}},"line":67},"15":{"name":"(anonymous_15)","decl":{"start":{"line":68,"column":47},"end":{"line":68,"column":48}},"loc":{"start":{"line":68,"column":60},"end":{"line":80,"column":9}},"line":68}},"branchMap":{"0":{"loc":{"start":{"line":2,"column":16},"end":{"line":10,"column":1}},"type":"binary-expr","locations":[{"start":{"line":2,"column":17},"end":{"line":2,"column":21}},{"start":{"line":2,"column":25},"end":{"line":2,"column":39}},{"start":{"line":2,"column":44},"end":{"line":10,"column":1}}],"line":2},"1":{"loc":{"start":{"line":3,"column":35},"end":{"line":3,"column":109}},"type":"cond-expr","locations":[{"start":{"line":3,"column":56},"end":{"line":3,"column":61}},{"start":{"line":3,"column":64},"end":{"line":3,"column":109}}],"line":3},"2":{"loc":{"start":{"line":4,"column":16},"end":{"line":4,"column":34}},"type":"binary-expr","locations":[{"start":{"line":4,"column":16},"end":{"line":4,"column":17}},{"start":{"line":4,"column":22},"end":{"line":4,"column":33}}],"line":4},"3":{"loc":{"start":{"line":7,"column":32},"end":{"line":7,"column":115}},"type":"cond-expr","locations":[{"start":{"line":7,"column":46},"end":{"line":7,"column":67}},{"start":{"line":7,"column":70},"end":{"line":7,"column":115}}],"line":7},"4":{"loc":{"start":{"line":8,"column":51},"end":{"line":8,"column":67}},"type":"binary-expr","locations":[{"start":{"line":8,"column":51},"end":{"line":8,"column":61}},{"start":{"line":8,"column":65},"end":{"line":8,"column":67}}],"line":8},"5":{"loc":{"start":{"line":15,"column":25},"end":{"line":15,"column":51}},"type":"default-arg","locations":[{"start":{"line":15,"column":43},"end":{"line":15,"column":51}}],"line":15},"6":{"loc":{"start":{"line":36,"column":16},"end":{"line":37,"column":54}},"type":"if","locations":[{"start":{"line":36,"column":16},"end":{"line":37,"column":54}},{"start":{},"end":{}}],"line":36},"7":{"loc":{"start":{"line":36,"column":22},"end":{"line":36,"column":124}},"type":"cond-expr","locations":[{"start":{"line":36,"column":110},"end":{"line":36,"column":116}},{"start":{"line":36,"column":119},"end":{"line":36,"column":124}}],"line":36},"8":{"loc":{"start":{"line":36,"column":22},"end":{"line":36,"column":107}},"type":"binary-expr","locations":[{"start":{"line":36,"column":22},"end":{"line":36,"column":90}},{"start":{"line":36,"column":94},"end":{"line":36,"column":107}}],"line":36},"9":{"loc":{"start":{"line":36,"column":28},"end":{"line":36,"column":80}},"type":"cond-expr","locations":[{"start":{"line":36,"column":61},"end":{"line":36,"column":67}},{"start":{"line":36,"column":70},"end":{"line":36,"column":80}}],"line":36},"10":{"loc":{"start":{"line":36,"column":28},"end":{"line":36,"column":58}},"type":"binary-expr","locations":[{"start":{"line":36,"column":28},"end":{"line":36,"column":40}},{"start":{"line":36,"column":44},"end":{"line":36,"column":58}}],"line":36},"11":{"loc":{"start":{"line":38,"column":27},"end":{"line":38,"column":129}},"type":"cond-expr","locations":[{"start":{"line":38,"column":115},"end":{"line":38,"column":121}},{"start":{"line":38,"column":124},"end":{"line":38,"column":129}}],"line":38},"12":{"loc":{"start":{"line":38,"column":27},"end":{"line":38,"column":112}},"type":"binary-expr","locations":[{"start":{"line":38,"column":27},"end":{"line":38,"column":95}},{"start":{"line":38,"column":99},"end":{"line":38,"column":112}}],"line":38},"13":{"loc":{"start":{"line":38,"column":33},"end":{"line":38,"column":85}},"type":"cond-expr","locations":[{"start":{"line":38,"column":66},"end":{"line":38,"column":72}},{"start":{"line":38,"column":75},"end":{"line":38,"column":85}}],"line":38},"14":{"loc":{"start":{"line":38,"column":33},"end":{"line":38,"column":63}},"type":"binary-expr","locations":[{"start":{"line":38,"column":33},"end":{"line":38,"column":45}},{"start":{"line":38,"column":49},"end":{"line":38,"column":63}}],"line":38},"15":{"loc":{"start":{"line":52,"column":16},"end":{"line":53,"column":54}},"type":"if","locations":[{"start":{"line":52,"column":16},"end":{"line":53,"column":54}},{"start":{},"end":{}}],"line":52},"16":{"loc":{"start":{"line":52,"column":22},"end":{"line":52,"column":124}},"type":"cond-expr","locations":[{"start":{"line":52,"column":110},"end":{"line":52,"column":116}},{"start":{"line":52,"column":119},"end":{"line":52,"column":124}}],"line":52},"17":{"loc":{"start":{"line":52,"column":22},"end":{"line":52,"column":107}},"type":"binary-expr","locations":[{"start":{"line":52,"column":22},"end":{"line":52,"column":90}},{"start":{"line":52,"column":94},"end":{"line":52,"column":107}}],"line":52},"18":{"loc":{"start":{"line":52,"column":28},"end":{"line":52,"column":80}},"type":"cond-expr","locations":[{"start":{"line":52,"column":61},"end":{"line":52,"column":67}},{"start":{"line":52,"column":70},"end":{"line":52,"column":80}}],"line":52},"19":{"loc":{"start":{"line":52,"column":28},"end":{"line":52,"column":58}},"type":"binary-expr","locations":[{"start":{"line":52,"column":28},"end":{"line":52,"column":40}},{"start":{"line":52,"column":44},"end":{"line":52,"column":58}}],"line":52},"20":{"loc":{"start":{"line":54,"column":27},"end":{"line":54,"column":129}},"type":"cond-expr","locations":[{"start":{"line":54,"column":115},"end":{"line":54,"column":121}},{"start":{"line":54,"column":124},"end":{"line":54,"column":129}}],"line":54},"21":{"loc":{"start":{"line":54,"column":27},"end":{"line":54,"column":112}},"type":"binary-expr","locations":[{"start":{"line":54,"column":27},"end":{"line":54,"column":95}},{"start":{"line":54,"column":99},"end":{"line":54,"column":112}}],"line":54},"22":{"loc":{"start":{"line":54,"column":33},"end":{"line":54,"column":85}},"type":"cond-expr","locations":[{"start":{"line":54,"column":66},"end":{"line":54,"column":72}},{"start":{"line":54,"column":75},"end":{"line":54,"column":85}}],"line":54},"23":{"loc":{"start":{"line":54,"column":33},"end":{"line":54,"column":63}},"type":"binary-expr","locations":[{"start":{"line":54,"column":33},"end":{"line":54,"column":45}},{"start":{"line":54,"column":49},"end":{"line":54,"column":63}}],"line":54},"24":{"loc":{"start":{"line":56,"column":16},"end":{"line":57,"column":73}},"type":"if","locations":[{"start":{"line":56,"column":16},"end":{"line":57,"column":73}},{"start":{},"end":{}}],"line":56},"25":{"loc":{"start":{"line":72,"column":16},"end":{"line":73,"column":71}},"type":"if","locations":[{"start":{"line":72,"column":16},"end":{"line":73,"column":71}},{"start":{},"end":{}}],"line":72}},"s":{"0":5,"1":13,"2":0,"3":9,"4":10,"5":10,"6":0,"7":3,"8":3,"9":0,"10":22,"11":9,"12":5,"13":5,"14":5,"15":20,"16":20,"17":2,"18":2,"19":2,"20":2,"21":1,"22":1,"23":2,"24":2,"25":2,"26":0,"27":2,"28":2,"29":1,"30":1,"31":4,"32":4,"33":4,"34":0,"35":4,"36":4,"37":4,"38":0,"39":3,"40":3,"41":1,"42":1,"43":1,"44":1,"45":1,"46":1,"47":0,"48":1,"49":1,"50":0,"51":5},"f":{"0":9,"1":13,"2":0,"3":9,"4":10,"5":3,"6":22,"7":20,"8":2,"9":2,"10":2,"11":2,"12":4,"13":4,"14":1,"15":1},"b":{"0":[5,5,5],"1":[13,0],"2":[9,9],"3":[9,13],"4":[9,9],"5":[15],"6":[0,2],"7":[0,2],"8":[2,2],"9":[0,2],"10":[2,2],"11":[0,2],"12":[2,2],"13":[0,2],"14":[2,2],"15":[0,4],"16":[0,4],"17":[4,4],"18":[0,4],"19":[4,4],"20":[0,4],"21":[4,4],"22":[0,4],"23":[4,4],"24":[0,3],"25":[0,1]},"inputSourceMap":null,"_coverageSchema":"1a1c01bbd47fc00a2c39e90264f33305004495a9","hash":"090947d60c7de4545339665fc233c28cf6efdc34"}
,"C:\\Users\\Daniel\\colmanfullstack\\backend\\dist\\controllers\\comment.controller.js": {"path":"C:\\Users\\Daniel\\colmanfullstack\\backend\\dist\\controllers\\comment.controller.js","statementMap":{"0":{"start":{"line":2,"column":16},"end":{"line":10,"column":1}},"1":{"start":{"line":3,"column":28},"end":{"line":3,"column":110}},"2":{"start":{"line":3,"column":91},"end":{"line":3,"column":106}},"3":{"start":{"line":4,"column":4},"end":{"line":9,"column":7}},"4":{"start":{"line":5,"column":36},"end":{"line":5,"column":97}},"5":{"start":{"line":5,"column":42},"end":{"line":5,"column":70}},"6":{"start":{"line":5,"column":85},"end":{"line":5,"column":95}},"7":{"start":{"line":6,"column":35},"end":{"line":6,"column":100}},"8":{"start":{"line":6,"column":41},"end":{"line":6,"column":73}},"9":{"start":{"line":6,"column":88},"end":{"line":6,"column":98}},"10":{"start":{"line":7,"column":32},"end":{"line":7,"column":116}},"11":{"start":{"line":8,"column":8},"end":{"line":8,"column":78}},"12":{"start":{"line":11,"column":0},"end":{"line":11,"column":62}},"13":{"start":{"line":12,"column":0},"end":{"line":12,"column":63}},"14":{"start":{"line":13,"column":26},"end":{"line":13,"column":64}},"15":{"start":{"line":14,"column":26},"end":{"line":14,"column":54}},"16":{"start":{"line":17,"column":8},"end":{"line":17,"column":54}},"17":{"start":{"line":20,"column":8},"end":{"line":32,"column":11}},"18":{"start":{"line":22,"column":12},"end":{"line":31,"column":13}},"19":{"start":{"line":23,"column":16},"end":{"line":24,"column":54}},"20":{"start":{"line":24,"column":20},"end":{"line":24,"column":54}},"21":{"start":{"line":25,"column":31},"end":{"line":25,"column":137}},"22":{"start":{"line":26,"column":32},"end":{"line":26,"column":78}},"23":{"start":{"line":27,"column":16},"end":{"line":27,"column":34}},"24":{"start":{"line":30,"column":16},"end":{"line":30,"column":65}},"25":{"start":{"line":35,"column":0},"end":{"line":35,"column":46}},"26":{"start":{"line":36,"column":0},"end":{"line":36,"column":52}}},"fnMap":{"0":{"name":"(anonymous_0)","decl":{"start":{"line":2,"column":44},"end":{"line":2,"column":45}},"loc":{"start":{"line":2,"column":89},"end":{"line":10,"column":1}},"line":2},"1":{"name":"adopt","decl":{"start":{"line":3,"column":13},"end":{"line":3,"column":18}},"loc":{"start":{"line":3,"column":26},"end":{"line":3,"column":112}},"line":3},"2":{"name":"(anonymous_2)","decl":{"start":{"line":3,"column":70},"end":{"line":3,"column":71}},"loc":{"start":{"line":3,"column":89},"end":{"line":3,"column":108}},"line":3},"3":{"name":"(anonymous_3)","decl":{"start":{"line":4,"column":36},"end":{"line":4,"column":37}},"loc":{"start":{"line":4,"column":63},"end":{"line":9,"column":5}},"line":4},"4":{"name":"fulfilled","decl":{"start":{"line":5,"column":17},"end":{"line":5,"column":26}},"loc":{"start":{"line":5,"column":34},"end":{"line":5,"column":99}},"line":5},"5":{"name":"rejected","decl":{"start":{"line":6,"column":17},"end":{"line":6,"column":25}},"loc":{"start":{"line":6,"column":33},"end":{"line":6,"column":102}},"line":6},"6":{"name":"step","decl":{"start":{"line":7,"column":17},"end":{"line":7,"column":21}},"loc":{"start":{"line":7,"column":30},"end":{"line":7,"column":118}},"line":7},"7":{"name":"(anonymous_7)","decl":{"start":{"line":16,"column":4},"end":{"line":16,"column":5}},"loc":{"start":{"line":16,"column":18},"end":{"line":18,"column":5}},"line":16},"8":{"name":"(anonymous_8)","decl":{"start":{"line":19,"column":4},"end":{"line":19,"column":5}},"loc":{"start":{"line":19,"column":31},"end":{"line":33,"column":5}},"line":19},"9":{"name":"(anonymous_9)","decl":{"start":{"line":20,"column":47},"end":{"line":20,"column":48}},"loc":{"start":{"line":20,"column":60},"end":{"line":32,"column":9}},"line":20}},"branchMap":{"0":{"loc":{"start":{"line":2,"column":16},"end":{"line":10,"column":1}},"type":"binary-expr","locations":[{"start":{"line":2,"column":17},"end":{"line":2,"column":21}},{"start":{"line":2,"column":25},"end":{"line":2,"column":39}},{"start":{"line":2,"column":44},"end":{"line":10,"column":1}}],"line":2},"1":{"loc":{"start":{"line":3,"column":35},"end":{"line":3,"column":109}},"type":"cond-expr","locations":[{"start":{"line":3,"column":56},"end":{"line":3,"column":61}},{"start":{"line":3,"column":64},"end":{"line":3,"column":109}}],"line":3},"2":{"loc":{"start":{"line":4,"column":16},"end":{"line":4,"column":34}},"type":"binary-expr","locations":[{"start":{"line":4,"column":16},"end":{"line":4,"column":17}},{"start":{"line":4,"column":22},"end":{"line":4,"column":33}}],"line":4},"3":{"loc":{"start":{"line":7,"column":32},"end":{"line":7,"column":115}},"type":"cond-expr","locations":[{"start":{"line":7,"column":46},"end":{"line":7,"column":67}},{"start":{"line":7,"column":70},"end":{"line":7,"column":115}}],"line":7},"4":{"loc":{"start":{"line":8,"column":51},"end":{"line":8,"column":67}},"type":"binary-expr","locations":[{"start":{"line":8,"column":51},"end":{"line":8,"column":61}},{"start":{"line":8,"column":65},"end":{"line":8,"column":67}}],"line":8},"5":{"loc":{"start":{"line":23,"column":16},"end":{"line":24,"column":54}},"type":"if","locations":[{"start":{"line":23,"column":16},"end":{"line":24,"column":54}},{"start":{},"end":{}}],"line":23},"6":{"loc":{"start":{"line":23,"column":22},"end":{"line":23,"column":128}},"type":"cond-expr","locations":[{"start":{"line":23,"column":110},"end":{"line":23,"column":116}},{"start":{"line":23,"column":119},"end":{"line":23,"column":128}}],"line":23},"7":{"loc":{"start":{"line":23,"column":22},"end":{"line":23,"column":107}},"type":"binary-expr","locations":[{"start":{"line":23,"column":22},"end":{"line":23,"column":90}},{"start":{"line":23,"column":94},"end":{"line":23,"column":107}}],"line":23},"8":{"loc":{"start":{"line":23,"column":28},"end":{"line":23,"column":80}},"type":"cond-expr","locations":[{"start":{"line":23,"column":61},"end":{"line":23,"column":67}},{"start":{"line":23,"column":70},"end":{"line":23,"column":80}}],"line":23},"9":{"loc":{"start":{"line":23,"column":28},"end":{"line":23,"column":58}},"type":"binary-expr","locations":[{"start":{"line":23,"column":28},"end":{"line":23,"column":40}},{"start":{"line":23,"column":44},"end":{"line":23,"column":58}}],"line":23},"10":{"loc":{"start":{"line":25,"column":31},"end":{"line":25,"column":137}},"type":"cond-expr","locations":[{"start":{"line":25,"column":119},"end":{"line":25,"column":125}},{"start":{"line":25,"column":128},"end":{"line":25,"column":137}}],"line":25},"11":{"loc":{"start":{"line":25,"column":31},"end":{"line":25,"column":116}},"type":"binary-expr","locations":[{"start":{"line":25,"column":31},"end":{"line":25,"column":99}},{"start":{"line":25,"column":103},"end":{"line":25,"column":116}}],"line":25},"12":{"loc":{"start":{"line":25,"column":37},"end":{"line":25,"column":89}},"type":"cond-expr","locations":[{"start":{"line":25,"column":70},"end":{"line":25,"column":76}},{"start":{"line":25,"column":79},"end":{"line":25,"column":89}}],"line":25},"13":{"loc":{"start":{"line":25,"column":37},"end":{"line":25,"column":67}},"type":"binary-expr","locations":[{"start":{"line":25,"column":37},"end":{"line":25,"column":49}},{"start":{"line":25,"column":53},"end":{"line":25,"column":67}}],"line":25}},"s":{"0":5,"1":2,"2":0,"3":2,"4":2,"5":2,"6":0,"7":0,"8":0,"9":0,"10":4,"11":2,"12":5,"13":5,"14":5,"15":5,"16":5,"17":2,"18":2,"19":2,"20":0,"21":2,"22":2,"23":2,"24":0,"25":5,"26":5},"f":{"0":2,"1":2,"2":0,"3":2,"4":2,"5":0,"6":4,"7":5,"8":2,"9":2},"b":{"0":[5,5,5],"1":[2,0],"2":[2,2],"3":[2,2],"4":[2,2],"5":[0,2],"6":[0,2],"7":[2,2],"8":[0,2],"9":[2,2],"10":[0,2],"11":[2,2],"12":[0,2],"13":[2,2]},"inputSourceMap":null,"_coverageSchema":"1a1c01bbd47fc00a2c39e90264f33305004495a9","hash":"014053d3e2d85844d8b26628fea96926c161569f"}
,"C:\\Users\\Daniel\\colmanfullstack\\backend\\dist\\controllers\\post.controller.js": {"path":"C:\\Users\\Daniel\\colmanfullstack\\backend\\dist\\controllers\\post.controller.js","statementMap":{"0":{"start":{"line":2,"column":16},"end":{"line":10,"column":1}},"1":{"start":{"line":3,"column":28},"end":{"line":3,"column":110}},"2":{"start":{"line":3,"column":91},"end":{"line":3,"column":106}},"3":{"start":{"line":4,"column":4},"end":{"line":9,"column":7}},"4":{"start":{"line":5,"column":36},"end":{"line":5,"column":97}},"5":{"start":{"line":5,"column":42},"end":{"line":5,"column":70}},"6":{"start":{"line":5,"column":85},"end":{"line":5,"column":95}},"7":{"start":{"line":6,"column":35},"end":{"line":6,"column":100}},"8":{"start":{"line":6,"column":41},"end":{"line":6,"column":73}},"9":{"start":{"line":6,"column":88},"end":{"line":6,"column":98}},"10":{"start":{"line":7,"column":32},"end":{"line":7,"column":116}},"11":{"start":{"line":8,"column":8},"end":{"line":8,"column":78}},"12":{"start":{"line":11,"column":0},"end":{"line":11,"column":62}},"13":{"start":{"line":12,"column":0},"end":{"line":12,"column":57}},"14":{"start":{"line":13,"column":23},"end":{"line":13,"column":58}},"15":{"start":{"line":14,"column":20},"end":{"line":14,"column":49}},"16":{"start":{"line":15,"column":26},"end":{"line":15,"column":54}},"17":{"start":{"line":18,"column":8},"end":{"line":18,"column":48}},"18":{"start":{"line":21,"column":8},"end":{"line":23,"column":11}},"19":{"start":{"line":22,"column":12},"end":{"line":22,"column":48}},"20":{"start":{"line":26,"column":8},"end":{"line":28,"column":11}},"21":{"start":{"line":27,"column":12},"end":{"line":27,"column":49}},"22":{"start":{"line":31,"column":8},"end":{"line":39,"column":11}},"23":{"start":{"line":32,"column":12},"end":{"line":38,"column":13}},"24":{"start":{"line":33,"column":31},"end":{"line":33,"column":75}},"25":{"start":{"line":34,"column":16},"end":{"line":34,"column":33}},"26":{"start":{"line":37,"column":16},"end":{"line":37,"column":65}},"27":{"start":{"line":42,"column":8},"end":{"line":58,"column":11}},"28":{"start":{"line":44,"column":12},"end":{"line":57,"column":13}},"29":{"start":{"line":45,"column":16},"end":{"line":53,"column":17}},"30":{"start":{"line":46,"column":35},"end":{"line":46,"column":52}},"31":{"start":{"line":47,"column":35},"end":{"line":47,"column":78}},"32":{"start":{"line":48,"column":45},"end":{"line":48,"column":103}},"33":{"start":{"line":49,"column":20},"end":{"line":49,"column":47}},"34":{"start":{"line":52,"column":20},"end":{"line":52,"column":59}},"35":{"start":{"line":56,"column":16},"end":{"line":56,"column":65}},"36":{"start":{"line":61,"column":8},"end":{"line":69,"column":11}},"37":{"start":{"line":62,"column":12},"end":{"line":68,"column":13}},"38":{"start":{"line":63,"column":30},"end":{"line":63,"column":62}},"39":{"start":{"line":64,"column":16},"end":{"line":64,"column":32}},"40":{"start":{"line":67,"column":16},"end":{"line":67,"column":65}},"41":{"start":{"line":72,"column":8},"end":{"line":88,"column":11}},"42":{"start":{"line":73,"column":12},"end":{"line":87,"column":13}},"43":{"start":{"line":74,"column":75},"end":{"line":74,"column":83}},"44":{"start":{"line":75,"column":31},"end":{"line":75,"column":74}},"45":{"start":{"line":76,"column":16},"end":{"line":77,"column":71}},"46":{"start":{"line":77,"column":20},"end":{"line":77,"column":71}},"47":{"start":{"line":78,"column":37},"end":{"line":78,"column":45}},"48":{"start":{"line":79,"column":16},"end":{"line":80,"column":70}},"49":{"start":{"line":80,"column":20},"end":{"line":80,"column":70}},"50":{"start":{"line":81,"column":35},"end":{"line":81,"column":379}},"51":{"start":{"line":82,"column":32},"end":{"line":82,"column":73}},"52":{"start":{"line":83,"column":16},"end":{"line":83,"column":34}},"53":{"start":{"line":86,"column":16},"end":{"line":86,"column":65}},"54":{"start":{"line":91,"column":8},"end":{"line":105,"column":11}},"55":{"start":{"line":92,"column":12},"end":{"line":104,"column":13}},"56":{"start":{"line":93,"column":65},"end":{"line":93,"column":73}},"57":{"start":{"line":94,"column":31},"end":{"line":94,"column":74}},"58":{"start":{"line":95,"column":29},"end":{"line":95,"column":37}},"59":{"start":{"line":96,"column":16},"end":{"line":97,"column":70}},"60":{"start":{"line":97,"column":20},"end":{"line":97,"column":70}},"61":{"start":{"line":98,"column":32},"end":{"line":98,"column":298}},"62":{"start":{"line":99,"column":32},"end":{"line":99,"column":84}},"63":{"start":{"line":100,"column":16},"end":{"line":100,"column":34}},"64":{"start":{"line":103,"column":16},"end":{"line":103,"column":65}},"65":{"start":{"line":109,"column":0},"end":{"line":109,"column":40}},"66":{"start":{"line":110,"column":0},"end":{"line":110,"column":46}}},"fnMap":{"0":{"name":"(anonymous_0)","decl":{"start":{"line":2,"column":44},"end":{"line":2,"column":45}},"loc":{"start":{"line":2,"column":89},"end":{"line":10,"column":1}},"line":2},"1":{"name":"adopt","decl":{"start":{"line":3,"column":13},"end":{"line":3,"column":18}},"loc":{"start":{"line":3,"column":26},"end":{"line":3,"column":112}},"line":3},"2":{"name":"(anonymous_2)","decl":{"start":{"line":3,"column":70},"end":{"line":3,"column":71}},"loc":{"start":{"line":3,"column":89},"end":{"line":3,"column":108}},"line":3},"3":{"name":"(anonymous_3)","decl":{"start":{"line":4,"column":36},"end":{"line":4,"column":37}},"loc":{"start":{"line":4,"column":63},"end":{"line":9,"column":5}},"line":4},"4":{"name":"fulfilled","decl":{"start":{"line":5,"column":17},"end":{"line":5,"column":26}},"loc":{"start":{"line":5,"column":34},"end":{"line":5,"column":99}},"line":5},"5":{"name":"rejected","decl":{"start":{"line":6,"column":17},"end":{"line":6,"column":25}},"loc":{"start":{"line":6,"column":33},"end":{"line":6,"column":102}},"line":6},"6":{"name":"step","decl":{"start":{"line":7,"column":17},"end":{"line":7,"column":21}},"loc":{"start":{"line":7,"column":30},"end":{"line":7,"column":118}},"line":7},"7":{"name":"(anonymous_7)","decl":{"start":{"line":17,"column":4},"end":{"line":17,"column":5}},"loc":{"start":{"line":17,"column":18},"end":{"line":19,"column":5}},"line":17},"8":{"name":"(anonymous_8)","decl":{"start":{"line":20,"column":4},"end":{"line":20,"column":5}},"loc":{"start":{"line":20,"column":19},"end":{"line":24,"column":5}},"line":20},"9":{"name":"(anonymous_9)","decl":{"start":{"line":21,"column":47},"end":{"line":21,"column":48}},"loc":{"start":{"line":21,"column":60},"end":{"line":23,"column":9}},"line":21},"10":{"name":"(anonymous_10)","decl":{"start":{"line":25,"column":4},"end":{"line":25,"column":5}},"loc":{"start":{"line":25,"column":21},"end":{"line":29,"column":5}},"line":25},"11":{"name":"(anonymous_11)","decl":{"start":{"line":26,"column":47},"end":{"line":26,"column":48}},"loc":{"start":{"line":26,"column":60},"end":{"line":28,"column":9}},"line":26},"12":{"name":"(anonymous_12)","decl":{"start":{"line":30,"column":4},"end":{"line":30,"column":5}},"loc":{"start":{"line":30,"column":38},"end":{"line":40,"column":5}},"line":30},"13":{"name":"(anonymous_13)","decl":{"start":{"line":31,"column":47},"end":{"line":31,"column":48}},"loc":{"start":{"line":31,"column":60},"end":{"line":39,"column":9}},"line":31},"14":{"name":"(anonymous_14)","decl":{"start":{"line":41,"column":4},"end":{"line":41,"column":5}},"loc":{"start":{"line":41,"column":38},"end":{"line":59,"column":5}},"line":41},"15":{"name":"(anonymous_15)","decl":{"start":{"line":42,"column":47},"end":{"line":42,"column":48}},"loc":{"start":{"line":42,"column":60},"end":{"line":58,"column":9}},"line":42},"16":{"name":"(anonymous_16)","decl":{"start":{"line":60,"column":4},"end":{"line":60,"column":5}},"loc":{"start":{"line":60,"column":23},"end":{"line":70,"column":5}},"line":60},"17":{"name":"(anonymous_17)","decl":{"start":{"line":61,"column":47},"end":{"line":61,"column":48}},"loc":{"start":{"line":61,"column":60},"end":{"line":69,"column":9}},"line":61},"18":{"name":"(anonymous_18)","decl":{"start":{"line":71,"column":4},"end":{"line":71,"column":5}},"loc":{"start":{"line":71,"column":21},"end":{"line":89,"column":5}},"line":71},"19":{"name":"(anonymous_19)","decl":{"start":{"line":72,"column":47},"end":{"line":72,"column":48}},"loc":{"start":{"line":72,"column":60},"end":{"line":88,"column":9}},"line":72},"20":{"name":"(anonymous_20)","decl":{"start":{"line":90,"column":4},"end":{"line":90,"column":5}},"loc":{"start":{"line":90,"column":21},"end":{"line":106,"column":5}},"line":90},"21":{"name":"(anonymous_21)","decl":{"start":{"line":91,"column":47},"end":{"line":91,"column":48}},"loc":{"start":{"line":91,"column":60},"end":{"line":105,"column":9}},"line":91}},"branchMap":{"0":{"loc":{"start":{"line":2,"column":16},"end":{"line":10,"column":1}},"type":"binary-expr","locations":[{"start":{"line":2,"column":17},"end":{"line":2,"column":21}},{"start":{"line":2,"column":25},"end":{"line":2,"column":39}},{"start":{"line":2,"column":44},"end":{"line":10,"column":1}}],"line":2},"1":{"loc":{"start":{"line":3,"column":35},"end":{"line":3,"column":109}},"type":"cond-expr","locations":[{"start":{"line":3,"column":56},"end":{"line":3,"column":61}},{"start":{"line":3,"column":64},"end":{"line":3,"column":109}}],"line":3},"2":{"loc":{"start":{"line":4,"column":16},"end":{"line":4,"column":34}},"type":"binary-expr","locations":[{"start":{"line":4,"column":16},"end":{"line":4,"column":17}},{"start":{"line":4,"column":22},"end":{"line":4,"column":33}}],"line":4},"3":{"loc":{"start":{"line":7,"column":32},"end":{"line":7,"column":115}},"type":"cond-expr","locations":[{"start":{"line":7,"column":46},"end":{"line":7,"column":67}},{"start":{"line":7,"column":70},"end":{"line":7,"column":115}}],"line":7},"4":{"loc":{"start":{"line":8,"column":51},"end":{"line":8,"column":67}},"type":"binary-expr","locations":[{"start":{"line":8,"column":51},"end":{"line":8,"column":61}},{"start":{"line":8,"column":65},"end":{"line":8,"column":67}}],"line":8},"5":{"loc":{"start":{"line":45,"column":16},"end":{"line":53,"column":17}},"type":"if","locations":[{"start":{"line":45,"column":16},"end":{"line":53,"column":17}},{"start":{"line":51,"column":21},"end":{"line":53,"column":17}}],"line":45},"6":{"loc":{"start":{"line":45,"column":20},"end":{"line":45,"column":126}},"type":"cond-expr","locations":[{"start":{"line":45,"column":108},"end":{"line":45,"column":114}},{"start":{"line":45,"column":117},"end":{"line":45,"column":126}}],"line":45},"7":{"loc":{"start":{"line":45,"column":20},"end":{"line":45,"column":105}},"type":"binary-expr","locations":[{"start":{"line":45,"column":20},"end":{"line":45,"column":88}},{"start":{"line":45,"column":92},"end":{"line":45,"column":105}}],"line":45},"8":{"loc":{"start":{"line":45,"column":26},"end":{"line":45,"column":78}},"type":"cond-expr","locations":[{"start":{"line":45,"column":59},"end":{"line":45,"column":65}},{"start":{"line":45,"column":68},"end":{"line":45,"column":78}}],"line":45},"9":{"loc":{"start":{"line":45,"column":26},"end":{"line":45,"column":56}},"type":"binary-expr","locations":[{"start":{"line":45,"column":26},"end":{"line":45,"column":38}},{"start":{"line":45,"column":42},"end":{"line":45,"column":56}}],"line":45},"10":{"loc":{"start":{"line":76,"column":16},"end":{"line":77,"column":71}},"type":"if","locations":[{"start":{"line":76,"column":16},"end":{"line":77,"column":71}},{"start":{},"end":{}}],"line":76},"11":{"loc":{"start":{"line":79,"column":16},"end":{"line":80,"column":70}},"type":"if","locations":[{"start":{"line":79,"column":16},"end":{"line":80,"column":70}},{"start":{},"end":{}}],"line":79},"12":{"loc":{"start":{"line":79,"column":20},"end":{"line":79,"column":59}},"type":"binary-expr","locations":[{"start":{"line":79,"column":20},"end":{"line":79,"column":23}},{"start":{"line":79,"column":27},"end":{"line":79,"column":32}},{"start":{"line":79,"column":36},"end":{"line":79,"column":59}}],"line":79},"13":{"loc":{"start":{"line":79,"column":38},"end":{"line":79,"column":58}},"type":"binary-expr","locations":[{"start":{"line":79,"column":38},"end":{"line":79,"column":42}},{"start":{"line":79,"column":46},"end":{"line":79,"column":58}}],"line":79},"14":{"loc":{"start":{"line":81,"column":54},"end":{"line":81,"column":130}},"type":"cond-expr","locations":[{"start":{"line":81,"column":97},"end":{"line":81,"column":105}},{"start":{"line":81,"column":108},"end":{"line":81,"column":130}}],"line":81},"15":{"loc":{"start":{"line":81,"column":54},"end":{"line":81,"column":94}},"type":"binary-expr","locations":[{"start":{"line":81,"column":54},"end":{"line":81,"column":71}},{"start":{"line":81,"column":75},"end":{"line":81,"column":94}}],"line":81},"16":{"loc":{"start":{"line":81,"column":145},"end":{"line":81,"column":203}},"type":"cond-expr","locations":[{"start":{"line":81,"column":190},"end":{"line":81,"column":199}},{"start":{"line":81,"column":202},"end":{"line":81,"column":203}}],"line":81},"17":{"loc":{"start":{"line":81,"column":145},"end":{"line":81,"column":187}},"type":"binary-expr","locations":[{"start":{"line":81,"column":145},"end":{"line":81,"column":163}},{"start":{"line":81,"column":167},"end":{"line":81,"column":187}}],"line":81},"18":{"loc":{"start":{"line":81,"column":218},"end":{"line":81,"column":276}},"type":"cond-expr","locations":[{"start":{"line":81,"column":263},"end":{"line":81,"column":272}},{"start":{"line":81,"column":275},"end":{"line":81,"column":276}}],"line":81},"19":{"loc":{"start":{"line":81,"column":218},"end":{"line":81,"column":260}},"type":"binary-expr","locations":[{"start":{"line":81,"column":218},"end":{"line":81,"column":236}},{"start":{"line":81,"column":240},"end":{"line":81,"column":260}}],"line":81},"20":{"loc":{"start":{"line":81,"column":286},"end":{"line":81,"column":377}},"type":"binary-expr","locations":[{"start":{"line":81,"column":287},"end":{"line":81,"column":368}},{"start":{"line":81,"column":373},"end":{"line":81,"column":377}}],"line":81},"21":{"loc":{"start":{"line":81,"column":287},"end":{"line":81,"column":368}},"type":"cond-expr","locations":[{"start":{"line":81,"column":338},"end":{"line":81,"column":344}},{"start":{"line":81,"column":347},"end":{"line":81,"column":368}}],"line":81},"22":{"loc":{"start":{"line":81,"column":287},"end":{"line":81,"column":335}},"type":"binary-expr","locations":[{"start":{"line":81,"column":287},"end":{"line":81,"column":308}},{"start":{"line":81,"column":312},"end":{"line":81,"column":335}}],"line":81},"23":{"loc":{"start":{"line":96,"column":16},"end":{"line":97,"column":70}},"type":"if","locations":[{"start":{"line":96,"column":16},"end":{"line":97,"column":70}},{"start":{},"end":{}}],"line":96},"24":{"loc":{"start":{"line":96,"column":20},"end":{"line":96,"column":34}},"type":"binary-expr","locations":[{"start":{"line":96,"column":20},"end":{"line":96,"column":25}},{"start":{"line":96,"column":29},"end":{"line":96,"column":34}}],"line":96},"25":{"loc":{"start":{"line":98,"column":73},"end":{"line":98,"column":149}},"type":"cond-expr","locations":[{"start":{"line":98,"column":116},"end":{"line":98,"column":124}},{"start":{"line":98,"column":127},"end":{"line":98,"column":149}}],"line":98},"26":{"loc":{"start":{"line":98,"column":73},"end":{"line":98,"column":113}},"type":"binary-expr","locations":[{"start":{"line":98,"column":73},"end":{"line":98,"column":90}},{"start":{"line":98,"column":94},"end":{"line":98,"column":113}}],"line":98},"27":{"loc":{"start":{"line":98,"column":164},"end":{"line":98,"column":222}},"type":"cond-expr","locations":[{"start":{"line":98,"column":209},"end":{"line":98,"column":218}},{"start":{"line":98,"column":221},"end":{"line":98,"column":222}}],"line":98},"28":{"loc":{"start":{"line":98,"column":164},"end":{"line":98,"column":206}},"type":"binary-expr","locations":[{"start":{"line":98,"column":164},"end":{"line":98,"column":182}},{"start":{"line":98,"column":186},"end":{"line":98,"column":206}}],"line":98},"29":{"loc":{"start":{"line":98,"column":237},"end":{"line":98,"column":295}},"type":"cond-expr","locations":[{"start":{"line":98,"column":282},"end":{"line":98,"column":291}},{"start":{"line":98,"column":294},"end":{"line":98,"column":295}}],"line":98},"30":{"loc":{"start":{"line":98,"column":237},"end":{"line":98,"column":279}},"type":"binary-expr","locations":[{"start":{"line":98,"column":237},"end":{"line":98,"column":255}},{"start":{"line":98,"column":259},"end":{"line":98,"column":279}}],"line":98}},"s":{"0":5,"1":9,"2":0,"3":10,"4":9,"5":9,"6":0,"7":0,"8":0,"9":0,"10":19,"11":10,"12":5,"13":5,"14":5,"15":5,"16":5,"17":5,"18":1,"19":1,"20":1,"21":1,"22":0,"23":0,"24":0,"25":0,"26":0,"27":2,"28":2,"29":2,"30":2,"31":2,"32":2,"33":2,"34":0,"35":0,"36":2,"37":2,"38":2,"39":2,"40":0,"41":1,"42":1,"43":1,"44":1,"45":1,"46":0,"47":1,"48":1,"49":0,"50":1,"51":1,"52":1,"53":0,"54":3,"55":3,"56":3,"57":3,"58":3,"59":3,"60":0,"61":3,"62":3,"63":3,"64":0,"65":5,"66":5},"f":{"0":10,"1":9,"2":0,"3":10,"4":9,"5":0,"6":19,"7":5,"8":1,"9":1,"10":1,"11":1,"12":0,"13":0,"14":2,"15":2,"16":2,"17":2,"18":1,"19":1,"20":3,"21":3},"b":{"0":[5,5,5],"1":[9,0],"2":[10,10],"3":[10,9],"4":[10,10],"5":[2,0],"6":[0,2],"7":[2,2],"8":[0,2],"9":[2,2],"10":[0,1],"11":[0,1],"12":[1,1,1],"13":[1,1],"14":[0,1],"15":[1,1],"16":[0,1],"17":[1,1],"18":[0,1],"19":[1,1],"20":[1,0],"21":[0,1],"22":[1,1],"23":[0,3],"24":[3,3],"25":[0,3],"26":[3,3],"27":[0,3],"28":[3,3],"29":[0,3],"30":[3,3]},"inputSourceMap":null,"_coverageSchema":"1a1c01bbd47fc00a2c39e90264f33305004495a9","hash":"794957538f80064018ba789739c9641e8f2dedfb"}
,"C:\\Users\\Daniel\\colmanfullstack\\backend\\dist\\controllers\\user.controller.js": {"path":"C:\\Users\\Daniel\\colmanfullstack\\backend\\dist\\controllers\\user.controller.js","statementMap":{"0":{"start":{"line":2,"column":16},"end":{"line":10,"column":1}},"1":{"start":{"line":3,"column":28},"end":{"line":3,"column":110}},"2":{"start":{"line":3,"column":91},"end":{"line":3,"column":106}},"3":{"start":{"line":4,"column":4},"end":{"line":9,"column":7}},"4":{"start":{"line":5,"column":36},"end":{"line":5,"column":97}},"5":{"start":{"line":5,"column":42},"end":{"line":5,"column":70}},"6":{"start":{"line":5,"column":85},"end":{"line":5,"column":95}},"7":{"start":{"line":6,"column":35},"end":{"line":6,"column":100}},"8":{"start":{"line":6,"column":41},"end":{"line":6,"column":73}},"9":{"start":{"line":6,"column":88},"end":{"line":6,"column":98}},"10":{"start":{"line":7,"column":32},"end":{"line":7,"column":116}},"11":{"start":{"line":8,"column":8},"end":{"line":8,"column":78}},"12":{"start":{"line":11,"column":0},"end":{"line":11,"column":62}},"13":{"start":{"line":12,"column":0},"end":{"line":12,"column":57}},"14":{"start":{"line":13,"column":23},"end":{"line":13,"column":58}},"15":{"start":{"line":14,"column":20},"end":{"line":14,"column":49}},"16":{"start":{"line":15,"column":26},"end":{"line":15,"column":54}},"17":{"start":{"line":18,"column":8},"end":{"line":18,"column":55}},"18":{"start":{"line":21,"column":8},"end":{"line":29,"column":11}},"19":{"start":{"line":22,"column":12},"end":{"line":28,"column":13}},"20":{"start":{"line":23,"column":32},"end":{"line":23,"column":71}},"21":{"start":{"line":24,"column":16},"end":{"line":24,"column":34}},"22":{"start":{"line":27,"column":16},"end":{"line":27,"column":65}},"23":{"start":{"line":32,"column":8},"end":{"line":47,"column":11}},"24":{"start":{"line":34,"column":12},"end":{"line":46,"column":13}},"25":{"start":{"line":35,"column":16},"end":{"line":42,"column":17}},"26":{"start":{"line":36,"column":35},"end":{"line":36,"column":52}},"27":{"start":{"line":37,"column":34},"end":{"line":37,"column":73}},"28":{"start":{"line":38,"column":20},"end":{"line":38,"column":36}},"29":{"start":{"line":41,"column":20},"end":{"line":41,"column":59}},"30":{"start":{"line":45,"column":16},"end":{"line":45,"column":65}},"31":{"start":{"line":50,"column":8},"end":{"line":59,"column":11}},"32":{"start":{"line":51,"column":12},"end":{"line":58,"column":13}},"33":{"start":{"line":52,"column":29},"end":{"line":52,"column":37}},"34":{"start":{"line":53,"column":33},"end":{"line":53,"column":69}},"35":{"start":{"line":54,"column":16},"end":{"line":54,"column":35}},"36":{"start":{"line":57,"column":16},"end":{"line":57,"column":65}},"37":{"start":{"line":62,"column":8},"end":{"line":70,"column":11}},"38":{"start":{"line":63,"column":12},"end":{"line":69,"column":13}},"39":{"start":{"line":64,"column":33},"end":{"line":64,"column":74}},"40":{"start":{"line":65,"column":16},"end":{"line":65,"column":35}},"41":{"start":{"line":68,"column":16},"end":{"line":68,"column":65}},"42":{"start":{"line":73,"column":8},"end":{"line":93,"column":11}},"43":{"start":{"line":75,"column":12},"end":{"line":92,"column":13}},"44":{"start":{"line":76,"column":31},"end":{"line":76,"column":74}},"45":{"start":{"line":77,"column":56},"end":{"line":77,"column":64}},"46":{"start":{"line":78,"column":37},"end":{"line":78,"column":45}},"47":{"start":{"line":79,"column":16},"end":{"line":81,"column":17}},"48":{"start":{"line":80,"column":20},"end":{"line":80,"column":60}},"49":{"start":{"line":82,"column":35},"end":{"line":82,"column":37}},"50":{"start":{"line":83,"column":16},"end":{"line":84,"column":51}},"51":{"start":{"line":84,"column":20},"end":{"line":84,"column":51}},"52":{"start":{"line":85,"column":16},"end":{"line":85,"column":162}},"53":{"start":{"line":86,"column":16},"end":{"line":86,"column":53}},"54":{"start":{"line":87,"column":32},"end":{"line":87,"column":77}},"55":{"start":{"line":88,"column":16},"end":{"line":88,"column":34}},"56":{"start":{"line":91,"column":16},"end":{"line":91,"column":65}},"57":{"start":{"line":96,"column":0},"end":{"line":96,"column":40}},"58":{"start":{"line":97,"column":0},"end":{"line":97,"column":46}}},"fnMap":{"0":{"name":"(anonymous_0)","decl":{"start":{"line":2,"column":44},"end":{"line":2,"column":45}},"loc":{"start":{"line":2,"column":89},"end":{"line":10,"column":1}},"line":2},"1":{"name":"adopt","decl":{"start":{"line":3,"column":13},"end":{"line":3,"column":18}},"loc":{"start":{"line":3,"column":26},"end":{"line":3,"column":112}},"line":3},"2":{"name":"(anonymous_2)","decl":{"start":{"line":3,"column":70},"end":{"line":3,"column":71}},"loc":{"start":{"line":3,"column":89},"end":{"line":3,"column":108}},"line":3},"3":{"name":"(anonymous_3)","decl":{"start":{"line":4,"column":36},"end":{"line":4,"column":37}},"loc":{"start":{"line":4,"column":63},"end":{"line":9,"column":5}},"line":4},"4":{"name":"fulfilled","decl":{"start":{"line":5,"column":17},"end":{"line":5,"column":26}},"loc":{"start":{"line":5,"column":34},"end":{"line":5,"column":99}},"line":5},"5":{"name":"rejected","decl":{"start":{"line":6,"column":17},"end":{"line":6,"column":25}},"loc":{"start":{"line":6,"column":33},"end":{"line":6,"column":102}},"line":6},"6":{"name":"step","decl":{"start":{"line":7,"column":17},"end":{"line":7,"column":21}},"loc":{"start":{"line":7,"column":30},"end":{"line":7,"column":118}},"line":7},"7":{"name":"(anonymous_7)","decl":{"start":{"line":17,"column":4},"end":{"line":17,"column":5}},"loc":{"start":{"line":17,"column":18},"end":{"line":19,"column":5}},"line":17},"8":{"name":"(anonymous_8)","decl":{"start":{"line":20,"column":4},"end":{"line":20,"column":5}},"loc":{"start":{"line":20,"column":21},"end":{"line":30,"column":5}},"line":20},"9":{"name":"(anonymous_9)","decl":{"start":{"line":21,"column":47},"end":{"line":21,"column":48}},"loc":{"start":{"line":21,"column":60},"end":{"line":29,"column":9}},"line":21},"10":{"name":"(anonymous_10)","decl":{"start":{"line":31,"column":4},"end":{"line":31,"column":5}},"loc":{"start":{"line":31,"column":27},"end":{"line":48,"column":5}},"line":31},"11":{"name":"(anonymous_11)","decl":{"start":{"line":32,"column":47},"end":{"line":32,"column":48}},"loc":{"start":{"line":32,"column":60},"end":{"line":47,"column":9}},"line":32},"12":{"name":"(anonymous_12)","decl":{"start":{"line":49,"column":4},"end":{"line":49,"column":5}},"loc":{"start":{"line":49,"column":23},"end":{"line":60,"column":5}},"line":49},"13":{"name":"(anonymous_13)","decl":{"start":{"line":50,"column":47},"end":{"line":50,"column":48}},"loc":{"start":{"line":50,"column":60},"end":{"line":59,"column":9}},"line":50},"14":{"name":"(anonymous_14)","decl":{"start":{"line":61,"column":4},"end":{"line":61,"column":5}},"loc":{"start":{"line":61,"column":26},"end":{"line":71,"column":5}},"line":61},"15":{"name":"(anonymous_15)","decl":{"start":{"line":62,"column":47},"end":{"line":62,"column":48}},"loc":{"start":{"line":62,"column":60},"end":{"line":70,"column":9}},"line":62},"16":{"name":"(anonymous_16)","decl":{"start":{"line":72,"column":4},"end":{"line":72,"column":5}},"loc":{"start":{"line":72,"column":25},"end":{"line":94,"column":5}},"line":72},"17":{"name":"(anonymous_17)","decl":{"start":{"line":73,"column":47},"end":{"line":73,"column":48}},"loc":{"start":{"line":73,"column":60},"end":{"line":93,"column":9}},"line":73}},"branchMap":{"0":{"loc":{"start":{"line":2,"column":16},"end":{"line":10,"column":1}},"type":"binary-expr","locations":[{"start":{"line":2,"column":17},"end":{"line":2,"column":21}},{"start":{"line":2,"column":25},"end":{"line":2,"column":39}},{"start":{"line":2,"column":44},"end":{"line":10,"column":1}}],"line":2},"1":{"loc":{"start":{"line":3,"column":35},"end":{"line":3,"column":109}},"type":"cond-expr","locations":[{"start":{"line":3,"column":56},"end":{"line":3,"column":61}},{"start":{"line":3,"column":64},"end":{"line":3,"column":109}}],"line":3},"2":{"loc":{"start":{"line":4,"column":16},"end":{"line":4,"column":34}},"type":"binary-expr","locations":[{"start":{"line":4,"column":16},"end":{"line":4,"column":17}},{"start":{"line":4,"column":22},"end":{"line":4,"column":33}}],"line":4},"3":{"loc":{"start":{"line":7,"column":32},"end":{"line":7,"column":115}},"type":"cond-expr","locations":[{"start":{"line":7,"column":46},"end":{"line":7,"column":67}},{"start":{"line":7,"column":70},"end":{"line":7,"column":115}}],"line":7},"4":{"loc":{"start":{"line":8,"column":51},"end":{"line":8,"column":67}},"type":"binary-expr","locations":[{"start":{"line":8,"column":51},"end":{"line":8,"column":61}},{"start":{"line":8,"column":65},"end":{"line":8,"column":67}}],"line":8},"5":{"loc":{"start":{"line":35,"column":16},"end":{"line":42,"column":17}},"type":"if","locations":[{"start":{"line":35,"column":16},"end":{"line":42,"column":17}},{"start":{"line":40,"column":21},"end":{"line":42,"column":17}}],"line":35},"6":{"loc":{"start":{"line":35,"column":20},"end":{"line":35,"column":126}},"type":"cond-expr","locations":[{"start":{"line":35,"column":108},"end":{"line":35,"column":114}},{"start":{"line":35,"column":117},"end":{"line":35,"column":126}}],"line":35},"7":{"loc":{"start":{"line":35,"column":20},"end":{"line":35,"column":105}},"type":"binary-expr","locations":[{"start":{"line":35,"column":20},"end":{"line":35,"column":88}},{"start":{"line":35,"column":92},"end":{"line":35,"column":105}}],"line":35},"8":{"loc":{"start":{"line":35,"column":26},"end":{"line":35,"column":78}},"type":"cond-expr","locations":[{"start":{"line":35,"column":59},"end":{"line":35,"column":65}},{"start":{"line":35,"column":68},"end":{"line":35,"column":78}}],"line":35},"9":{"loc":{"start":{"line":35,"column":26},"end":{"line":35,"column":56}},"type":"binary-expr","locations":[{"start":{"line":35,"column":26},"end":{"line":35,"column":38}},{"start":{"line":35,"column":42},"end":{"line":35,"column":56}}],"line":35},"10":{"loc":{"start":{"line":79,"column":16},"end":{"line":81,"column":17}},"type":"if","locations":[{"start":{"line":79,"column":16},"end":{"line":81,"column":17}},{"start":{},"end":{}}],"line":79},"11":{"loc":{"start":{"line":83,"column":16},"end":{"line":84,"column":51}},"type":"if","locations":[{"start":{"line":83,"column":16},"end":{"line":84,"column":51}},{"start":{},"end":{}}],"line":83},"12":{"loc":{"start":{"line":85,"column":35},"end":{"line":85,"column":161}},"type":"cond-expr","locations":[{"start":{"line":85,"column":152},"end":{"line":85,"column":154}},{"start":{"line":85,"column":157},"end":{"line":85,"column":161}}],"line":85},"13":{"loc":{"start":{"line":85,"column":35},"end":{"line":85,"column":149}},"type":"binary-expr","locations":[{"start":{"line":85,"column":35},"end":{"line":85,"column":132}},{"start":{"line":85,"column":136},"end":{"line":85,"column":149}}],"line":85},"14":{"loc":{"start":{"line":85,"column":41},"end":{"line":85,"column":122}},"type":"cond-expr","locations":[{"start":{"line":85,"column":92},"end":{"line":85,"column":98}},{"start":{"line":85,"column":101},"end":{"line":85,"column":122}}],"line":85},"15":{"loc":{"start":{"line":85,"column":41},"end":{"line":85,"column":89}},"type":"binary-expr","locations":[{"start":{"line":85,"column":41},"end":{"line":85,"column":62}},{"start":{"line":85,"column":66},"end":{"line":85,"column":89}}],"line":85}},"s":{"0":5,"1":6,"2":0,"3":7,"4":4,"5":4,"6":0,"7":2,"8":2,"9":0,"10":13,"11":7,"12":5,"13":5,"14":5,"15":5,"16":5,"17":5,"18":2,"19":2,"20":2,"21":1,"22":1,"23":2,"24":2,"25":2,"26":2,"27":2,"28":1,"29":0,"30":1,"31":1,"32":1,"33":1,"34":1,"35":1,"36":0,"37":0,"38":0,"39":0,"40":0,"41":0,"42":2,"43":2,"44":2,"45":2,"46":2,"47":2,"48":1,"49":1,"50":1,"51":1,"52":1,"53":1,"54":1,"55":1,"56":1,"57":5,"58":5},"f":{"0":7,"1":6,"2":0,"3":7,"4":4,"5":2,"6":13,"7":5,"8":2,"9":2,"10":2,"11":2,"12":1,"13":1,"14":0,"15":0,"16":2,"17":2},"b":{"0":[5,5,5],"1":[6,0],"2":[7,7],"3":[7,6],"4":[7,7],"5":[2,0],"6":[0,2],"7":[2,2],"8":[0,2],"9":[2,2],"10":[1,1],"11":[1,0],"12":[0,1],"13":[1,1],"14":[1,0],"15":[1,1]},"inputSourceMap":null,"_coverageSchema":"1a1c01bbd47fc00a2c39e90264f33305004495a9","hash":"a706dbc823381cb77621338565a5931603cc140a"}
[...]
ine":11,"column":13}}},"fnMap":{"0":{"name":"(anonymous_8)","decl":{"start":{"line":13,"column":2},"end":{"line":13,"column":null}},"loc":{"start":{"line":13,"column":2},"end":{"line":16,"column":3}}},"1":{"name":"(anonymous_9)","decl":{"start":{"line":18,"column":8},"end":{"line":18,"column":20}},"loc":{"start":{"line":22,"column":3},"end":{"line":26,"column":null}}},"2":{"name":"(anonymous_11)","decl":{"start":{"line":28,"column":8},"end":{"line":28,"column":17}},"loc":{"start":{"line":28,"column":52},"end":{"line":47,"column":null}}},"3":{"name":"(anonymous_13)","decl":{"start":{"line":49,"column":8},"end":{"line":49,"column":14}},"loc":{"start":{"line":49,"column":28},"end":{"line":54,"column":null}}},"4":{"name":"(anonymous_15)","decl":{"start":{"line":56,"column":9},"end":{"line":56,"column":28}},"loc":{"start":{"line":56,"column":58},"end":{"line":68,"column":null}}},"5":{"name":"(anonymous_17)","decl":{"start":{"line":70,"column":8},"end":{"line":70,"column":24}},"loc":{"start":{"line":70,"column":38},"end":{"line":82,"column":null}}},"6":{"name":"(anonymous_19)","decl":{"start":{"line":84,"column":8},"end":{"line":84,"column":30}},"loc":{"start":{"line":84,"column":47},"end":{"line":88,"column":null}}},"7":{"name":"(anonymous_21)","decl":{"start":{"line":90,"column":2},"end":{"line":90,"column":18}},"loc":{"start":{"line":90,"column":30},"end":{"line":95,"column":3}}},"8":{"name":"(anonymous_22)","decl":{"start":{"line":97,"column":8},"end":{"line":97,"column":20}},"loc":{"start":{"line":97,"column":37},"end":{"line":120,"column":null}}}},"branchMap":{"0":{"loc":{"start":{"line":32,"column":4},"end":{"line":32,"column":70}},"type":"if","locations":[{"start":{"line":32,"column":4},"end":{"line":32,"column":70}}]},"1":{"loc":{"start":{"line":37,"column":4},"end":{"line":42,"column":5}},"type":"if","locations":[{"start":{"line":37,"column":4},"end":{"line":42,"column":5}},{"start":{"line":40,"column":9},"end":{"line":42,"column":5}}]},"2":{"loc":{"start":{"line":51,"column":48},"end":{"line":51,"column":59}},"type":"cond-expr","locations":[{"start":{"line":51,"column":54},"end":{"line":51,"column":56}},{"start":{"line":51,"column":48},"end":{"line":51,"column":59}}]},"3":{"loc":{"start":{"line":51,"column":48},"end":{"line":51,"column":56}},"type":"binary-expr","locations":[{"start":{"line":51,"column":48},"end":{"line":51,"column":56}},{"start":{"line":51,"column":48},"end":{"line":51,"column":56}}]},"4":{"loc":{"start":{"line":59,"column":4},"end":{"line":59,"column":57}},"type":"if","locations":[{"start":{"line":59,"column":4},"end":{"line":59,"column":57}}]},"5":{"loc":{"start":{"line":61,"column":4},"end":{"line":65,"column":5}},"type":"if","locations":[{"start":{"line":61,"column":4},"end":{"line":65,"column":5}}]},"6":{"loc":{"start":{"line":73,"column":4},"end":{"line":73,"column":null}},"type":"if","locations":[{"start":{"line":73,"column":4},"end":{"line":73,"column":null}}]},"7":{"loc":{"start":{"line":73,"column":9},"end":{"line":73,"column":20}},"type":"cond-expr","locations":[{"start":{"line":73,"column":15},"end":{"line":73,"column":17}},{"start":{"line":73,"column":9},"end":{"line":73,"column":20}}]},"8":{"loc":{"start":{"line":73,"column":9},"end":{"line":73,"column":17}},"type":"binary-expr","locations":[{"start":{"line":73,"column":9},"end":{"line":73,"column":17}},{"start":{"line":73,"column":9},"end":{"line":73,"column":17}}]},"9":{"loc":{"start":{"line":75,"column":50},"end":{"line":75,"column":61}},"type":"cond-expr","locations":[{"start":{"line":75,"column":56},"end":{"line":75,"column":58}},{"start":{"line":75,"column":50},"end":{"line":75,"column":61}}]},"10":{"loc":{"start":{"line":75,"column":50},"end":{"line":75,"column":58}},"type":"binary-expr","locations":[{"start":{"line":75,"column":50},"end":{"line":75,"column":58}},{"start":{"line":75,"column":50},"end":{"line":75,"column":58}}]},"11":{"loc":{"start":{"line":86,"column":4},"end":{"line":86,"column":49}},"type":"if","locations":[{"start":{"line":86,"column":4},"end":{"line":86,"column":49}}]},"12":{"loc":{"start":{"line":99,"column":4},"end":{"line":106,"column":5}},"type":"if","locations":[{"start":{"line":99,"column":4},"end":{"line":106,"column":5}}]},"13":{"loc":{"start":{"line":110,"column":4},"end":{"line":115,"column":5}},"type":"if","locations":[{"start":{"line":110,"column":4},"end":{"line":115,"column":5}},{"start":{"line":113,"column":9},"end":{"line":115,"column":5}}]}},"s":{"0":5,"1":5,"2":5,"3":5,"4":5,"5":5,"6":6,"7":6,"8":5,"9":5,"10":29,"11":29,"12":29,"13":1,"14":28,"15":28,"16":0,"17":28,"18":28,"19":28,"20":2,"21":1,"22":1,"23":1,"24":4,"25":4,"26":1,"27":3,"28":1,"29":1,"30":1,"31":2,"32":5,"33":4,"34":1,"35":3,"36":1,"37":1,"38":1,"39":1,"40":29,"41":29,"42":0,"43":29,"44":29,"45":29,"46":29,"47":0,"48":0,"49":0,"50":0,"51":0,"52":0,"53":0,"54":0,"55":0,"56":0,"57":5},"f":{"0":6,"1":5,"2":29,"3":2,"4":4,"5":5,"6":29,"7":29,"8":0},"b":{"0":[1],"1":[0,28],"2":[0,1],"3":[1,1],"4":[1],"5":[1],"6":[1],"7":[0,4],"8":[4,4],"9":[0,3],"10":[3,3],"11":[0],"12":[0],"13":[0,0]}}
,"C:\\Users\\Daniel\\colmanfullstack\\backend\\src\\services\\base.service.ts": {"path":"C:\\Users\\Daniel\\colmanfullstack\\backend\\src\\services\\base.service.ts","statementMap":{"0":{"start":{"line":1,"column":0},"end":{"line":1,"column":94}},"1":{"start":{"line":7,"column":8},"end":{"line":7,"column":27}},"2":{"start":{"line":11,"column":26},"end":{"line":11,"column":81}},"3":{"start":{"line":12,"column":8},"end":{"line":12,"column":31}},"4":{"start":{"line":13,"column":8},"end":{"line":13,"column":25}},"5":{"start":{"line":17,"column":8},"end":{"line":21,"column":9}},"6":{"start":{"line":18,"column":12},"end":{"line":18,"column":53}},"7":{"start":{"line":20,"column":12},"end":{"line":20,"column":null}},"8":{"start":{"line":25,"column":8},"end":{"line":25,"column":73}},"9":{"start":{"line":25,"column":43},"end":{"line":25,"column":73}},"10":{"start":{"line":27,"column":8},"end":{"line":27,"column":69}},"11":{"start":{"line":30,"column":22},"end":{"line":33,"column":null}},"12":{"start":{"line":32,"column":8},"end":{"line":32,"column":71}},"13":{"start":{"line":35,"column":27},"end":{"line":38,"column":null}},"14":{"start":{"line":37,"column":8},"end":{"line":37,"column":55}},"15":{"start":{"line":41,"column":8},"end":{"line":41,"column":73}},"16":{"start":{"line":41,"column":43},"end":{"line":41,"column":73}},"17":{"start":{"line":43,"column":23},"end":{"line":43,"column":62}},"18":{"start":{"line":44,"column":8},"end":{"line":44,"column":40}},"19":{"start":{"line":48,"column":23},"end":{"line":48,"column":51}},"20":{"start":{"line":49,"column":8},"end":{"line":51,"column":9}},"21":{"start":{"line":50,"column":12},"end":{"line":50,"column":48}},"22":{"start":{"line":53,"column":8},"end":{"line":53,"column":54}},"23":{"start":{"line":57,"column":8},"end":{"line":57,"column":65}},"24":{"start":{"line":61,"column":28},"end":{"line":61,"column":38}},"25":{"start":{"line":62,"column":24},"end":{"line":64,"column":null}},"26":{"start":{"line":67,"column":8},"end":{"line":81,"column":9}},"27":{"start":{"line":69,"column":12},"end":{"line":73,"column":14}},"28":{"start":{"line":75,"column":12},"end":{"line":77,"column":13}},"29":{"start":{"line":76,"column":16},"end":{"line":76,"column":52}},"30":{"start":{"line":80,"column":12},"end":{"line":80,"column":null}},"31":{"start":{"line":82,"column":8},"end":{"line":82,"column":35}},"32":{"start":{"line":88,"column":8},"end":{"line":98,"column":9}},"33":{"start":{"line":90,"column":12},"end":{"line":90,"column":101}},"34":{"start":{"line":92,"column":12},"end":{"line":94,"column":13}},"35":{"start":{"line":93,"column":16},"end":{"line":93,"column":52}},"36":{"start":{"line":97,"column":12},"end":{"line":97,"column":null}},"37":{"start":{"line":100,"column":8},"end":{"line":100,"column":35}},"38":{"start":{"line":4,"column":0},"end":{"line":4,"column":13}}},"fnMap":{"0":{"name":"(anonymous_8)","decl":{"start":{"line":6,"column":4},"end":{"line":6,"column":16}},"loc":{"start":{"line":6,"column":31},"end":{"line":8,"column":5}}},"1":{"name":"(anonymous_9)","decl":{"start":{"line":10,"column":20},"end":{"line":10,"column":26}},"loc":{"start":{"line":10,"column":54},"end":{"line":14,"column":null}}},"2":{"name":"(anonymous_11)","decl":{"start":{"line":16,"column":10},"end":{"line":16,"column":26}},"loc":{"start":{"line":16,"column":54},"end":{"line":22,"column":null}}},"3":{"name":"(anonymous_13)","decl":{"start":{"line":24,"column":10},"end":{"line":24,"column":17}},"loc":{"start":{"line":24,"column":28},"end":{"line":28,"column":null}}},"4":{"name":"(anonymous_15)","decl":{"start":{"line":30,"column":10},"end":{"line":30,"column":21}},"loc":{"start":{"line":30,"column":21},"end":{"line":33,"column":null}}},"5":{"name":"(anonymous_16)","decl":{"start":{"line":30,"column":22},"end":{"line":30,"column":51}},"loc":{"start":{"line":30,"column":53},"end":{"line":33,"column":5}}},"6":{"name":"(anonymous_17)","decl":{"start":{"line":35,"column":10},"end":{"line":35,"column":26}},"loc":{"start":{"line":35,"column":26},"end":{"line":38,"column":null}}},"7":{"name":"(anonymous_18)","decl":{"start":{"line":35,"column":27},"end":{"line":35,"column":56}},"loc":{"start":{"line":35,"column":58},"end":{"line":38,"column":5}}},"8":{"name":"(anonymous_19)","decl":{"start":{"line":40,"column":10},"end":{"line":40,"column":20}},"loc":{"start":{"line":40,"column":31},"end":{"line":45,"column":null}}},"9":{"name":"(anonymous_21)","decl":{"start":{"line":47,"column":10},"end":{"line":47,"column":24}},"loc":{"start":{"line":47,"column":79},"end":{"line":54,"column":null}}},"10":{"name":"(anonymous_23)","decl":{"start":{"line":56,"column":10},"end":{"line":56,"column":16}},"loc":{"start":{"line":56,"column":16},"end":{"line":58,"column":null}}},"11":{"name":"(anonymous_25)","decl":{"start":{"line":60,"column":10},"end":{"line":60,"column":16}},"loc":{"start":{"line":60,"column":54},"end":{"line":83,"column":null}}},"12":{"name":"(anonymous_27)","decl":{"start":{"line":86,"column":10},"end":{"line":86,"column":26}},"loc":{"start":{"line":86,"column":105},"end":{"line":101,"column":null}}}},"branchMap":{"0":{"loc":{"start":{"line":25,"column":8},"end":{"line":25,"column":73}},"type":"if","locations":[{"start":{"line":25,"column":8},"end":{"line":25,"column":73}}]},"1":{"loc":{"start":{"line":30,"column":22},"end":{"line":30,"column":53}},"type":"default-arg","locations":[{"start":{"line":30,"column":51},"end":{"line":30,"column":53}}]},"2":{"loc":{"start":{"line":35,"column":27},"end":{"line":35,"column":58}},"type":"default-arg","locations":[{"start":{"line":35,"column":56},"end":{"line":35,"column":58}}]},"3":{"loc":{"start":{"line":41,"column":8},"end":{"line":41,"column":73}},"type":"if","locations":[{"start":{"line":41,"column":8},"end":{"line":41,"column":73}}]},"4":{"loc":{"start":{"line":49,"column":8},"end":{"line":51,"column":9}},"type":"if","locations":[{"start":{"line":49,"column":8},"end":{"line":51,"column":9}}]},"5":{"loc":{"start":{"line":53,"column":15},"end":{"line":53,"column":53}},"type":"binary-expr","locations":[{"start":{"line":53,"column":15},"end":{"line":53,"column":44}},{"start":{"line":53,"column":48},"end":{"line":53,"column":53}}]},"6":{"loc":{"start":{"line":75,"column":12},"end":{"line":77,"column":13}},"type":"if","locations":[{"start":{"line":75,"column":12},"end":{"line":77,"column":13}}]},"7":{"loc":{"start":{"line":92,"column":12},"end":{"line":94,"column":13}},"type":"if","locations":[{"start":{"line":92,"column":12},"end":{"line":94,"column":13}}]}},"s":{"0":5,"1":43,"2":5,"3":5,"4":4,"5":5,"6":5,"7":1,"8":9,"9":2,"10":7,"11":2,"12":2,"13":29,"14":29,"15":3,"16":0,"17":3,"18":3,"19":6,"20":5,"21":0,"22":5,"23":0,"24":3,"25":3,"26":3,"27":3,"28":3,"29":0,"30":0,"31":3,"32":2,"33":2,"34":2,"35":0,"36":0,"37":2,"38":5},"f":{"0":43,"1":5,"2":5,"3":9,"4":2,"5":2,"6":29,"7":29,"8":3,"9":6,"10":0,"11":3,"12":2},"b":{"0":[2],"1":[0],"2":[0],"3":[0],"4":[0],"5":[5,0],"6":[0],"7":[0]}}
,"C:\\Users\\Daniel\\colmanfullstack\\backend\\src\\services\\comment.service.ts": {"path":"C:\\Users\\Daniel\\colmanfullstack\\backend\\src\\services\\comment.service.ts","statementMap":{"0":{"start":{"line":1,"column":0},"end":{"line":1,"column":65}},"1":{"start":{"line":2,"column":0},"end":{"line":2,"column":45}},"2":{"start":{"line":7,"column":8},"end":{"line":7,"column":28}},"3":{"start":{"line":11,"column":8},"end":{"line":11,"column":48}},"4":{"start":{"line":5,"column":0},"end":{"line":5,"column":13}}},"fnMap":{"0":{"name":"(anonymous_8)","decl":{"start":{"line":6,"column":4},"end":{"line":6,"column":null}},"loc":{"start":{"line":6,"column":4},"end":{"line":8,"column":5}}},"1":{"name":"(anonymous_9)","decl":{"start":{"line":10,"column":11},"end":{"line":10,"column":30}},"loc":{"start":{"line":10,"column":46},"end":{"line":12,"column":null}}}},"branchMap":{},"s":{"0":5,"1":5,"2":5,"3":2,"4":5},"f":{"0":5,"1":2},"b":{}}
,"C:\\Users\\Daniel\\colmanfullstack\\backend\\src\\services\\post.service.ts": {"path":"C:\\Users\\Daniel\\colmanfullstack\\backend\\src\\services\\post.service.ts","statementMap":{"0":{"start":{"line":1,"column":0},"end":{"line":1,"column":56}},"1":{"start":{"line":2,"column":0},"end":{"line":2,"column":115}},"2":{"start":{"line":3,"column":0},"end":{"line":3,"column":45}},"3":{"start":{"line":7,"column":4},"end":{"line":7,"column":21}},"4":{"start":{"line":11,"column":36},"end":{"line":11,"column":108}},"5":{"start":{"line":12,"column":37},"end":{"line":12,"column":71}},"6":{"start":{"line":13,"column":4},"end":{"line":13,"column":98}},"7":{"start":{"line":16,"column":19},"end":{"line":16,"column":101}},"8":{"start":{"line":17,"column":4},"end":{"line":17,"column":24}},"9":{"start":{"line":18,"column":4},"end":{"line":18,"column":null}},"10":{"start":{"line":22,"column":21},"end":{"line":111,"column":6}},"11":{"start":{"line":113,"column":4},"end":{"line":113,"column":20}},"12":{"start":{"line":117,"column":24},"end":{"line":117,"column":74}},"13":{"start":{"line":118,"column":32},"end":{"line":118,"column":60}},"14":{"start":{"line":119,"column":24},"end":{"line":119,"column":68}},"15":{"start":{"line":120,"column":22},"end":{"line":120,"column":59}},"16":{"start":{"line":121,"column":21},"end":{"line":121,"column":41}},"17":{"start":{"line":122,"column":21},"end":{"line":122,"column":53}},"18":{"start":{"line":123,"column":4},"end":{"line":123,"column":45}},"19":{"start":{"line":124,"column":4},"end":{"line":124,"column":71}},"20":{"start":{"line":5,"column":0},"end":{"line":5,"column":13}}},"fnMap":{"0":{"name":"(anonymous_8)","decl":{"start":{"line":6,"column":2},"end":{"line":6,"column":null}},"loc":{"start":{"line":6,"column":2},"end":{"line":8,"column":3}}},"1":{"name":"(anonymous_9)","decl":{"start":{"line":10,"column":8},"end":{"line":10,"column":22}},"loc":{"start":{"line":10,"column":70},"end":{"line":14,"column":null}}},"2":{"name":"(anonymous_11)","decl":{"start":{"line":15,"column":8},"end":{"line":15,"column":29}},"loc":{"start":{"line":15,"column":74},"end":{"line":19,"column":null}}},"3":{"name":"(anonymous_13)","decl":{"start":{"line":21,"column":8},"end":{"line":21,"column":19}},"loc":{"start":{"line":21,"column":19},"end":{"line":114,"column":null}}},"4":{"name":"(anonymous_15)","decl":{"start":{"line":116,"column":8},"end":{"line":116,"column":31}},"loc":{"start":{"line":116,"column":31},"end":{"line":125,"column":null}}}},"branchMap":{"0":{"loc":{"start":{"line":11,"column":36},"end":{"line":11,"column":108}},"type":"cond-expr","locations":[{"start":{"line":11,"column":45},"end":{"line":11,"column":77}},{"start":{"line":11,"column":80},"end":{"line":11,"column":108}}]}},"s":{"0":5,"1":5,"2":5,"3":10,"4":2,"5":2,"6":2,"7":0,"8":0,"9":0,"10":2,"11":2,"12":0,"13":0,"14":0,"15":0,"16":0,"17":0,"18":0,"19":0,"20":5},"f":{"0":10,"1":2,"2":0,"3":2,"4":0},"b":{"0":[1,1]}}
,"C:\\Users\\Daniel\\colmanfullstack\\backend\\src\\services\\user.service.ts": {"path":"C:\\Users\\Daniel\\colmanfullstack\\backend\\src\\services\\user.service.ts","statementMap":{"0":{"start":{"line":1,"column":0},"end":{"line":1,"column":30}},"1":{"start":{"line":2,"column":0},"end":{"line":2,"column":32}},"2":{"start":{"line":3,"column":0},"end":{"line":3,"column":56}},"3":{"start":{"line":4,"column":0},"end":{"line":4,"column":67}},"4":{"start":{"line":5,"column":0},"end":{"line":5,"column":45}},"5":{"start":{"line":11,"column":4},"end":{"line":11,"column":21}},"6":{"start":{"line":12,"column":4},"end":{"line":12,"column":54}},"7":{"start":{"line":16,"column":42},"end":{"line":16,"column":46}},"8":{"start":{"line":17,"column":4},"end":{"line":17,"column":null}},"9":{"start":{"line":17,"column":42},"end":{"line":17,"column":null}},"10":{"start":{"line":18,"column":4},"end":{"line":18,"column":47}},"11":{"start":{"line":20,"column":27},"end":{"line":20,"column":58}},"12":{"start":{"line":21,"column":20},"end":{"line":21,"column":91}},"13":{"start":{"line":22,"column":4},"end":{"line":22,"column":32}},"14":{"start":{"line":27,"column":5},"end":{"line":27,"column":48}},"15":{"start":{"line":28,"column":6},"end":{"line":28,"column":null}},"16":{"start":{"line":32,"column":25},"end":{"line":32,"column":62}},"17":{"start":{"line":33,"column":4},"end":{"line":33,"column":61}},"18":{"start":{"line":33,"column":22},"end":{"line":33,"column":61}},"19":{"start":{"line":40,"column":22},"end":{"line":87,"column":6}},"20":{"start":{"line":88,"column":4},"end":{"line":88,"column":21}},"21":{"start":{"line":8,"column":0},"end":{"line":8,"column":13}}},"fnMap":{"0":{"name":"(anonymous_8)","decl":{"start":{"line":10,"column":2},"end":{"line":10,"column":null}},"loc":{"start":{"line":10,"column":2},"end":{"line":13,"column":3}}},"1":{"name":"(anonymous_9)","decl":{"start":{"line":15,"column":9},"end":{"line":15,"column":17}},"loc":{"start":{"line":15,"column":33},"end":{"line":24,"column":null}}},"2":{"name":"(anonymous_11)","decl":{"start":{"line":26,"column":8},"end":{"line":26,"column":18}},"loc":{"start":{"line":26,"column":34},"end":{"line":29,"column":null}}},"3":{"name":"(anonymous_13)","decl":{"start":{"line":31,"column":16},"end":{"line":31,"column":37}},"loc":{"start":{"line":31,"column":54},"end":{"line":34,"column":null}}},"4":{"name":"(anonymous_15)","decl":{"start":{"line":37,"column":8},"end":{"line":37,"column":20}},"loc":{"start":{"line":37,"column":35},"end":{"line":89,"column":null}}}},"branchMap":{"0":{"loc":{"start":{"line":17,"column":4},"end":{"line":17,"column":null}},"type":"if","locations":[{"start":{"line":17,"column":4},"end":{"line":17,"column":null}}]},"1":{"loc":{"start":{"line":17,"column":8},"end":{"line":17,"column":40}},"type":"binary-expr","locations":[{"start":{"line":17,"column":8},"end":{"line":17,"column":17}},{"start":{"line":17,"column":21},"end":{"line":17,"column":30}},{"start":{"line":17,"column":34},"end":{"line":17,"column":40}}]},"2":{"loc":{"start":{"line":33,"column":4},"end":{"line":33,"column":61}},"type":"if","locations":[{"start":{"line":33,"column":4},"end":{"line":33,"column":61}}]}},"s":{"0":5,"1":5,"2":5,"3":5,"4":5,"5":11,"6":11,"7":7,"8":7,"9":0,"10":7,"11":6,"12":6,"13":6,"14":2,"15":1,"16":7,"17":7,"18":1,"19":2,"20":1,"21":5},"f":{"0":11,"1":7,"2":2,"3":7,"4":2},"b":{"0":[0],"1":[7,7,7],"2":[1]}}
,"C:\\Users\\Daniel\\colmanfullstack\\backend\\src\\utils\\user.util.ts": {"path":"C:\\Users\\Daniel\\colmanfullstack\\backend\\src\\utils\\user.util.ts","statementMap":{"0":{"start":{"line":4,"column":37},"end":{"line":7,"column":1}},"1":{"start":{"line":5,"column":45},"end":{"line":5,"column":100}},"2":{"start":{"line":6,"column":4},"end":{"line":6,"column":21}},"3":{"start":{"line":4,"column":13},"end":{"line":4,"column":37}}},"fnMap":{"0":{"name":"(anonymous_0)","decl":{"start":{"line":4,"column":37},"end":{"line":4,"column":38}},"loc":{"start":{"line":4,"column":54},"end":{"line":7,"column":1}}}},"branchMap":{},"s":{"0":5,"1":15,"2":15,"3":5},"f":{"0":15},"b":{}}
}
