{"C:\\Users\\Ilay\\Desktop\\colmanfullstack\\backend\\src\\app.ts": {"path":"C:\\Users\\Ilay\\Desktop\\colmanfullstack\\backend\\src\\app.ts","statementMap":{"0":{"start":{"line":1,"column":0},"end":{"line":1,"column":24}},"1":{"start":{"line":2,"column":0},"end":{"line":2,"column":28}},"2":{"start":{"line":3,"column":0},"end":{"line":3,"column":41}},"3":{"start":{"line":4,"column":0},"end":{"line":4,"column":43}},"4":{"start":{"line":6,"column":0},"end":{"line":6,"column":36}},"5":{"start":{"line":7,"column":0},"end":{"line":7,"column":62}},"6":{"start":{"line":8,"column":0},"end":{"line":8,"column":55}},"7":{"start":{"line":9,"column":0},"end":{"line":9,"column":49}},"8":{"start":{"line":10,"column":0},"end":{"line":10,"column":49}},"9":{"start":{"line":11,"column":0},"end":{"line":11,"column":49}},"10":{"start":{"line":12,"column":0},"end":{"line":12,"column":47}},"11":{"start":{"line":14,"column":41},"end":{"line":58,"column":2}},"12":{"start":{"line":16,"column":16},"end":{"line":16,"column":25}},"13":{"start":{"line":18,"column":4},"end":{"line":18,"column":28}},"14":{"start":{"line":20,"column":4},"end":{"line":24,"column":5}},"15":{"start":{"line":21,"column":8},"end":{"line":21,"column":null}},"16":{"start":{"line":23,"column":8},"end":{"line":23,"column":null}},"17":{"start":{"line":28,"column":4},"end":{"line":28,"column":20}},"18":{"start":{"line":30,"column":4},"end":{"line":30,"column":36}},"19":{"start":{"line":32,"column":4},"end":{"line":32,"column":37}},"20":{"start":{"line":33,"column":4},"end":{"line":33,"column":37}},"21":{"start":{"line":34,"column":4},"end":{"line":34,"column":43}},"22":{"start":{"line":35,"column":4},"end":{"line":35,"column":37}},"23":{"start":{"line":37,"column":4},"end":{"line":37,"column":null}},"24":{"start":{"line":39,"column":49},"end":{"line":49,"column":6}},"25":{"start":{"line":51,"column":24},"end":{"line":51,"column":52}},"26":{"start":{"line":53,"column":4},"end":{"line":53,"column":72}},"27":{"start":{"line":55,"column":4},"end":{"line":55,"column":null}},"28":{"start":{"line":60,"column":0},"end":{"line":60,"column":null}}},"fnMap":{"0":{"name":"(anonymous_1)","decl":{"start":{"line":14,"column":53},"end":{"line":14,"column":54}},"loc":{"start":{"line":14,"column":73},"end":{"line":58,"column":1}}}},"branchMap":{"0":{"loc":{"start":{"line":20,"column":4},"end":{"line":24,"column":5}},"type":"if","locations":[{"start":{"line":20,"column":4},"end":{"line":24,"column":5}},{"start":{"line":22,"column":11},"end":{"line":24,"column":5}}]}},"s":{"0":1,"1":1,"2":1,"3":1,"4":1,"5":1,"6":1,"7":1,"8":1,"9":1,"10":1,"11":1,"12":1,"13":1,"14":1,"15":1,"16":0,"17":1,"18":1,"19":1,"20":1,"21":1,"22":1,"23":1,"24":1,"25":1,"26":1,"27":1,"28":1},"f":{"0":1},"b":{"0":[1,0]}}
,"C:\\Users\\Ilay\\Desktop\\colmanfullstack\\backend\\src\\config\\config.ts": {"path":"C:\\Users\\Ilay\\Desktop\\colmanfullstack\\backend\\src\\config\\config.ts","statementMap":{"0":{"start":{"line":1,"column":0},"end":{"line":1,"column":28}},"1":{"start":{"line":3,"column":0},"end":{"line":3,"column":16}},"2":{"start":{"line":5,"column":13},"end":{"line":11,"column":null}}},"fnMap":{},"branchMap":{"0":{"loc":{"start":{"line":6,"column":17},"end":{"line":6,"column":51}},"type":"binary-expr","locations":[{"start":{"line":6,"column":17},"end":{"line":6,"column":39}},{"start":{"line":6,"column":43},"end":{"line":6,"column":51}}]},"1":{"loc":{"start":{"line":7,"column":21},"end":{"line":7,"column":68}},"type":"binary-expr","locations":[{"start":{"line":7,"column":21},"end":{"line":7,"column":47}},{"start":{"line":7,"column":52},"end":{"line":7,"column":68}}]},"2":{"loc":{"start":{"line":8,"column":21},"end":{"line":8,"column":55}},"type":"binary-expr","locations":[{"start":{"line":8,"column":21},"end":{"line":8,"column":47}},{"start":{"line":8,"column":51},"end":{"line":8,"column":55}}]},"3":{"loc":{"start":{"line":9,"column":15},"end":{"line":9,"column":78}},"type":"binary-expr","locations":[{"start":{"line":9,"column":15},"end":{"line":9,"column":36}},{"start":{"line":9,"column":40},"end":{"line":9,"column":78}}]},"4":{"loc":{"start":{"line":10,"column":19},"end":{"line":10,"column":45}},"type":"binary-expr","locations":[{"start":{"line":10,"column":19},"end":{"line":10,"column":35}},{"start":{"line":10,"column":39},"end":{"line":10,"column":45}}]}},"s":{"0":1,"1":1,"2":1},"f":{},"b":{"0":[1,0],"1":[1,0],"2":[1,0],"3":[1,0],"4":[1,0]}}
,"C:\\Users\\Ilay\\Desktop\\colmanfullstack\\backend\\src\\config\\db.ts": {"path":"C:\\Users\\Ilay\\Desktop\\colmanfullstack\\backend\\src\\config\\db.ts","statementMap":{"0":{"start":{"line":1,"column":0},"end":{"line":1,"column":32}},"1":{"start":{"line":2,"column":0},"end":{"line":2,"column":28}},"2":{"start":{"line":3,"column":0},"end":{"line":3,"column":34}},"3":{"start":{"line":5,"column":0},"end":{"line":5,"column":16}},"4":{"start":{"line":7,"column":18},"end":{"line":15,"column":2}},"5":{"start":{"line":7,"column":29},"end":{"line":15,"column":2}},"6":{"start":{"line":8,"column":2},"end":{"line":14,"column":3}},"7":{"start":{"line":9,"column":4},"end":{"line":9,"column":55}},"8":{"start":{"line":10,"column":4},"end":{"line":10,"column":37}},"9":{"start":{"line":12,"column":4},"end":{"line":12,"column":53}},"10":{"start":{"line":13,"column":4},"end":{"line":13,"column":20}},"11":{"start":{"line":17,"column":0},"end":{"line":17,"column":25}}},"fnMap":{"0":{"name":"(anonymous_8)","decl":{"start":{"line":7,"column":18},"end":{"line":7,"column":27}},"loc":{"start":{"line":7,"column":29},"end":{"line":15,"column":2}}},"1":{"name":"(anonymous_9)","decl":{"start":{"line":7,"column":29},"end":{"line":7,"column":null}},"loc":{"start":{"line":7,"column":29},"end":{"line":15,"column":1}}}},"branchMap":{},"s":{"0":1,"1":1,"2":1,"3":1,"4":1,"5":1,"6":1,"7":1,"8":1,"9":0,"10":0,"11":1},"f":{"0":1,"1":1},"b":{}}
,"C:\\Users\\Ilay\\Desktop\\colmanfullstack\\backend\\src\\controllers\\auth.controller.ts": {"path":"C:\\Users\\Ilay\\Desktop\\colmanfullstack\\backend\\src\\controllers\\auth.controller.ts","statementMap":{"0":{"start":{"line":3,"column":0},"end":{"line":3,"column":51}},"1":{"start":{"line":5,"column":0},"end":{"line":5,"column":55}},"2":{"start":{"line":6,"column":17},"end":{"line":6,"column":36}},"3":{"start":{"line":10,"column":4},"end":{"line":10,"column":29}},"4":{"start":{"line":14,"column":41},"end":{"line":14,"column":49}},"5":{"start":{"line":15,"column":4},"end":{"line":24,"column":5}},"6":{"start":{"line":16,"column":6},"end":{"line":18,"column":7}},"7":{"start":{"line":17,"column":8},"end":{"line":17,"column":69}},"8":{"start":{"line":20,"column":23},"end":{"line":20,"column":83}},"9":{"start":{"line":21,"column":6},"end":{"line":21,"column":37}},"10":{"start":{"line":23,"column":6},"end":{"line":23,"column":55}},"11":{"start":{"line":28,"column":34},"end":{"line":28,"column":42}},"12":{"start":{"line":29,"column":4},"end":{"line":38,"column":5}},"13":{"start":{"line":30,"column":6},"end":{"line":32,"column":7}},"14":{"start":{"line":31,"column":8},"end":{"line":31,"column":60}},"15":{"start":{"line":34,"column":38},"end":{"line":34,"column":86}},"16":{"start":{"line":35,"column":6},"end":{"line":35,"column":39}},"17":{"start":{"line":37,"column":6},"end":{"line":37,"column":55}},"18":{"start":{"line":43,"column":24},"end":{"line":43,"column":52}},"19":{"start":{"line":44,"column":18},"end":{"line":44,"column":58}},"20":{"start":{"line":46,"column":4},"end":{"line":55,"column":5}},"21":{"start":{"line":47,"column":6},"end":{"line":47,"column":61}},"22":{"start":{"line":49,"column":6},"end":{"line":54,"column":7}},"23":{"start":{"line":50,"column":5},"end":{"line":50,"column":38}},"24":{"start":{"line":51,"column":8},"end":{"line":51,"column":31}},"25":{"start":{"line":53,"column":8},"end":{"line":53,"column":57}},"26":{"start":{"line":60,"column":24},"end":{"line":60,"column":52}},"27":{"start":{"line":61,"column":18},"end":{"line":61,"column":58}},"28":{"start":{"line":63,"column":4},"end":{"line":72,"column":5}},"29":{"start":{"line":64,"column":6},"end":{"line":64,"column":61}},"30":{"start":{"line":66,"column":6},"end":{"line":71,"column":7}},"31":{"start":{"line":67,"column":41},"end":{"line":67,"column":83}},"32":{"start":{"line":68,"column":8},"end":{"line":68,"column":41}},"33":{"start":{"line":70,"column":8},"end":{"line":70,"column":57}},"34":{"start":{"line":8,"column":0},"end":{"line":8,"column":13}},"35":{"start":{"line":78,"column":13},"end":{"line":78,"column":51}}},"fnMap":{"0":{"name":"(anonymous_7)","decl":{"start":{"line":9,"column":2},"end":{"line":9,"column":null}},"loc":{"start":{"line":9,"column":2},"end":{"line":11,"column":3}}},"1":{"name":"(anonymous_8)","decl":{"start":{"line":13,"column":8},"end":{"line":13,"column":16}},"loc":{"start":{"line":13,"column":44},"end":{"line":25,"column":null}}},"2":{"name":"(anonymous_10)","decl":{"start":{"line":27,"column":8},"end":{"line":27,"column":13}},"loc":{"start":{"line":27,"column":41},"end":{"line":39,"column":null}}},"3":{"name":"(anonymous_12)","decl":{"start":{"line":41,"column":10},"end":{"line":41,"column":16}},"loc":{"start":{"line":41,"column":45},"end":{"line":57,"column":2}}},"4":{"name":"(anonymous_14)","decl":{"start":{"line":59,"column":8},"end":{"line":59,"column":15}},"loc":{"start":{"line":59,"column":43},"end":{"line":75,"column":null}}}},"branchMap":{"0":{"loc":{"start":{"line":16,"column":6},"end":{"line":18,"column":7}},"type":"if","locations":[{"start":{"line":16,"column":6},"end":{"line":18,"column":7}}]},"1":{"loc":{"start":{"line":16,"column":9},"end":{"line":16,"column":41}},"type":"binary-expr","locations":[{"start":{"line":16,"column":9},"end":{"line":16,"column":18}},{"start":{"line":16,"column":22},"end":{"line":16,"column":31}},{"start":{"line":16,"column":35},"end":{"line":16,"column":41}}]},"2":{"loc":{"start":{"line":30,"column":6},"end":{"line":32,"column":7}},"type":"if","locations":[{"start":{"line":30,"column":6},"end":{"line":32,"column":7}}]},"3":{"loc":{"start":{"line":30,"column":9},"end":{"line":30,"column":31}},"type":"binary-expr","locations":[{"start":{"line":30,"column":9},"end":{"line":30,"column":18}},{"start":{"line":30,"column":22},"end":{"line":30,"column":31}}]},"4":{"loc":{"start":{"line":44,"column":18},"end":{"line":44,"column":58}},"type":"binary-expr","locations":[{"start":{"line":44,"column":18},"end":{"line":44,"column":29}},{"start":{"line":44,"column":33},"end":{"line":44,"column":58}}]},"5":{"loc":{"start":{"line":46,"column":4},"end":{"line":55,"column":5}},"type":"if","locations":[{"start":{"line":46,"column":4},"end":{"line":55,"column":5}},{"start":{"line":48,"column":11},"end":{"line":55,"column":5}}]},"6":{"loc":{"start":{"line":61,"column":18},"end":{"line":61,"column":58}},"type":"binary-expr","locations":[{"start":{"line":61,"column":18},"end":{"line":61,"column":29}},{"start":{"line":61,"column":33},"end":{"line":61,"column":58}}]},"7":{"loc":{"start":{"line":63,"column":4},"end":{"line":72,"column":5}},"type":"if","locations":[{"start":{"line":63,"column":4},"end":{"line":72,"column":5}},{"start":{"line":65,"column":11},"end":{"line":72,"column":5}}]}},"s":{"0":1,"1":1,"2":1,"3":1,"4":1,"5":1,"6":1,"7":0,"8":1,"9":1,"10":0,"11":1,"12":1,"13":1,"14":0,"15":1,"16":1,"17":0,"18":1,"19":1,"20":1,"21":0,"22":1,"23":1,"24":1,"25":0,"26":1,"27":1,"28":1,"29":0,"30":1,"31":1,"32":1,"33":0,"34":1,"35":1},"f":{"0":1,"1":1,"2":1,"3":1,"4":1},"b":{"0":[0],"1":[1,1,1],"2":[0],"3":[1,1],"4":[1,1],"5":[0,1],"6":[1,1],"7":[0,1]}}
,"C:\\Users\\Ilay\\Desktop\\colmanfullstack\\backend\\src\\controllers\\base.controller.ts": {"path":"C:\\Users\\Ilay\\Desktop\\colmanfullstack\\backend\\src\\controllers\\base.controller.ts","statementMap":{"0":{"start":{"line":3,"column":0},"end":{"line":3,"column":59}},"1":{"start":{"line":10,"column":4},"end":{"line":10,"column":27}},"2":{"start":{"line":11,"column":4},"end":{"line":11,"column":null}},"3":{"start":{"line":15,"column":4},"end":{"line":23,"column":5}},"4":{"start":{"line":17,"column":21},"end":{"line":17,"column":47}},"5":{"start":{"line":18,"column":22},"end":{"line":18,"column":82}},"6":{"start":{"line":19,"column":6},"end":{"line":19,"column":null}},"7":{"start":{"line":22,"column":6},"end":{"line":22,"column":55}},"8":{"start":{"line":27,"column":4},"end":{"line":33,"column":5}},"9":{"start":{"line":28,"column":27},"end":{"line":28,"column":54}},"10":{"start":{"line":29,"column":6},"end":{"line":29,"column":null}},"11":{"start":{"line":32,"column":6},"end":{"line":32,"column":55}},"12":{"start":{"line":37,"column":4},"end":{"line":45,"column":5}},"13":{"start":{"line":38,"column":6},"end":{"line":38,"column":null}},"14":{"start":{"line":38,"column":28},"end":{"line":38,"column":null}},"15":{"start":{"line":39,"column":17},"end":{"line":39,"column":32}},"16":{"start":{"line":40,"column":24},"end":{"line":40,"column":54}},"17":{"start":{"line":41,"column":6},"end":{"line":41,"column":null}},"18":{"start":{"line":44,"column":6},"end":{"line":44,"column":55}},"19":{"start":{"line":49,"column":4},"end":{"line":60,"column":5}},"20":{"start":{"line":50,"column":6},"end":{"line":50,"column":null}},"21":{"start":{"line":50,"column":28},"end":{"line":50,"column":null}},"22":{"start":{"line":51,"column":17},"end":{"line":51,"column":32}},"23":{"start":{"line":53,"column":21},"end":{"line":53,"column":47}},"24":{"start":{"line":54,"column":6},"end":{"line":54,"column":null}},"25":{"start":{"line":54,"column":82},"end":{"line":54,"column":null}},"26":{"start":{"line":55,"column":33},"end":{"line":55,"column":66}},"27":{"start":{"line":56,"column":6},"end":{"line":56,"column":null}},"28":{"start":{"line":59,"column":6},"end":{"line":59,"column":55}},"29":{"start":{"line":64,"column":4},"end":{"line":75,"column":5}},"30":{"start":{"line":66,"column":21},"end":{"line":66,"column":29}},"31":{"start":{"line":67,"column":21},"end":{"line":67,"column":47}},"32":{"start":{"line":68,"column":6},"end":{"line":68,"column":null}},"33":{"start":{"line":68,"column":82},"end":{"line":68,"column":null}},"34":{"start":{"line":70,"column":30},"end":{"line":70,"column":69}},"35":{"start":{"line":71,"column":6},"end":{"line":71,"column":null}},"36":{"start":{"line":74,"column":6},"end":{"line":74,"column":55}},"37":{"start":{"line":6,"column":0},"end":{"line":6,"column":13}}},"fnMap":{"0":{"name":"(anonymous_7)","decl":{"start":{"line":9,"column":2},"end":{"line":9,"column":14}},"loc":{"start":{"line":9,"column":69},"end":{"line":12,"column":3}}},"1":{"name":"(anonymous_8)","decl":{"start":{"line":14,"column":8},"end":{"line":14,"column":14}},"loc":{"start":{"line":14,"column":42},"end":{"line":24,"column":4}}},"2":{"name":"(anonymous_10)","decl":{"start":{"line":26,"column":8},"end":{"line":26,"column":14}},"loc":{"start":{"line":26,"column":42},"end":{"line":34,"column":4}}},"3":{"name":"(anonymous_12)","decl":{"start":{"line":36,"column":8},"end":{"line":36,"column":15}},"loc":{"start":{"line":36,"column":43},"end":{"line":46,"column":4}}},"4":{"name":"(anonymous_14)","decl":{"start":{"line":48,"column":8},"end":{"line":48,"column":18}},"loc":{"start":{"line":48,"column":46},"end":{"line":61,"column":4}}},"5":{"name":"(anonymous_16)","decl":{"start":{"line":63,"column":8},"end":{"line":63,"column":14}},"loc":{"start":{"line":63,"column":42},"end":{"line":76,"column":4}}}},"branchMap":{"0":{"loc":{"start":{"line":9,"column":32},"end":{"line":9,"column":69}},"type":"default-arg","locations":[{"start":{"line":9,"column":50},"end":{"line":9,"column":69}}]},"1":{"loc":{"start":{"line":38,"column":6},"end":{"line":38,"column":null}},"type":"if","locations":[{"start":{"line":38,"column":6},"end":{"line":38,"column":null}}]},"2":{"loc":{"start":{"line":38,"column":11},"end":{"line":38,"column":26}},"type":"cond-expr","locations":[{"start":{"line":38,"column":22},"end":{"line":38,"column":24}},{"start":{"line":38,"column":22},"end":{"line":38,"column":26}}]},"3":{"loc":{"start":{"line":38,"column":11},"end":{"line":38,"column":24}},"type":"binary-expr","locations":[{"start":{"line":38,"column":11},"end":{"line":38,"column":24}},{"start":{"line":38,"column":22},"end":{"line":38,"column":24}}]},"4":{"loc":{"start":{"line":38,"column":11},"end":{"line":38,"column":22}},"type":"cond-expr","locations":[{"start":{"line":38,"column":14},"end":{"line":38,"column":16}},{"start":{"line":38,"column":11},"end":{"line":38,"column":22}}]},"5":{"loc":{"start":{"line":38,"column":11},"end":{"line":38,"column":16}},"type":"binary-expr","locations":[{"start":{"line":38,"column":11},"end":{"line":38,"column":16}},{"start":{"line":38,"column":11},"end":{"line":38,"column":16}}]},"6":{"loc":{"start":{"line":39,"column":17},"end":{"line":39,"column":32}},"type":"cond-expr","locations":[{"start":{"line":39,"column":28},"end":{"line":39,"column":30}},{"start":{"line":39,"column":28},"end":{"line":39,"column":32}}]},"7":{"loc":{"start":{"line":39,"column":17},"end":{"line":39,"column":30}},"type":"binary-expr","locations":[{"start":{"line":39,"column":17},"end":{"line":39,"column":30}},{"start":{"line":39,"column":28},"end":{"line":39,"column":30}}]},"8":{"loc":{"start":{"line":39,"column":17},"end":{"line":39,"column":28}},"type":"cond-expr","locations":[{"start":{"line":39,"column":20},"end":{"line":39,"column":22}},{"start":{"line":39,"column":17},"end":{"line":39,"column":28}}]},"9":{"loc":{"start":{"line":39,"column":17},"end":{"line":39,"column":22}},"type":"binary-expr","locations":[{"start":{"line":39,"column":17},"end":{"line":39,"column":22}},{"start":{"line":39,"column":17},"end":{"line":39,"column":22}}]},"10":{"loc":{"start":{"line":50,"column":6},"end":{"line":50,"column":null}},"type":"if","locations":[{"start":{"line":50,"column":6},"end":{"line":50,"column":null}}]},"11":{"loc":{"start":{"line":50,"column":11},"end":{"line":50,"column":26}},"type":"cond-expr","locations":[{"start":{"line":50,"column":22},"end":{"line":50,"column":24}},{"start":{"line":50,"column":22},"end":{"line":50,"column":26}}]},"12":{"loc":{"start":{"line":50,"column":11},"end":{"line":50,"column":24}},"type":"binary-expr","locations":[{"start":{"line":50,"column":11},"end":{"line":50,"column":24}},{"start":{"line":50,"column":22},"end":{"line":50,"column":24}}]},"13":{"loc":{"start":{"line":50,"column":11},"end":{"line":50,"column":22}},"type":"cond-expr","locations":[{"start":{"line":50,"column":14},"end":{"line":50,"column":16}},{"start":{"line":50,"column":11},"end":{"line":50,"column":22}}]},"14":{"loc":{"start":{"line":50,"column":11},"end":{"line":50,"column":16}},"type":"binary-expr","locations":[{"start":{"line":50,"column":11},"end":{"line":50,"column":16}},{"start":{"line":50,"column":11},"end":{"line":50,"column":16}}]},"15":{"loc":{"start":{"line":51,"column":17},"end":{"line":51,"column":32}},"type":"cond-expr","locations":[{"start":{"line":51,"column":28},"end":{"line":51,"column":30}},{"start":{"line":51,"column":28},"end":{"line":51,"column":32}}]},"16":{"loc":{"start":{"line":51,"column":17},"end":{"line":51,"column":30}},"type":"binary-expr","locations":[{"start":{"line":51,"column":17},"end":{"line":51,"column":30}},{"start":{"line":51,"column":28},"end":{"line":51,"column":30}}]},"17":{"loc":{"start":{"line":51,"column":17},"end":{"line":51,"column":28}},"type":"cond-expr","locations":[{"start":{"line":51,"column":20},"end":{"line":51,"column":22}},{"start":{"line":51,"column":17},"end":{"line":51,"column":28}}]},"18":{"loc":{"start":{"line":51,"column":17},"end":{"line":51,"column":22}},"type":"binary-expr","locations":[{"start":{"line":51,"column":17},"end":{"line":51,"column":22}},{"start":{"line":51,"column":17},"end":{"line":51,"column":22}}]},"19":{"loc":{"start":{"line":54,"column":6},"end":{"line":54,"column":null}},"type":"if","locations":[{"start":{"line":54,"column":6},"end":{"line":54,"column":null}}]},"20":{"loc":{"start":{"line":68,"column":6},"end":{"line":68,"column":null}},"type":"if","locations":[{"start":{"line":68,"column":6},"end":{"line":68,"column":null}}]}},"s":{"0":1,"1":4,"2":4,"3":0,"4":0,"5":0,"6":0,"7":0,"8":0,"9":0,"10":0,"11":0,"12":0,"13":0,"14":0,"15":0,"16":0,"17":0,"18":0,"19":0,"20":0,"21":0,"22":0,"23":0,"24":0,"25":0,"26":0,"27":0,"28":0,"29":0,"30":0,"31":0,"32":0,"33":0,"34":0,"35":0,"36":0,"37":1},"f":{"0":4,"1":0,"2":0,"3":0,"4":0,"5":0},"b":{"0":[3],"1":[0],"2":[0,0],"3":[0,0],"4":[0,0],"5":[0,0],"6":[0,0],"7":[0,0],"8":[0,0],"9":[0,0],"10":[0],"11":[0,0],"12":[0,0],"13":[0,0],"14":[0,0],"15":[0,0],"16":[0,0],"17":[0,0],"18":[0,0],"19":[0],"20":[0]}}
,"C:\\Users\\Ilay\\Desktop\\colmanfullstack\\backend\\src\\controllers\\comment.controller.ts": {"path":"C:\\Users\\Ilay\\Desktop\\colmanfullstack\\backend\\src\\controllers\\comment.controller.ts","statementMap":{"0":{"start":{"line":3,"column":0},"end":{"line":3,"column":61}},"1":{"start":{"line":4,"column":0},"end":{"line":4,"column":51}},"2":{"start":{"line":9,"column":4},"end":{"line":9,"column":32}},"3":{"start":{"line":13,"column":4},"end":{"line":22,"column":5}},"4":{"start":{"line":14,"column":6},"end":{"line":14,"column":null}},"5":{"start":{"line":14,"column":32},"end":{"line":14,"column":null}},"6":{"start":{"line":15,"column":21},"end":{"line":15,"column":40}},"7":{"start":{"line":17,"column":6},"end":{"line":17,"column":52}},"8":{"start":{"line":18,"column":6},"end":{"line":18,"column":null}},"9":{"start":{"line":21,"column":6},"end":{"line":21,"column":55}},"10":{"start":{"line":7,"column":0},"end":{"line":7,"column":13}},"11":{"start":{"line":26,"column":13},"end":{"line":26,"column":57}}},"fnMap":{"0":{"name":"(anonymous_7)","decl":{"start":{"line":8,"column":2},"end":{"line":8,"column":null}},"loc":{"start":{"line":8,"column":2},"end":{"line":10,"column":3}}},"1":{"name":"(anonymous_8)","decl":{"start":{"line":12,"column":8},"end":{"line":12,"column":24}},"loc":{"start":{"line":12,"column":52},"end":{"line":23,"column":null}}}},"branchMap":{"0":{"loc":{"start":{"line":14,"column":6},"end":{"line":14,"column":null}},"type":"if","locations":[{"start":{"line":14,"column":6},"end":{"line":14,"column":null}}]},"1":{"loc":{"start":{"line":14,"column":11},"end":{"line":14,"column":30}},"type":"cond-expr","locations":[{"start":{"line":14,"column":22},"end":{"line":14,"column":24}},{"start":{"line":14,"column":22},"end":{"line":14,"column":30}}]},"2":{"loc":{"start":{"line":14,"column":11},"end":{"line":14,"column":24}},"type":"binary-expr","locations":[{"start":{"line":14,"column":11},"end":{"line":14,"column":24}},{"start":{"line":14,"column":22},"end":{"line":14,"column":24}}]},"3":{"loc":{"start":{"line":14,"column":11},"end":{"line":14,"column":22}},"type":"cond-expr","locations":[{"start":{"line":14,"column":14},"end":{"line":14,"column":16}},{"start":{"line":14,"column":11},"end":{"line":14,"column":22}}]},"4":{"loc":{"start":{"line":14,"column":11},"end":{"line":14,"column":16}},"type":"binary-expr","locations":[{"start":{"line":14,"column":11},"end":{"line":14,"column":16}},{"start":{"line":14,"column":11},"end":{"line":14,"column":16}}]},"5":{"loc":{"start":{"line":15,"column":21},"end":{"line":15,"column":40}},"type":"cond-expr","locations":[{"start":{"line":15,"column":32},"end":{"line":15,"column":34}},{"start":{"line":15,"column":32},"end":{"line":15,"column":40}}]},"6":{"loc":{"start":{"line":15,"column":21},"end":{"line":15,"column":34}},"type":"binary-expr","locations":[{"start":{"line":15,"column":21},"end":{"line":15,"column":34}},{"start":{"line":15,"column":32},"end":{"line":15,"column":34}}]},"7":{"loc":{"start":{"line":15,"column":21},"end":{"line":15,"column":32}},"type":"cond-expr","locations":[{"start":{"line":15,"column":24},"end":{"line":15,"column":26}},{"start":{"line":15,"column":21},"end":{"line":15,"column":32}}]},"8":{"loc":{"start":{"line":15,"column":21},"end":{"line":15,"column":26}},"type":"binary-expr","locations":[{"start":{"line":15,"column":21},"end":{"line":15,"column":26}},{"start":{"line":15,"column":21},"end":{"line":15,"column":26}}]}},"s":{"0":1,"1":1,"2":1,"3":0,"4":0,"5":0,"6":0,"7":0,"8":0,"9":0,"10":1,"11":1},"f":{"0":1,"1":0},"b":{"0":[0],"1":[0,0],"2":[0,0],"3":[0,0],"4":[0,0],"5":[0,0],"6":[0,0],"7":[0,0],"8":[0,0]}}
,"C:\\Users\\Ilay\\Desktop\\colmanfullstack\\backend\\src\\controllers\\post.controller.ts": {"path":"C:\\Users\\Ilay\\Desktop\\colmanfullstack\\backend\\src\\controllers\\post.controller.ts","statementMap":{"0":{"start":{"line":3,"column":0},"end":{"line":3,"column":55}},"1":{"start":{"line":4,"column":0},"end":{"line":4,"column":59}},"2":{"start":{"line":5,"column":0},"end":{"line":5,"column":51}},"3":{"start":{"line":10,"column":4},"end":{"line":10,"column":29}},"4":{"start":{"line":14,"column":4},"end":{"line":14,"column":null}},"5":{"start":{"line":18,"column":4},"end":{"line":18,"column":null}},"6":{"start":{"line":22,"column":4},"end":{"line":38,"column":5}},"7":{"start":{"line":23,"column":6},"end":{"line":35,"column":7}},"8":{"start":{"line":25,"column":23},"end":{"line":25,"column":40}},"9":{"start":{"line":27,"column":23},"end":{"line":27,"column":49}},"10":{"start":{"line":29,"column":33},"end":{"line":29,"column":91}},"11":{"start":{"line":31,"column":8},"end":{"line":31,"column":48}},"12":{"start":{"line":34,"column":8},"end":{"line":34,"column":null}},"13":{"start":{"line":37,"column":6},"end":{"line":37,"column":55}},"14":{"start":{"line":42,"column":4},"end":{"line":49,"column":5}},"15":{"start":{"line":44,"column":20},"end":{"line":44,"column":47}},"16":{"start":{"line":45,"column":6},"end":{"line":45,"column":22}},"17":{"start":{"line":48,"column":6},"end":{"line":48,"column":55}},"18":{"start":{"line":8,"column":0},"end":{"line":8,"column":13}},"19":{"start":{"line":53,"column":13},"end":{"line":53,"column":51}}},"fnMap":{"0":{"name":"(anonymous_7)","decl":{"start":{"line":9,"column":2},"end":{"line":9,"column":null}},"loc":{"start":{"line":9,"column":2},"end":{"line":11,"column":3}}},"1":{"name":"(anonymous_8)","decl":{"start":{"line":13,"column":8},"end":{"line":13,"column":12}},"loc":{"start":{"line":13,"column":40},"end":{"line":15,"column":null}}},"2":{"name":"(anonymous_10)","decl":{"start":{"line":17,"column":8},"end":{"line":17,"column":14}},"loc":{"start":{"line":17,"column":42},"end":{"line":19,"column":null}}},"3":{"name":"(anonymous_12)","decl":{"start":{"line":21,"column":16},"end":{"line":21,"column":30}},"loc":{"start":{"line":21,"column":76},"end":{"line":39,"column":null}}},"4":{"name":"(anonymous_14)","decl":{"start":{"line":41,"column":8},"end":{"line":41,"column":16}},"loc":{"start":{"line":41,"column":44},"end":{"line":50,"column":null}}}},"branchMap":{"0":{"loc":{"start":{"line":23,"column":6},"end":{"line":35,"column":7}},"type":"if","locations":[{"start":{"line":23,"column":6},"end":{"line":35,"column":7}},{"start":{"line":33,"column":13},"end":{"line":35,"column":7}}]},"1":{"loc":{"start":{"line":23,"column":10},"end":{"line":23,"column":29}},"type":"cond-expr","locations":[{"start":{"line":23,"column":21},"end":{"line":23,"column":23}},{"start":{"line":23,"column":21},"end":{"line":23,"column":29}}]},"2":{"loc":{"start":{"line":23,"column":10},"end":{"line":23,"column":23}},"type":"binary-expr","locations":[{"start":{"line":23,"column":10},"end":{"line":23,"column":23}},{"start":{"line":23,"column":21},"end":{"line":23,"column":23}}]},"3":{"loc":{"start":{"line":23,"column":10},"end":{"line":23,"column":21}},"type":"cond-expr","locations":[{"start":{"line":23,"column":13},"end":{"line":23,"column":15}},{"start":{"line":23,"column":10},"end":{"line":23,"column":21}}]},"4":{"loc":{"start":{"line":23,"column":10},"end":{"line":23,"column":15}},"type":"binary-expr","locations":[{"start":{"line":23,"column":10},"end":{"line":23,"column":15}},{"start":{"line":23,"column":10},"end":{"line":23,"column":15}}]}},"s":{"0":1,"1":1,"2":1,"3":1,"4":0,"5":0,"6":0,"7":0,"8":0,"9":0,"10":0,"11":0,"12":0,"13":0,"14":0,"15":0,"16":0,"17":0,"18":1,"19":1},"f":{"0":1,"1":0,"2":0,"3":0,"4":0},"b":{"0":[0,0],"1":[0,0],"2":[0,0],"3":[0,0],"4":[0,0]}}
,"C:\\Users\\Ilay\\Desktop\\colmanfullstack\\backend\\src\\controllers\\user.controller.ts": {"path":"C:\\Users\\Ilay\\Desktop\\colmanfullstack\\backend\\src\\controllers\\user.controller.ts","statementMap":{"0":{"start":{"line":4,"column":0},"end":{"line":4,"column":55}},"1":{"start":{"line":5,"column":0},"end":{"line":5,"column":59}},"2":{"start":{"line":6,"column":0},"end":{"line":6,"column":51}},"3":{"start":{"line":11,"column":4},"end":{"line":11,"column":36}},"4":{"start":{"line":15,"column":4},"end":{"line":22,"column":5}},"5":{"start":{"line":17,"column":22},"end":{"line":17,"column":61}},"6":{"start":{"line":18,"column":6},"end":{"line":18,"column":null}},"7":{"start":{"line":21,"column":6},"end":{"line":21,"column":55}},"8":{"start":{"line":26,"column":4},"end":{"line":38,"column":5}},"9":{"start":{"line":27,"column":6},"end":{"line":35,"column":7}},"10":{"start":{"line":28,"column":23},"end":{"line":28,"column":40}},"11":{"start":{"line":29,"column":31},"end":{"line":29,"column":70}},"12":{"start":{"line":31,"column":8},"end":{"line":31,"column":24}},"13":{"start":{"line":34,"column":8},"end":{"line":34,"column":null}},"14":{"start":{"line":37,"column":6},"end":{"line":37,"column":55}},"15":{"start":{"line":42,"column":4},"end":{"line":49,"column":5}},"16":{"start":{"line":43,"column":20},"end":{"line":43,"column":65}},"17":{"start":{"line":44,"column":23},"end":{"line":44,"column":59}},"18":{"start":{"line":46,"column":6},"end":{"line":46,"column":27}},"19":{"start":{"line":48,"column":6},"end":{"line":48,"column":55}},"20":{"start":{"line":53,"column":4},"end":{"line":71,"column":5}},"21":{"start":{"line":54,"column":21},"end":{"line":54,"column":47}},"22":{"start":{"line":55,"column":34},"end":{"line":55,"column":42}},"23":{"start":{"line":57,"column":6},"end":{"line":59,"column":7}},"24":{"start":{"line":58,"column":8},"end":{"line":58,"column":57}},"25":{"start":{"line":61,"column":64},"end":{"line":61,"column":66}},"26":{"start":{"line":62,"column":6},"end":{"line":62,"column":51}},"27":{"start":{"line":62,"column":20},"end":{"line":62,"column":51}},"28":{"start":{"line":63,"column":6},"end":{"line":63,"column":42}},"29":{"start":{"line":63,"column":17},"end":{"line":63,"column":42}},"30":{"start":{"line":65,"column":22},"end":{"line":65,"column":67}},"31":{"start":{"line":67,"column":6},"end":{"line":67,"column":28}},"32":{"start":{"line":70,"column":6},"end":{"line":70,"column":55}},"33":{"start":{"line":8,"column":0},"end":{"line":8,"column":13}},"34":{"start":{"line":75,"column":13},"end":{"line":75,"column":51}}},"fnMap":{"0":{"name":"(anonymous_7)","decl":{"start":{"line":10,"column":2},"end":{"line":10,"column":null}},"loc":{"start":{"line":10,"column":2},"end":{"line":12,"column":3}}},"1":{"name":"(anonymous_8)","decl":{"start":{"line":14,"column":17},"end":{"line":14,"column":23}},"loc":{"start":{"line":14,"column":51},"end":{"line":23,"column":null}}},"2":{"name":"(anonymous_10)","decl":{"start":{"line":25,"column":8},"end":{"line":25,"column":20}},"loc":{"start":{"line":25,"column":48},"end":{"line":39,"column":null}}},"3":{"name":"(anonymous_12)","decl":{"start":{"line":41,"column":8},"end":{"line":41,"column":16}},"loc":{"start":{"line":41,"column":44},"end":{"line":50,"column":null}}},"4":{"name":"(anonymous_14)","decl":{"start":{"line":52,"column":8},"end":{"line":52,"column":18}},"loc":{"start":{"line":52,"column":46},"end":{"line":72,"column":null}}}},"branchMap":{"0":{"loc":{"start":{"line":27,"column":6},"end":{"line":35,"column":7}},"type":"if","locations":[{"start":{"line":27,"column":6},"end":{"line":35,"column":7}},{"start":{"line":33,"column":13},"end":{"line":35,"column":7}}]},"1":{"loc":{"start":{"line":27,"column":10},"end":{"line":27,"column":29}},"type":"cond-expr","locations":[{"start":{"line":27,"column":21},"end":{"line":27,"column":23}},{"start":{"line":27,"column":21},"end":{"line":27,"column":29}}]},"2":{"loc":{"start":{"line":27,"column":10},"end":{"line":27,"column":23}},"type":"binary-expr","locations":[{"start":{"line":27,"column":10},"end":{"line":27,"column":23}},{"start":{"line":27,"column":21},"end":{"line":27,"column":23}}]},"3":{"loc":{"start":{"line":27,"column":10},"end":{"line":27,"column":21}},"type":"cond-expr","locations":[{"start":{"line":27,"column":13},"end":{"line":27,"column":15}},{"start":{"line":27,"column":10},"end":{"line":27,"column":21}}]},"4":{"loc":{"start":{"line":27,"column":10},"end":{"line":27,"column":15}},"type":"binary-expr","locations":[{"start":{"line":27,"column":10},"end":{"line":27,"column":15}},{"start":{"line":27,"column":10},"end":{"line":27,"column":15}}]},"5":{"loc":{"start":{"line":57,"column":6},"end":{"line":59,"column":7}},"type":"if","locations":[{"start":{"line":57,"column":6},"end":{"line":59,"column":7}}]},"6":{"loc":{"start":{"line":57,"column":10},"end":{"line":57,"column":29}},"type":"binary-expr","locations":[{"start":{"line":57,"column":10},"end":{"line":57,"column":19}},{"start":{"line":57,"column":23},"end":{"line":57,"column":29}}]},"7":{"loc":{"start":{"line":62,"column":6},"end":{"line":62,"column":51}},"type":"if","locations":[{"start":{"line":62,"column":6},"end":{"line":62,"column":51}}]},"8":{"loc":{"start":{"line":63,"column":6},"end":{"line":63,"column":42}},"type":"if","locations":[{"start":{"line":63,"column":6},"end":{"line":63,"column":42}}]}},"s":{"0":1,"1":1,"2":1,"3":1,"4":0,"5":0,"6":0,"7":0,"8":0,"9":0,"10":0,"11":0,"12":0,"13":0,"14":0,"15":0,"16":0,"17":0,"18":0,"19":0,"20":0,"21":0,"22":0,"23":0,"24":0,"25":0,"26":0,"27":0,"28":0,"29":0,"30":0,"31":0,"32":0,"33":1,"34":1},"f":{"0":1,"1":0,"2":0,"3":0,"4":0},"b":{"0":[0,0],"1":[0,0],"2":[0,0],"3":[0,0],"4":[0,0],"5":[0],"6":[0,0],"7":[0],"8":[0]}}
,"C:\\Users\\Ilay\\Desktop\\colmanfullstack\\backend\\src\\middlewares\\authMiddleware.ts": {"path":"C:\\Users\\Ilay\\Desktop\\colmanfullstack\\backend\\src\\middlewares\\authMiddleware.ts","statementMap":{"0":{"start":{"line":2,"column":0},"end":{"line":2,"column":31}},"1":{"start":{"line":3,"column":0},"end":{"line":3,"column":42}},"2":{"start":{"line":5,"column":30},"end":{"line":19,"column":1}},"3":{"start":{"line":6,"column":2},"end":{"line":8,"column":3}},"4":{"start":{"line":7,"column":4},"end":{"line":7,"column":18}},"5":{"start":{"line":9,"column":16},"end":{"line":9,"column":59}},"6":{"start":{"line":10,"column":2},"end":{"line":10,"column":76}},"7":{"start":{"line":10,"column":14},"end":{"line":10,"column":76}},"8":{"start":{"line":12,"column":2},"end":{"line":18,"column":3}},"9":{"start":{"line":13,"column":21},"end":{"line":13,"column":77}},"10":{"start":{"line":14,"column":5},"end":{"line":14,"column":75}},"11":{"start":{"line":15,"column":4},"end":{"line":15,"column":18}},"12":{"start":{"line":17,"column":4},"end":{"line":17,"column":62}},"13":{"start":{"line":5,"column":13},"end":{"line":5,"column":30}}},"fnMap":{"0":{"name":"(anonymous_1)","decl":{"start":{"line":5,"column":30},"end":{"line":5,"column":31}},"loc":{"start":{"line":5,"column":88},"end":{"line":19,"column":1}}}},"branchMap":{"0":{"loc":{"start":{"line":6,"column":2},"end":{"line":8,"column":3}},"type":"if","locations":[{"start":{"line":6,"column":2},"end":{"line":8,"column":3}}]},"1":{"loc":{"start":{"line":6,"column":5},"end":{"line":6,"column":88}},"type":"binary-expr","locations":[{"start":{"line":6,"column":5},"end":{"line":6,"column":41}},{"start":{"line":6,"column":45},"end":{"line":6,"column":88}}]},"2":{"loc":{"start":{"line":9,"column":16},"end":{"line":9,"column":59}},"type":"cond-expr","locations":[{"start":{"line":9,"column":44},"end":{"line":9,"column":46}},{"start":{"line":9,"column":44},"end":{"line":9,"column":59}}]},"3":{"loc":{"start":{"line":9,"column":16},"end":{"line":9,"column":46}},"type":"binary-expr","locations":[{"start":{"line":9,"column":16},"end":{"line":9,"column":46}},{"start":{"line":9,"column":44},"end":{"line":9,"column":46}}]},"4":{"loc":{"start":{"line":10,"column":2},"end":{"line":10,"column":76}},"type":"if","locations":[{"start":{"line":10,"column":2},"end":{"line":10,"column":76}}]}},"s":{"0":1,"1":1,"2":1,"3":6,"4":4,"5":2,"6":2,"7":1,"8":1,"9":1,"10":0,"11":0,"12":1,"13":1},"f":{"0":6},"b":{"0":[4],"1":[6,2],"2":[1,1],"3":[2,2],"4":[1]}}
,"C:\\Users\\Ilay\\Desktop\\colmanfullstack\\backend\\src\\models\\comment.model.ts": {"path":"C:\\Users\\Ilay\\Desktop\\colmanfullstack\\backend\\src\\models\\comment.model.ts","statementMap":{"0":{"start":{"line":1,"column":0},"end":{"line":1,"column":54}},"1":{"start":{"line":11,"column":22},"end":{"line":16,"column":2}},"2":{"start":{"line":18,"column":21},"end":{"line":18,"column":71}},"3":{"start":{"line":20,"column":0},"end":{"line":20,"column":28}}},"fnMap":{},"branchMap":{},"s":{"0":1,"1":1,"2":1,"3":1},"f":{},"b":{}}
,"C:\\Users\\Ilay\\Desktop\\colmanfullstack\\backend\\src\\models\\post.model.ts": {"path":"C:\\Users\\Ilay\\Desktop\\colmanfullstack\\backend\\src\\models\\post.model.ts","statementMap":{"0":{"start":{"line":1,"column":0},"end":{"line":1,"column":54}},"1":{"start":{"line":2,"column":0},"end":{"line":2,"column":43}},"2":{"start":{"line":12,"column":19},"end":{"line":27,"column":2}},"3":{"start":{"line":22,"column":8},"end":{"line":22,"column":76}},"4":{"start":{"line":29,"column":0},"end":{"line":37,"column":3}},"5":{"start":{"line":30,"column":17},"end":{"line":30,"column":33}},"6":{"start":{"line":31,"column":17},"end":{"line":31,"column":27}},"7":{"start":{"line":32,"column":2},"end":{"line":35,"column":3}},"8":{"start":{"line":33,"column":18},"end":{"line":33,"column":59}},"9":{"start":{"line":34,"column":3},"end":{"line":34,"column":null}},"10":{"start":{"line":36,"column":2},"end":{"line":36,"column":9}},"11":{"start":{"line":39,"column":18},"end":{"line":39,"column":59}},"12":{"start":{"line":41,"column":0},"end":{"line":41,"column":25}}},"fnMap":{"0":{"name":"(anonymous_17)","decl":{"start":{"line":21,"column":18},"end":{"line":21,"column":19}},"loc":{"start":{"line":21,"column":28},"end":{"line":23,"column":7}}},"1":{"name":"(anonymous_18)","decl":{"start":{"line":29,"column":62},"end":{"line":29,"column":78}},"loc":{"start":{"line":29,"column":82},"end":{"line":37,"column":2}}}},"branchMap":{"0":{"loc":{"start":{"line":22,"column":15},"end":{"line":22,"column":75}},"type":"binary-expr","locations":[{"start":{"line":22,"column":15},"end":{"line":22,"column":35}},{"start":{"line":22,"column":39},"end":{"line":22,"column":75}}]},"1":{"loc":{"start":{"line":32,"column":2},"end":{"line":35,"column":3}},"type":"if","locations":[{"start":{"line":32,"column":2},"end":{"line":35,"column":3}}]}},"s":{"0":1,"1":1,"2":1,"3":0,"4":1,"5":0,"6":0,"7":0,"8":0,"9":0,"10":0,"11":1,"12":1},"f":{"0":0,"1":0},"b":{"0":[0,0],"1":[0]}}
,"C:\\Users\\Ilay\\Desktop\\colmanfullstack\\backend\\src\\models\\user.model.ts": {"path":"C:\\Users\\Ilay\\Desktop\\colmanfullstack\\backend\\src\\models\\user.model.ts","statementMap":{"0":{"start":{"line":1,"column":0},"end":{"line":1,"column":54}},"1":{"start":{"line":14,"column":19},"end":{"line":20,"column":2}},"2":{"start":{"line":22,"column":18},"end":{"line":22,"column":59}},"3":{"start":{"line":24,"column":0},"end":{"line":24,"column":25}}},"fnMap":{},"branchMap":{},"s":{"0":1,"1":1,"2":1,"3":1},"f":{},"b":{}}
,"C:\\Users\\Ilay\\Desktop\\colmanfullstack\\backend\\src\\routes\\auth.route.ts": {"path":"C:\\Users\\Ilay\\Desktop\\colmanfullstack\\backend\\src\\routes\\auth.route.ts","statementMap":{"0":{"start":{"line":1,"column":0},"end":{"line":1,"column":33}},"1":{"start":{"line":2,"column":0},"end":{"line":2,"column":64}},"2":{"start":{"line":4,"column":13},"end":{"line":4,"column":35}},"3":{"start":{"line":52,"column":0},"end":{"line":52,"column":74}},"4":{"start":{"line":92,"column":0},"end":{"line":92,"column":68}},"5":{"start":{"line":113,"column":0},"end":{"line":113,"column":70}},"6":{"start":{"line":146,"column":0},"end":{"line":146,"column":72}}},"fnMap":{},"branchMap":{},"s":{"0":1,"1":1,"2":1,"3":1,"4":1,"5":1,"6":1},"f":{},"b":{}}
,"C:\\Users\\Ilay\\Desktop\\colmanfullstack\\backend\\src\\routes\\comment.route.ts": {"path":"C:\\Users\\Ilay\\Desktop\\colmanfullstack\\backend\\src\\routes\\comment.route.ts","statementMap":{"0":{"start":{"line":1,"column":0},"end":{"line":1,"column":33}},"1":{"start":{"line":2,"column":0},"end":{"line":2,"column":70}},"2":{"start":{"line":4,"column":13},"end":{"line":4,"column":38}},"3":{"start":{"line":37,"column":0},"end":{"line":37,"column":80}},"4":{"start":{"line":66,"column":0},"end":{"line":66,"column":83}},"5":{"start":{"line":108,"column":0},"end":{"line":108,"column":77}},"6":{"start":{"line":151,"column":0},"end":{"line":151,"column":95}},"7":{"start":{"line":177,"column":0},"end":{"line":177,"column":79}}},"fnMap":{},"branchMap":{},"s":{"0":1,"1":1,"2":1,"3":1,"4":1,"5":1,"6":1,"7":1},"f":{},"b":{}}
,"C:\\Users\\Ilay\\Desktop\\colmanfullstack\\backend\\src\\routes\\post.route.ts": {"path":"C:\\Users\\Ilay\\Desktop\\colmanfullstack\\backend\\src\\routes\\post.route.ts","statementMap":{"0":{"start":{"line":1,"column":0},"end":{"line":1,"column":33}},"1":{"start":{"line":2,"column":0},"end":{"line":2,"column":64}},"2":{"start":{"line":4,"column":13},"end":{"line":4,"column":35}},"3":{"start":{"line":29,"column":0},"end":{"line":29,"column":75}},"4":{"start":{"line":55,"column":0},"end":{"line":55,"column":79}},"5":{"start":{"line":84,"column":0},"end":{"line":84,"column":74}},"6":{"start":{"line":117,"column":0},"end":{"line":117,"column":71}},"7":{"start":{"line":154,"column":0},"end":{"line":154,"column":69}},"8":{"start":{"line":180,"column":0},"end":{"line":180,"column":70}}},"fnMap":{},"branchMap":{},"s":{"0":1,"1":1,"2":1,"3":1,"4":1,"5":1,"6":1,"7":1,"8":1},"f":{},"b":{}}
,"C:\\Users\\Ilay\\Desktop\\colmanfullstack\\backend\\src\\routes\\user.route.ts": {"path":"C:\\Users\\Ilay\\Desktop\\colmanfullstack\\backend\\src\\routes\\user.route.ts","statementMap":{"0":{"start":{"line":1,"column":0},"end":{"line":1,"column":33}},"1":{"start":{"line":2,"column":0},"end":{"line":2,"column":64}},"2":{"start":{"line":4,"column":13},"end":{"line":4,"column":35}},"3":{"start":{"line":48,"column":0},"end":{"line":48,"column":83}},"4":{"start":{"line":88,"column":0},"end":{"line":88,"column":70}},"5":{"start":{"line":121,"column":0},"end":{"line":121,"column":74}},"6":{"start":{"line":161,"column":0},"end":{"line":161,"column":71}},"7":{"start":{"line":190,"column":0},"end":{"line":190,"column":74}}},"fnMap":{},"branchMap":{},"s":{"0":1,"1":1,"2":1,"3":1,"4":1,"5":1,"6":1,"7":1},"f":{},"b":{}}
,"C:\\Users\\Ilay\\Desktop\\colmanfullstack\\backend\\src\\services\\auth.service.ts": {"path":"C:\\Users\\Ilay\\Desktop\\colmanfullstack\\backend\\src\\services\\auth.service.ts","statementMap":{"0":{"start":{"line":1,"column":0},"end":{"line":1,"column":30}},"1":{"start":{"line":2,"column":0},"end":{"line":2,"column":31}},"2":{"start":{"line":3,"column":0},"end":{"line":3,"column":67}},"3":{"start":{"line":4,"column":0},"end":{"line":4,"column":42}},"4":{"start":{"line":6,"column":0},"end":{"line":6,"column":45}},"5":{"start":{"line":7,"column":0},"end":{"line":7,"column":45}},"6":{"start":{"line":14,"column":4},"end":{"line":14,"column":21}},"7":{"start":{"line":15,"column":4},"end":{"line":15,"column":null}},"8":{"start":{"line":23,"column":20},"end":{"line":23,"column":80}},"9":{"start":{"line":24,"column":4},"end":{"line":24,"column":19}},"10":{"start":{"line":29,"column":17},"end":{"line":29,"column":60}},"11":{"start":{"line":31,"column":28},"end":{"line":31,"column":73}},"12":{"start":{"line":32,"column":4},"end":{"line":32,"column":70}},"13":{"start":{"line":32,"column":26},"end":{"line":32,"column":70}},"14":{"start":{"line":35,"column":42},"end":{"line":35,"column":73}},"15":{"start":{"line":37,"column":4},"end":{"line":42,"column":5}},"16":{"start":{"line":38,"column":6},"end":{"line":38,"column":null}},"17":{"start":{"line":41,"column":6},"end":{"line":41,"column":null}},"18":{"start":{"line":44,"column":4},"end":{"line":44,"column":22}},"19":{"start":{"line":46,"column":4},"end":{"line":46,"column":68}},"20":{"start":{"line":50,"column":30},"end":{"line":50,"column":70}},"21":{"start":{"line":51,"column":17},"end":{"line":51,"column":49}},"22":{"start":{"line":52,"column":4},"end":{"line":52,"column":57}},"23":{"start":{"line":52,"column":22},"end":{"line":52,"column":57}},"24":{"start":{"line":54,"column":4},"end":{"line":58,"column":5}},"25":{"start":{"line":55,"column":6},"end":{"line":55,"column":23}},"26":{"start":{"line":56,"column":6},"end":{"line":56,"column":24}},"27":{"start":{"line":57,"column":6},"end":{"line":57,"column":41}},"28":{"start":{"line":59,"column":4},"end":{"line":59,"column":54}},"29":{"start":{"line":60,"column":4},"end":{"line":60,"column":22}},"30":{"start":{"line":65,"column":30},"end":{"line":65,"column":70}},"31":{"start":{"line":66,"column":4},"end":{"line":66,"column":null}},"32":{"start":{"line":66,"column":17},"end":{"line":66,"column":null}},"33":{"start":{"line":68,"column":17},"end":{"line":68,"column":49}},"34":{"start":{"line":69,"column":4},"end":{"line":69,"column":57}},"35":{"start":{"line":69,"column":22},"end":{"line":69,"column":57}},"36":{"start":{"line":71,"column":4},"end":{"line":75,"column":5}},"37":{"start":{"line":72,"column":6},"end":{"line":72,"column":23}},"38":{"start":{"line":73,"column":6},"end":{"line":73,"column":24}},"39":{"start":{"line":74,"column":6},"end":{"line":74,"column":41}},"40":{"start":{"line":77,"column":42},"end":{"line":77,"column":73}},"41":{"start":{"line":79,"column":4},"end":{"line":79,"column":59}},"42":{"start":{"line":80,"column":4},"end":{"line":80,"column":22}},"43":{"start":{"line":81,"column":4},"end":{"line":81,"column":68}},"44":{"start":{"line":85,"column":17},"end":{"line":85,"column":68}},"45":{"start":{"line":86,"column":4},"end":{"line":86,"column":49}},"46":{"start":{"line":86,"column":15},"end":{"line":86,"column":49}},"47":{"start":{"line":87,"column":4},"end":{"line":87,"column":16}},"48":{"start":{"line":90,"column":17},"end":{"line":90,"column":70}},"49":{"start":{"line":91,"column":4},"end":{"line":91,"column":49}},"50":{"start":{"line":91,"column":15},"end":{"line":91,"column":49}},"51":{"start":{"line":92,"column":4},"end":{"line":92,"column":16}},"52":{"start":{"line":96,"column":24},"end":{"line":96,"column":106}},"53":{"start":{"line":97,"column":25},"end":{"line":97,"column":111}},"54":{"start":{"line":99,"column":4},"end":{"line":99,"column":null}},"55":{"start":{"line":11,"column":0},"end":{"line":11,"column":13}}},"fnMap":{"0":{"name":"(anonymous_8)","decl":{"start":{"line":13,"column":2},"end":{"line":13,"column":null}},"loc":{"start":{"line":13,"column":2},"end":{"line":16,"column":3}}},"1":{"name":"(anonymous_9)","decl":{"start":{"line":18,"column":8},"end":{"line":18,"column":20}},"loc":{"start":{"line":22,"column":3},"end":{"line":26,"column":null}}},"2":{"name":"(anonymous_11)","decl":{"start":{"line":28,"column":8},"end":{"line":28,"column":17}},"loc":{"start":{"line":28,"column":52},"end":{"line":47,"column":null}}},"3":{"name":"(anonymous_13)","decl":{"start":{"line":49,"column":8},"end":{"line":49,"column":14}},"loc":{"start":{"line":49,"column":28},"end":{"line":61,"column":null}}},"4":{"name":"(anonymous_15)","decl":{"start":{"line":63,"column":8},"end":{"line":63,"column":24}},"loc":{"start":{"line":63,"column":38},"end":{"line":82,"column":null}}},"5":{"name":"(anonymous_17)","decl":{"start":{"line":84,"column":8},"end":{"line":84,"column":29}},"loc":{"start":{"line":84,"column":46},"end":{"line":88,"column":null}}},"6":{"name":"(anonymous_19)","decl":{"start":{"line":89,"column":8},"end":{"line":89,"column":30}},"loc":{"start":{"line":89,"column":47},"end":{"line":93,"column":null}}},"7":{"name":"(anonymous_21)","decl":{"start":{"line":95,"column":2},"end":{"line":95,"column":18}},"loc":{"start":{"line":95,"column":30},"end":{"line":100,"column":3}}}},"branchMap":{"0":{"loc":{"start":{"line":32,"column":4},"end":{"line":32,"column":70}},"type":"if","locations":[{"start":{"line":32,"column":4},"end":{"line":32,"column":70}}]},"1":{"loc":{"start":{"line":37,"column":4},"end":{"line":42,"column":5}},"type":"if","locations":[{"start":{"line":37,"column":4},"end":{"line":42,"column":5}},{"start":{"line":40,"column":9},"end":{"line":42,"column":5}}]},"2":{"loc":{"start":{"line":52,"column":4},"end":{"line":52,"column":57}},"type":"if","locations":[{"start":{"line":52,"column":4},"end":{"line":52,"column":57}}]},"3":{"loc":{"start":{"line":54,"column":4},"end":{"line":58,"column":5}},"type":"if","locations":[{"start":{"line":54,"column":4},"end":{"line":58,"column":5}}]},"4":{"loc":{"start":{"line":66,"column":4},"end":{"line":66,"column":null}},"type":"if","locations":[{"start":{"line":66,"column":4},"end":{"line":66,"column":null}}]},"5":{"loc":{"start":{"line":69,"column":4},"end":{"line":69,"column":57}},"type":"if","locations":[{"start":{"line":69,"column":4},"end":{"line":69,"column":57}}]},"6":{"loc":{"start":{"line":71,"column":4},"end":{"line":75,"column":5}},"type":"if","locations":[{"start":{"line":71,"column":4},"end":{"line":75,"column":5}}]},"7":{"loc":{"start":{"line":86,"column":4},"end":{"line":86,"column":49}},"type":"if","locations":[{"start":{"line":86,"column":4},"end":{"line":86,"column":49}}]},"8":{"loc":{"start":{"line":91,"column":4},"end":{"line":91,"column":49}},"type":"if","locations":[{"start":{"line":91,"column":4},"end":{"line":91,"column":49}}]}},"s":{"0":1,"1":1,"2":1,"3":1,"4":1,"5":1,"6":1,"7":1,"8":1,"9":1,"10":1,"11":1,"12":1,"13":0,"14":1,"15":1,"16":0,"17":1,"18":1,"19":1,"20":1,"21":1,"22":1,"23":0,"24":1,"25":0,"26":0,"27":0,"28":1,"29":1,"30":1,"31":1,"32":0,"33":1,"34":1,"35":0,"36":1,"37":0,"38":0,"39":0,"40":1,"41":1,"42":1,"43":1,"44":0,"45":0,"46":0,"47":0,"48":1,"49":1,"50":0,"51":1,"52":2,"53":2,"54":2,"55":1},"f":{"0":1,"1":1,"2":1,"3":1,"4":1,"5":0,"6":1,"7":2},"b":{"0":[0],"1":[0,1],"2":[0],"3":[0],"4":[0],"5":[0],"6":[0],"7":[0],"8":[0]}}
,"C:\\Users\\Ilay\\Desktop\\colmanfullstack\\backend\\src\\services\\base.service.ts": {"path":"C:\\Users\\Ilay\\Desktop\\colmanfullstack\\backend\\src\\services\\base.service.ts","statementMap":{"0":{"start":{"line":1,"column":0},"end":{"line":1,"column":94}},"1":{"start":{"line":7,"column":8},"end":{"line":7,"column":27}},"2":{"start":{"line":11,"column":26},"end":{"line":11,"column":81}},"3":{"start":{"line":12,"column":8},"end":{"line":12,"column":31}},"4":{"start":{"line":13,"column":8},"end":{"line":13,"column":25}},"5":{"start":{"line":17,"column":8},"end":{"line":22,"column":9}},"6":{"start":{"line":18,"column":12},"end":{"line":18,"column":46}},"7":{"start":{"line":19,"column":12},"end":{"line":19,"column":null}},"8":{"start":{"line":21,"column":12},"end":{"line":21,"column":null}},"9":{"start":{"line":26,"column":8},"end":{"line":26,"column":73}},"10":{"start":{"line":26,"column":43},"end":{"line":26,"column":73}},"11":{"start":{"line":28,"column":8},"end":{"line":28,"column":69}},"12":{"start":{"line":31,"column":22},"end":{"line":34,"column":null}},"13":{"start":{"line":33,"column":8},"end":{"line":33,"column":71}},"14":{"start":{"line":36,"column":25},"end":{"line":39,"column":null}},"15":{"start":{"line":38,"column":8},"end":{"line":38,"column":72}},"16":{"start":{"line":41,"column":27},"end":{"line":44,"column":null}},"17":{"start":{"line":43,"column":8},"end":{"line":43,"column":55}},"18":{"start":{"line":47,"column":8},"end":{"line":47,"column":73}},"19":{"start":{"line":47,"column":43},"end":{"line":47,"column":73}},"20":{"start":{"line":49,"column":23},"end":{"line":49,"column":62}},"21":{"start":{"line":50,"column":8},"end":{"line":50,"column":40}},"22":{"start":{"line":54,"column":23},"end":{"line":54,"column":51}},"23":{"start":{"line":55,"column":8},"end":{"line":57,"column":11}},"24":{"start":{"line":56,"column":12},"end":{"line":56,"column":48}},"25":{"start":{"line":59,"column":8},"end":{"line":59,"column":54}},"26":{"start":{"line":63,"column":8},"end":{"line":63,"column":65}},"27":{"start":{"line":67,"column":28},"end":{"line":67,"column":38}},"28":{"start":{"line":68,"column":24},"end":{"line":70,"column":null}},"29":{"start":{"line":73,"column":8},"end":{"line":87,"column":9}},"30":{"start":{"line":75,"column":12},"end":{"line":79,"column":14}},"31":{"start":{"line":81,"column":12},"end":{"line":83,"column":13}},"32":{"start":{"line":82,"column":16},"end":{"line":82,"column":52}},"33":{"start":{"line":86,"column":12},"end":{"line":86,"column":null}},"34":{"start":{"line":88,"column":8},"end":{"line":88,"column":43}},"35":{"start":{"line":93,"column":8},"end":{"line":103,"column":9}},"36":{"start":{"line":95,"column":40},"end":{"line":95,"column":106}},"37":{"start":{"line":97,"column":12},"end":{"line":99,"column":13}},"38":{"start":{"line":98,"column":16},"end":{"line":98,"column":52}},"39":{"start":{"line":102,"column":12},"end":{"line":102,"column":null}},"40":{"start":{"line":104,"column":8},"end":{"line":104,"column":43}},"41":{"start":{"line":4,"column":0},"end":{"line":4,"column":13}}},"fnMap":{"0":{"name":"(anonymous_8)","decl":{"start":{"line":6,"column":4},"end":{"line":6,"column":16}},"loc":{"start":{"line":6,"column":31},"end":{"line":8,"column":5}}},"1":{"name":"(anonymous_9)","decl":{"start":{"line":10,"column":20},"end":{"line":10,"column":26}},"loc":{"start":{"line":10,"column":54},"end":{"line":14,"column":null}}},"2":{"name":"(anonymous_11)","decl":{"start":{"line":16,"column":10},"end":{"line":16,"column":26}},"loc":{"start":{"line":16,"column":54},"end":{"line":23,"column":null}}},"3":{"name":"(anonymous_13)","decl":{"start":{"line":25,"column":10},"end":{"line":25,"column":17}},"loc":{"start":{"line":25,"column":28},"end":{"line":29,"column":null}}},"4":{"name":"(anonymous_15)","decl":{"start":{"line":31,"column":10},"end":{"line":31,"column":21}},"loc":{"start":{"line":31,"column":21},"end":{"line":34,"column":null}}},"5":{"name":"(anonymous_16)","decl":{"start":{"line":31,"column":22},"end":{"line":31,"column":51}},"loc":{"start":{"line":31,"column":53},"end":{"line":34,"column":5}}},"6":{"name":"(anonymous_17)","decl":{"start":{"line":36,"column":10},"end":{"line":36,"column":24}},"loc":{"start":{"line":36,"column":24},"end":{"line":39,"column":null}}},"7":{"name":"(anonymous_18)","decl":{"start":{"line":36,"column":25},"end":{"line":36,"column":54}},"loc":{"start":{"line":36,"column":56},"end":{"line":39,"column":5}}},"8":{"name":"(anonymous_19)","decl":{"start":{"line":41,"column":10},"end":{"line":41,"column":26}},"loc":{"start":{"line":41,"column":26},"end":{"line":44,"column":null}}},"9":{"name":"(anonymous_20)","decl":{"start":{"line":41,"column":27},"end":{"line":41,"column":56}},"loc":{"start":{"line":41,"column":58},"end":{"line":44,"column":5}}},"10":{"name":"(anonymous_21)","decl":{"start":{"line":46,"column":10},"end":{"line":46,"column":20}},"loc":{"start":{"line":46,"column":31},"end":{"line":51,"column":null}}},"11":{"name":"(anonymous_23)","decl":{"start":{"line":53,"column":10},"end":{"line":53,"column":24}},"loc":{"start":{"line":53,"column":79},"end":{"line":60,"column":null}}},"12":{"name":"(anonymous_25)","decl":{"start":{"line":62,"column":10},"end":{"line":62,"column":16}},"loc":{"start":{"line":62,"column":16},"end":{"line":64,"column":null}}},"13":{"name":"(anonymous_27)","decl":{"start":{"line":66,"column":10},"end":{"line":66,"column":16}},"loc":{"start":{"line":66,"column":54},"end":{"line":89,"column":null}}},"14":{"name":"(anonymous_29)","decl":{"start":{"line":92,"column":10},"end":{"line":92,"column":26}},"loc":{"start":{"line":92,"column":105},"end":{"line":105,"column":null}}}},"branchMap":{"0":{"loc":{"start":{"line":26,"column":8},"end":{"line":26,"column":73}},"type":"if","locations":[{"start":{"line":26,"column":8},"end":{"line":26,"column":73}}]},"1":{"loc":{"start":{"line":31,"column":22},"end":{"line":31,"column":53}},"type":"default-arg","locations":[{"start":{"line":31,"column":51},"end":{"line":31,"column":53}}]},"2":{"loc":{"start":{"line":36,"column":25},"end":{"line":36,"column":56}},"type":"default-arg","locations":[{"start":{"line":36,"column":54},"end":{"line":36,"column":56}}]},"3":{"loc":{"start":{"line":41,"column":27},"end":{"line":41,"column":58}},"type":"default-arg","locations":[{"start":{"line":41,"column":56},"end":{"line":41,"column":58}}]},"4":{"loc":{"start":{"line":47,"column":8},"end":{"line":47,"column":73}},"type":"if","locations":[{"start":{"line":47,"column":8},"end":{"line":47,"column":73}}]},"5":{"loc":{"start":{"line":55,"column":8},"end":{"line":57,"column":11}},"type":"if","locations":[{"start":{"line":55,"column":8},"end":{"line":57,"column":11}}]},"6":{"loc":{"start":{"line":59,"column":15},"end":{"line":59,"column":53}},"type":"binary-expr","locations":[{"start":{"line":59,"column":15},"end":{"line":59,"column":44}},{"start":{"line":59,"column":48},"end":{"line":59,"column":53}}]},"7":{"loc":{"start":{"line":81,"column":12},"end":{"line":83,"column":13}},"type":"if","locations":[{"start":{"line":81,"column":12},"end":{"line":83,"column":13}}]},"8":{"loc":{"start":{"line":97,"column":12},"end":{"line":99,"column":13}},"type":"if","locations":[{"start":{"line":97,"column":12},"end":{"line":99,"column":13}}]}},"s":{"0":1,"1":7,"2":0,"3":0,"4":0,"5":0,"6":0,"7":0,"8":0,"9":0,"10":0,"11":0,"12":0,"13":0,"14":0,"15":0,"16":1,"17":1,"18":0,"19":0,"20":0,"21":0,"22":0,"23":0,"24":0,"25":0,"26":0,"27":0,"28":0,"29":0,"30":0,"31":0,"32":0,"33":0,"34":0,"35":0,"36":0,"37":0,"38":0,"39":0,"40":0,"41":1},"f":{"0":7,"1":0,"2":0,"3":0,"4":0,"5":0,"6":0,"7":0,"8":1,"9":1,"10":0,"11":0,"12":0,"13":0,"14":0},"b":{"0":[0],"1":[0],"2":[0],"3":[0],"4":[0],"5":[0],"6":[0,0],"7":[0],"8":[0]}}
,"C:\\Users\\Ilay\\Desktop\\colmanfullstack\\backend\\src\\services\\comment.service.ts": {"path":"C:\\Users\\Ilay\\Desktop\\colmanfullstack\\backend\\src\\services\\comment.service.ts","statementMap":{"0":{"start":{"line":1,"column":0},"end":{"line":1,"column":65}},"1":{"start":{"line":2,"column":0},"end":{"line":2,"column":45}},"2":{"start":{"line":7,"column":8},"end":{"line":7,"column":28}},"3":{"start":{"line":11,"column":8},"end":{"line":11,"column":48}},"4":{"start":{"line":5,"column":0},"end":{"line":5,"column":13}}},"fnMap":{"0":{"name":"(anonymous_8)","decl":{"start":{"line":6,"column":4},"end":{"line":6,"column":null}},"loc":{"start":{"line":6,"column":4},"end":{"line":8,"column":5}}},"1":{"name":"(anonymous_9)","decl":{"start":{"line":10,"column":11},"end":{"line":10,"column":30}},"loc":{"start":{"line":10,"column":46},"end":{"line":12,"column":null}}}},"branchMap":{},"s":{"0":1,"1":1,"2":1,"3":0,"4":1},"f":{"0":1,"1":0},"b":{}}
,"C:\\Users\\Ilay\\Desktop\\colmanfullstack\\backend\\src\\services\\post.service.ts": {"path":"C:\\Users\\Ilay\\Desktop\\colmanfullstack\\backend\\src\\services\\post.service.ts","statementMap":{"0":{"start":{"line":2,"column":0},"end":{"line":2,"column":56}},"1":{"start":{"line":3,"column":0},"end":{"line":3,"column":45}},"2":{"start":{"line":7,"column":8},"end":{"line":7,"column":25}},"3":{"start":{"line":11,"column":40},"end":{"line":11,"column":112}},"4":{"start":{"line":12,"column":41},"end":{"line":12,"column":75}},"5":{"start":{"line":13,"column":8},"end":{"line":13,"column":102}},"6":{"start":{"line":17,"column":25},"end":{"line":17,"column":51}},"7":{"start":{"line":18,"column":8},"end":{"line":22,"column":9}},"8":{"start":{"line":19,"column":12},"end":{"line":19,"column":36}},"9":{"start":{"line":21,"column":12},"end":{"line":21,"column":null}},"10":{"start":{"line":26,"column":8},"end":{"line":26,"column":40}},"11":{"start":{"line":5,"column":0},"end":{"line":5,"column":13}}},"fnMap":{"0":{"name":"(anonymous_8)","decl":{"start":{"line":6,"column":4},"end":{"line":6,"column":null}},"loc":{"start":{"line":6,"column":4},"end":{"line":8,"column":5}}},"1":{"name":"(anonymous_9)","decl":{"start":{"line":10,"column":10},"end":{"line":10,"column":24}},"loc":{"start":{"line":10,"column":72},"end":{"line":14,"column":null}}},"2":{"name":"(anonymous_11)","decl":{"start":{"line":16,"column":10},"end":{"line":16,"column":22}},"loc":{"start":{"line":16,"column":37},"end":{"line":23,"column":null}}},"3":{"name":"(anonymous_13)","decl":{"start":{"line":25,"column":10},"end":{"line":25,"column":18}},"loc":{"start":{"line":25,"column":18},"end":{"line":27,"column":null}}}},"branchMap":{"0":{"loc":{"start":{"line":11,"column":40},"end":{"line":11,"column":112}},"type":"cond-expr","locations":[{"start":{"line":11,"column":49},"end":{"line":11,"column":81}},{"start":{"line":11,"column":84},"end":{"line":11,"column":112}}]},"1":{"loc":{"start":{"line":18,"column":8},"end":{"line":22,"column":9}},"type":"if","locations":[{"start":{"line":18,"column":8},"end":{"line":22,"column":9}},{"start":{"line":20,"column":15},"end":{"line":22,"column":9}}]},"2":{"loc":{"start":{"line":19,"column":19},"end":{"line":19,"column":35}},"type":"cond-expr","locations":[{"start":{"line":19,"column":27},"end":{"line":19,"column":29}},{"start":{"line":19,"column":19},"end":{"line":19,"column":35}}]},"3":{"loc":{"start":{"line":19,"column":19},"end":{"line":19,"column":29}},"type":"binary-expr","locations":[{"start":{"line":19,"column":19},"end":{"line":19,"column":29}},{"start":{"line":19,"column":19},"end":{"line":19,"column":29}}]}},"s":{"0":1,"1":1,"2":1,"3":0,"4":0,"5":0,"6":0,"7":0,"8":0,"9":0,"10":0,"11":1},"f":{"0":1,"1":0,"2":0,"3":0},"b":{"0":[0,0],"1":[0,0],"2":[0,0],"3":[0,0]}}
,"C:\\Users\\Ilay\\Desktop\\colmanfullstack\\backend\\src\\services\\user.service.ts": {"path":"C:\\Users\\Ilay\\Desktop\\colmanfullstack\\backend\\src\\services\\user.service.ts","statementMap":{"0":{"start":{"line":1,"column":0},"end":{"line":1,"column":30}},"1":{"start":{"line":2,"column":0},"end":{"line":2,"column":56}},"2":{"start":{"line":3,"column":0},"end":{"line":3,"column":67}},"3":{"start":{"line":4,"column":0},"end":{"line":4,"column":45}},"4":{"start":{"line":10,"column":4},"end":{"line":10,"column":21}},"5":{"start":{"line":11,"column":4},"end":{"line":11,"column":54}},"6":{"start":{"line":15,"column":42},"end":{"line":15,"column":46}},"7":{"start":{"line":16,"column":4},"end":{"line":16,"column":null}},"8":{"start":{"line":16,"column":42},"end":{"line":16,"column":null}},"9":{"start":{"line":17,"column":4},"end":{"line":17,"column":47}},"10":{"start":{"line":19,"column":27},"end":{"line":19,"column":58}},"11":{"start":{"line":20,"column":20},"end":{"line":20,"column":91}},"12":{"start":{"line":21,"column":4},"end":{"line":21,"column":32}},"13":{"start":{"line":26,"column":5},"end":{"line":26,"column":31}},"14":{"start":{"line":27,"column":6},"end":{"line":27,"column":null}},"15":{"start":{"line":31,"column":25},"end":{"line":31,"column":62}},"16":{"start":{"line":32,"column":4},"end":{"line":32,"column":61}},"17":{"start":{"line":32,"column":22},"end":{"line":32,"column":61}},"18":{"start":{"line":37,"column":4},"end":{"line":37,"column":62}},"19":{"start":{"line":7,"column":0},"end":{"line":7,"column":13}}},"fnMap":{"0":{"name":"(anonymous_8)","decl":{"start":{"line":9,"column":2},"end":{"line":9,"column":null}},"loc":{"start":{"line":9,"column":2},"end":{"line":12,"column":3}}},"1":{"name":"(anonymous_9)","decl":{"start":{"line":14,"column":9},"end":{"line":14,"column":17}},"loc":{"start":{"line":14,"column":33},"end":{"line":23,"column":null}}},"2":{"name":"(anonymous_11)","decl":{"start":{"line":25,"column":8},"end":{"line":25,"column":18}},"loc":{"start":{"line":25,"column":34},"end":{"line":28,"column":null}}},"3":{"name":"(anonymous_13)","decl":{"start":{"line":30,"column":16},"end":{"line":30,"column":37}},"loc":{"start":{"line":30,"column":54},"end":{"line":33,"column":null}}},"4":{"name":"(anonymous_15)","decl":{"start":{"line":36,"column":8},"end":{"line":36,"column":20}},"loc":{"start":{"line":36,"column":35},"end":{"line":38,"column":null}}}},"branchMap":{"0":{"loc":{"start":{"line":16,"column":4},"end":{"line":16,"column":null}},"type":"if","locations":[{"start":{"line":16,"column":4},"end":{"line":16,"column":null}}]},"1":{"loc":{"start":{"line":16,"column":8},"end":{"line":16,"column":40}},"type":"binary-expr","locations":[{"start":{"line":16,"column":8},"end":{"line":16,"column":17}},{"start":{"line":16,"column":21},"end":{"line":16,"column":30}},{"start":{"line":16,"column":34},"end":{"line":16,"column":40}}]},"2":{"loc":{"start":{"line":32,"column":4},"end":{"line":32,"column":61}},"type":"if","locations":[{"start":{"line":32,"column":4},"end":{"line":32,"column":61}}]}},"s":{"0":1,"1":1,"2":1,"3":1,"4":2,"5":2,"6":1,"7":1,"8":0,"9":1,"10":1,"11":1,"12":1,"13":0,"14":0,"15":1,"16":1,"17":0,"18":0,"19":1},"f":{"0":2,"1":1,"2":0,"3":1,"4":0},"b":{"0":[0],"1":[1,1,1],"2":[0]}}
,"C:\\Users\\Ilay\\Desktop\\colmanfullstack\\backend\\src\\utils\\user.util.ts": {"path":"C:\\Users\\Ilay\\Desktop\\colmanfullstack\\backend\\src\\utils\\user.util.ts","statementMap":{"0":{"start":{"line":4,"column":37},"end":{"line":8,"column":1}},"1":{"start":{"line":5,"column":45},"end":{"line":5,"column":100}},"2":{"start":{"line":6,"column":4},"end":{"line":6,"column":null}},"3":{"start":{"line":6,"column":19},"end":{"line":6,"column":null}},"4":{"start":{"line":7,"column":4},"end":{"line":7,"column":20}},"5":{"start":{"line":4,"column":13},"end":{"line":4,"column":37}}},"fnMap":{"0":{"name":"(anonymous_0)","decl":{"start":{"line":4,"column":37},"end":{"line":4,"column":38}},"loc":{"start":{"line":4,"column":54},"end":{"line":8,"column":1}}}},"branchMap":{"0":{"loc":{"start":{"line":6,"column":4},"end":{"line":6,"column":null}},"type":"if","locations":[{"start":{"line":6,"column":4},"end":{"line":6,"column":null}}]},"1":{"loc":{"start":{"line":6,"column":8},"end":{"line":6,"column":17}},"type":"cond-expr","locations":[{"start":{"line":6,"column":12},"end":{"line":6,"column":14}},{"start":{"line":6,"column":8},"end":{"line":6,"column":17}}]},"2":{"loc":{"start":{"line":6,"column":8},"end":{"line":6,"column":14}},"type":"binary-expr","locations":[{"start":{"line":6,"column":8},"end":{"line":6,"column":14}},{"start":{"line":6,"column":8},"end":{"line":6,"column":14}}]}},"s":{"0":1,"1":0,"2":0,"3":0,"4":0,"5":1},"f":{"0":0},"b":{"0":[0],"1":[0,0],"2":[0,0]}}
}
