TN:
SF:src\app.ts
FN:14,(anonymous_8)
FN:14,(anonymous_9)
FNF:2
FNH:2
FNDA:5,(anonymous_8)
FNDA:5,(anonymous_9)
DA:1,5
DA:2,5
DA:3,5
DA:4,5
DA:5,5
DA:6,5
DA:7,5
DA:8,5
DA:9,5
DA:10,5
DA:11,5
DA:12,5
DA:14,5
DA:16,5
DA:18,5
DA:20,5
DA:21,5
DA:23,0
DA:28,5
DA:30,5
DA:32,5
DA:33,5
DA:34,5
DA:35,5
DA:37,5
DA:38,5
DA:39,5
DA:41,0
DA:42,0
DA:44,5
DA:45,5
DA:57,5
DA:59,5
DA:61,5
DA:66,5
LF:35
LH:32
BRDA:20,0,0,5
BRDA:20,0,1,0
BRF:2
BRH:1
end_of_record
TN:
SF:src\config\config.ts
FNF:0
FNH:0
DA:1,5
DA:3,5
DA:5,5
LF:3
LH:3
BRDA:6,0,0,5
BRDA:6,0,1,0
BRDA:7,1,0,5
BRDA:7,1,1,0
BRDA:8,2,0,5
BRDA:8,2,1,0
BRDA:9,3,0,5
BRDA:9,3,1,0
BRDA:10,4,0,5
BRDA:10,4,1,0
BRF:10
BRH:5
end_of_record
TN:
SF:src\controllers\auth.controller.ts
FN:9,(anonymous_7)
FN:13,(anonymous_8)
FN:27,(anonymous_10)
FN:41,(anonymous_12)
FN:59,(anonymous_14)
FNF:5
FNH:5
FNDA:5,(anonymous_7)
FNDA:5,(anonymous_8)
FNDA:31,(anonymous_10)
FNDA:3,(anonymous_12)
FNDA:3,(anonymous_14)
DA:3,5
DA:5,5
DA:6,5
DA:8,5
DA:10,5
DA:14,5
DA:15,5
DA:16,5
DA:17,1
DA:20,4
DA:21,4
DA:23,1
DA:28,31
DA:29,31
DA:30,31
DA:31,2
DA:34,29
DA:35,28
DA:37,3
DA:43,3
DA:44,3
DA:46,3
DA:47,1
DA:49,2
DA:50,2
DA:51,0
DA:53,2
DA:60,3
DA:61,3
DA:63,3
DA:64,1
DA:66,2
DA:67,2
DA:68,1
DA:70,1
DA:78,5
LF:36
LH:35
BRDA:16,0,0,1
BRDA:16,1,0,5
BRDA:16,1,1,4
BRDA:16,1,2,4
BRDA:30,2,0,2
BRDA:30,3,0,31
BRDA:30,3,1,30
BRDA:44,4,0,3
BRDA:44,4,1,2
BRDA:46,5,0,1
BRDA:46,5,1,2
BRDA:61,6,0,3
BRDA:61,6,1,2
BRDA:63,7,0,1
BRDA:63,7,1,2
BRF:15
BRH:15
end_of_record
TN:
SF:src\controllers\base.controller.ts
FN:9,(anonymous_7)
FN:14,(anonymous_8)
FN:26,(anonymous_10)
FN:38,(anonymous_12)
FN:53,(anonymous_14)
FNF:5
FNH:5
FNDA:20,(anonymous_7)
FNDA:5,(anonymous_8)
FNDA:2,(anonymous_10)
FNDA:4,(anonymous_12)
FNDA:2,(anonymous_14)
DA:3,5
DA:6,5
DA:10,20
DA:11,20
DA:15,5
DA:17,5
DA:18,5
DA:19,4
DA:22,1
DA:27,2
DA:28,2
DA:29,2
DA:30,2
DA:31,1
DA:34,1
DA:39,4
DA:40,4
DA:41,4
DA:43,4
DA:44,4
DA:45,3
DA:46,3
DA:49,1
DA:54,2
DA:56,2
DA:57,2
DA:58,2
DA:60,2
DA:61,2
DA:64,0
LF:30
LH:29
BRDA:9,0,0,15
BRDA:28,1,0,0
BRDA:28,2,0,0
BRDA:28,2,1,2
BRDA:28,3,0,2
BRDA:28,3,1,2
BRDA:28,4,0,0
BRDA:28,4,1,2
BRDA:28,5,0,2
BRDA:28,5,1,2
BRDA:29,6,0,0
BRDA:29,6,1,2
BRDA:29,7,0,2
BRDA:29,7,1,2
BRDA:29,8,0,0
BRDA:29,8,1,2
BRDA:29,9,0,2
BRDA:29,9,1,2
BRDA:40,10,0,0
BRDA:40,11,0,0
BRDA:40,11,1,4
BRDA:40,12,0,4
BRDA:40,12,1,4
BRDA:40,13,0,0
BRDA:40,13,1,4
BRDA:40,14,0,4
BRDA:40,14,1,4
BRDA:41,15,0,0
BRDA:41,15,1,4
BRDA:41,16,0,4
BRDA:41,16,1,4
BRDA:41,17,0,0
BRDA:41,17,1,4
BRDA:41,18,0,4
BRDA:41,18,1,4
BRDA:44,19,0,0
BRDA:58,20,0,0
BRF:37
BRH:25
end_of_record
TN:
SF:src\controllers\comment.controller.ts
FN:8,(anonymous_7)
FN:12,(anonymous_8)
FNF:2
FNH:2
FNDA:5,(anonymous_7)
FNDA:2,(anonymous_8)
DA:3,5
DA:4,5
DA:7,5
DA:9,5
DA:13,2
DA:14,2
DA:15,2
DA:17,2
DA:18,2
DA:21,0
DA:26,5
LF:11
LH:10
BRDA:14,0,0,0
BRDA:14,1,0,0
BRDA:14,1,1,2
BRDA:14,2,0,2
BRDA:14,2,1,2
BRDA:14,3,0,0
BRDA:14,3,1,2
BRDA:14,4,0,2
BRDA:14,4,1,2
BRDA:15,5,0,0
BRDA:15,5,1,2
BRDA:15,6,0,2
BRDA:15,6,1,2
BRDA:15,7,0,0
BRDA:15,7,1,2
BRDA:15,8,0,2
BRDA:15,8,1,2
BRF:17
BRH:12
end_of_record
TN:
SF:src\controllers\post.controller.ts
FN:9,(anonymous_7)
FN:13,(anonymous_8)
FN:17,(anonymous_10)
FN:21,(anonymous_12)
FN:41,(anonymous_14)
FNF:5
FNH:5
FNDA:5,(anonymous_7)
FNDA:1,(anonymous_8)
FNDA:1,(anonymous_10)
FNDA:2,(anonymous_12)
FNDA:3,(anonymous_14)
DA:3,5
DA:4,5
DA:5,5
DA:8,5
DA:10,5
DA:14,1
DA:18,1
DA:22,2
DA:23,2
DA:25,2
DA:27,2
DA:29,2
DA:31,2
DA:34,0
DA:37,0
DA:42,3
DA:44,3
DA:45,3
DA:48,0
DA:53,5
LF:20
LH:17
BRDA:23,0,0,2
BRDA:23,0,1,0
BRDA:23,1,0,0
BRDA:23,1,1,2
BRDA:23,2,0,2
BRDA:23,2,1,2
BRDA:23,3,0,0
BRDA:23,3,1,2
BRDA:23,4,0,2
BRDA:23,4,1,2
BRF:10
BRH:7
end_of_record
TN:
SF:src\controllers\user.controller.ts
FN:10,(anonymous_7)
FN:14,(anonymous_8)
FN:25,(anonymous_10)
FN:41,(anonymous_12)
FN:52,(anonymous_14)
FNF:5
FNH:5
FNDA:5,(anonymous_7)
FNDA:2,(anonymous_8)
FNDA:2,(anonymous_10)
FNDA:1,(anonymous_12)
FNDA:2,(anonymous_14)
DA:4,5
DA:5,5
DA:6,5
DA:8,5
DA:11,5
DA:15,2
DA:17,2
DA:18,1
DA:21,1
DA:26,2
DA:27,2
DA:28,2
DA:29,2
DA:31,1
DA:34,0
DA:37,1
DA:42,1
DA:43,1
DA:44,1
DA:46,1
DA:48,0
DA:53,2
DA:54,2
DA:55,2
DA:57,2
DA:58,1
DA:61,1
DA:62,1
DA:63,1
DA:65,1
DA:67,1
DA:70,1
DA:75,5
LF:33
LH:31
BRDA:27,0,0,2
BRDA:27,0,1,0
BRDA:27,1,0,0
BRDA:27,1,1,2
BRDA:27,2,0,2
BRDA:27,2,1,2
BRDA:27,3,0,0
BRDA:27,3,1,2
BRDA:27,4,0,2
BRDA:27,4,1,2
BRDA:57,5,0,1
BRDA:57,6,0,2
BRDA:57,6,1,1
BRDA:62,7,0,1
BRDA:63,8,0,1
BRF:15
BRH:12
end_of_record
TN:
SF:src\middlewares\authMiddleware.ts
FN:5,(anonymous_1)
FNF:1
FNH:1
FNDA:71,(anonymous_1)
DA:2,5
DA:3,5
DA:5,5
DA:6,71
DA:7,44
DA:9,27
DA:10,27
DA:12,26
DA:13,26
DA:14,25
DA:15,25
DA:17,1
LF:12
LH:12
BRDA:6,0,0,44
BRDA:6,1,0,71
BRDA:6,1,1,29
BRDA:9,2,0,1
BRDA:9,2,1,26
BRDA:9,3,0,27
BRDA:9,3,1,27
BRDA:10,4,0,1
BRF:8
BRH:8
end_of_record
TN:
SF:src\models\comment.model.ts
FNF:0
FNH:0
DA:1,5
DA:11,5
DA:18,5
DA:20,5
LF:4
LH:4
BRF:0
BRH:0
end_of_record
TN:
SF:src\models\post.model.ts
FN:21,(anonymous_17)
FN:29,(anonymous_18)
FNF:2
FNH:2
FNDA:3,(anonymous_17)
FNDA:1,(anonymous_18)
DA:1,5
DA:2,5
DA:12,5
DA:22,3
DA:29,5
DA:30,1
DA:31,1
DA:32,1
DA:33,1
DA:34,1
DA:36,1
DA:39,5
DA:41,5
LF:13
LH:13
BRDA:22,0,0,3
BRDA:22,0,1,3
BRDA:32,1,0,1
BRF:3
BRH:3
end_of_record
TN:
SF:src\models\user.model.ts
FNF:0
FNH:0
DA:1,5
DA:14,5
DA:22,5
DA:24,5
LF:4
LH:4
BRF:0
BRH:0
end_of_record
TN:
SF:src\routes\auth.route.ts
FNF:0
FNH:0
DA:1,5
DA:2,5
DA:4,5
DA:52,5
DA:92,5
DA:113,5
DA:146,5
LF:7
LH:7
BRF:0
BRH:0
end_of_record
TN:
SF:src\routes\comment.route.ts
FNF:0
FNH:0
DA:1,5
DA:2,5
DA:4,5
DA:37,5
DA:66,5
DA:108,5
DA:151,5
DA:177,5
LF:8
LH:8
BRF:0
BRH:0
end_of_record
TN:
SF:src\routes\post.route.ts
FNF:0
FNH:0
DA:1,5
DA:2,5
DA:4,5
DA:29,5
DA:55,5
DA:84,5
DA:117,5
DA:154,5
DA:180,5
LF:9
LH:9
BRF:0
BRH:0
end_of_record
TN:
SF:src\routes\user.route.ts
FNF:0
FNH:0
DA:1,5
DA:2,5
DA:4,5
DA:48,5
DA:86,5
DA:119,5
DA:159,5
DA:188,5
LF:8
LH:8
BRF:0
BRH:0
end_of_record
TN:
SF:src\services\auth.service.ts
FN:13,(anonymous_8)
FN:18,(anonymous_9)
FN:28,(anonymous_11)
FN:49,(anonymous_13)
FN:56,(anonymous_15)
FN:70,(anonymous_17)
FN:84,(anonymous_19)
FN:90,(anonymous_21)
FNF:8
FNH:8
FNDA:6,(anonymous_8)
FNDA:5,(anonymous_9)
FNDA:29,(anonymous_11)
FNDA:2,(anonymous_13)
FNDA:4,(anonymous_15)
FNDA:5,(anonymous_17)
FNDA:29,(anonymous_19)
FNDA:29,(anonymous_21)
DA:1,5
DA:2,5
DA:3,5
DA:4,5
DA:6,5
DA:7,5
DA:11,5
DA:14,6
DA:15,6
DA:23,5
DA:24,5
DA:29,29
DA:31,29
DA:32,29
DA:35,28
DA:37,28
DA:38,0
DA:41,28
DA:44,28
DA:46,28
DA:50,2
DA:51,1
DA:52,0
DA:53,0
DA:58,4
DA:59,4
DA:61,3
DA:62,2
DA:63,2
DA:64,2
DA:67,1
DA:72,5
DA:73,4
DA:75,3
DA:77,1
DA:79,1
DA:80,1
DA:81,1
DA:85,29
DA:86,29
DA:87,29
DA:91,29
DA:92,29
DA:94,29
LF:44
LH:41
BRDA:32,0,0,1
BRDA:37,1,0,0
BRDA:37,1,1,28
BRDA:51,2,0,0
BRDA:51,2,1,1
BRDA:51,3,0,1
BRDA:51,3,1,1
BRDA:59,4,0,1
BRDA:61,5,0,2
BRDA:73,6,0,1
BRDA:73,7,0,0
BRDA:73,7,1,4
BRDA:73,8,0,4
BRDA:73,8,1,4
BRDA:75,9,0,0
BRDA:75,9,1,3
BRDA:75,10,0,3
BRDA:75,10,1,3
BRDA:86,11,0,0
BRF:19
BRH:14
end_of_record
TN:
SF:src\services\base.service.ts
FN:6,(anonymous_8)
FN:10,(anonymous_9)
FN:16,(anonymous_11)
FN:24,(anonymous_13)
FN:30,(anonymous_15)
FN:30,(anonymous_16)
FN:35,(anonymous_17)
FN:35,(anonymous_18)
FN:40,(anonymous_19)
FN:47,(anonymous_21)
FN:56,(anonymous_23)
FN:60,(anonymous_25)
FN:86,(anonymous_27)
FNF:13
FNH:13
FNDA:38,(anonymous_8)
FNDA:5,(anonymous_9)
FNDA:5,(anonymous_11)
FNDA:9,(anonymous_13)
FNDA:4,(anonymous_15)
FNDA:4,(anonymous_16)
FNDA:29,(anonymous_17)
FNDA:29,(anonymous_18)
FNDA:3,(anonymous_19)
FNDA:6,(anonymous_21)
FNDA:3,(anonymous_23)
FNDA:3,(anonymous_25)
FNDA:2,(anonymous_27)
DA:1,5
DA:4,5
DA:7,38
DA:11,5
DA:12,5
DA:13,4
DA:17,5
DA:18,5
DA:20,1
DA:25,9
DA:27,7
DA:30,4
DA:32,4
DA:35,29
DA:37,29
DA:41,3
DA:43,3
DA:44,3
DA:48,6
DA:49,5
DA:50,0
DA:53,5
DA:57,3
DA:61,3
DA:62,3
DA:67,3
DA:69,3
DA:75,3
DA:76,0
DA:80,0
DA:82,3
DA:88,2
DA:90,2
DA:92,2
DA:93,0
DA:97,0
DA:100,2
LF:37
LH:32
BRDA:25,0,0,2
BRDA:30,1,0,0
BRDA:35,2,0,0
BRDA:41,3,0,0
BRDA:49,4,0,0
BRDA:53,5,0,5
BRDA:53,5,1,0
BRDA:75,6,0,0
BRDA:92,7,0,0
BRF:9
BRH:2
end_of_record
TN:
SF:src\services\comment.service.ts
FN:6,(anonymous_8)
FN:10,(anonymous_9)
FNF:2
FNH:2
FNDA:5,(anonymous_8)
FNDA:2,(anonymous_9)
DA:1,5
DA:2,5
DA:5,5
DA:7,5
DA:11,2
LF:5
LH:5
BRF:0
BRH:0
end_of_record
TN:
SF:src\services\post.service.ts
FN:6,(anonymous_8)
FN:10,(anonymous_9)
FNF:2
FNH:2
FNDA:5,(anonymous_8)
FNDA:2,(anonymous_9)
DA:2,5
DA:3,5
DA:5,5
DA:7,5
DA:11,2
DA:12,2
DA:13,2
LF:7
LH:7
BRDA:11,0,0,1
BRDA:11,0,1,1
BRF:2
BRH:2
end_of_record
TN:
SF:src\services\user.service.ts
FN:9,(anonymous_8)
FN:14,(anonymous_9)
FN:25,(anonymous_11)
FN:30,(anonymous_13)
FN:36,(anonymous_15)
FNF:5
FNH:5
FNDA:11,(anonymous_8)
FNDA:7,(anonymous_9)
FNDA:2,(anonymous_11)
FNDA:7,(anonymous_13)
FNDA:2,(anonymous_15)
DA:1,5
DA:2,5
DA:3,5
DA:4,5
DA:7,5
DA:10,11
DA:11,11
DA:15,7
DA:16,7
DA:17,7
DA:19,6
DA:20,6
DA:21,6
DA:26,2
DA:27,1
DA:31,7
DA:32,7
DA:37,2
LF:18
LH:18
BRDA:16,0,0,0
BRDA:16,1,0,7
BRDA:16,1,1,7
BRDA:16,1,2,7
BRDA:32,2,0,1
BRF:5
BRH:4
end_of_record
TN:
SF:src\utils\user.util.ts
FN:4,(anonymous_0)
FNF:1
FNH:1
FNDA:15,(anonymous_0)
DA:4,5
DA:5,15
DA:6,15
LF:3
LH:3
BRF:0
BRH:0
end_of_record
