TN:
SF:src\app.ts
FN:14,(anonymous_1)
FNF:1
FNH:1
FNDA:1,(anonymous_1)
DA:1,1
DA:2,1
DA:3,1
DA:4,1
DA:6,1
DA:7,1
DA:8,1
DA:9,1
DA:10,1
DA:11,1
DA:12,1
DA:14,1
DA:16,1
DA:18,1
DA:20,1
DA:21,1
DA:23,0
DA:28,1
DA:30,1
DA:32,1
DA:33,1
DA:34,1
DA:35,1
DA:37,1
DA:39,1
DA:51,1
DA:53,1
DA:55,1
DA:60,1
LF:29
LH:28
BRDA:20,0,0,1
BRDA:20,0,1,0
BRF:2
BRH:1
end_of_record
TN:
SF:src\config\config.ts
FNF:0
FNH:0
DA:1,1
DA:3,1
DA:5,1
LF:3
LH:3
BRDA:6,0,0,1
BRDA:6,0,1,0
BRDA:7,1,0,1
BRDA:7,1,1,0
BRDA:8,2,0,1
BRDA:8,2,1,0
BRDA:9,3,0,1
BRDA:9,3,1,0
BRDA:10,4,0,1
BRDA:10,4,1,0
BRF:10
BRH:5
end_of_record
TN:
SF:src\config\db.ts
FN:7,(anonymous_8)
FN:7,(anonymous_9)
FNF:2
FNH:2
FNDA:1,(anonymous_8)
FNDA:1,(anonymous_9)
DA:1,1
DA:2,1
DA:3,1
DA:5,1
DA:7,1
DA:8,1
DA:9,1
DA:10,1
DA:12,0
DA:13,0
DA:17,1
LF:11
LH:9
BRF:0
BRH:0
end_of_record
TN:
SF:src\controllers\auth.controller.ts
FN:9,(anonymous_7)
FN:13,(anonymous_8)
FN:27,(anonymous_10)
FN:41,(anonymous_12)
FN:59,(anonymous_14)
FNF:5
FNH:5
FNDA:1,(anonymous_7)
FNDA:1,(anonymous_8)
FNDA:1,(anonymous_10)
FNDA:1,(anonymous_12)
FNDA:1,(anonymous_14)
DA:3,1
DA:5,1
DA:6,1
DA:8,1
DA:10,1
DA:14,1
DA:15,1
DA:16,1
DA:17,0
DA:20,1
DA:21,1
DA:23,0
DA:28,1
DA:29,1
DA:30,1
DA:31,0
DA:34,1
DA:35,1
DA:37,0
DA:43,1
DA:44,1
DA:46,1
DA:47,0
DA:49,1
DA:50,1
DA:51,1
DA:53,0
DA:60,1
DA:61,1
DA:63,1
DA:64,0
DA:66,1
DA:67,1
DA:68,1
DA:70,0
DA:78,1
LF:36
LH:28
BRDA:16,0,0,0
BRDA:16,1,0,1
BRDA:16,1,1,1
BRDA:16,1,2,1
BRDA:30,2,0,0
BRDA:30,3,0,1
BRDA:30,3,1,1
BRDA:44,4,0,1
BRDA:44,4,1,1
BRDA:46,5,0,0
BRDA:46,5,1,1
BRDA:61,6,0,1
BRDA:61,6,1,1
BRDA:63,7,0,0
BRDA:63,7,1,1
BRF:15
BRH:11
end_of_record
TN:
SF:src\controllers\base.controller.ts
FN:9,(anonymous_7)
FN:14,(anonymous_8)
FN:26,(anonymous_10)
FN:36,(anonymous_12)
FN:48,(anonymous_14)
FN:63,(anonymous_16)
FNF:6
FNH:1
FNDA:4,(anonymous_7)
FNDA:0,(anonymous_8)
FNDA:0,(anonymous_10)
FNDA:0,(anonymous_12)
FNDA:0,(anonymous_14)
FNDA:0,(anonymous_16)
DA:3,1
DA:6,1
DA:10,4
DA:11,4
DA:15,0
DA:17,0
DA:18,0
DA:19,0
DA:22,0
DA:27,0
DA:28,0
DA:29,0
DA:32,0
DA:37,0
DA:38,0
DA:39,0
DA:40,0
DA:41,0
DA:44,0
DA:49,0
DA:50,0
DA:51,0
DA:53,0
DA:54,0
DA:55,0
DA:56,0
DA:59,0
DA:64,0
DA:66,0
DA:67,0
DA:68,0
DA:70,0
DA:71,0
DA:74,0
LF:34
LH:4
BRDA:9,0,0,3
BRDA:38,1,0,0
BRDA:38,2,0,0
BRDA:38,2,1,0
BRDA:38,3,0,0
BRDA:38,3,1,0
BRDA:38,4,0,0
BRDA:38,4,1,0
BRDA:38,5,0,0
BRDA:38,5,1,0
BRDA:39,6,0,0
BRDA:39,6,1,0
BRDA:39,7,0,0
BRDA:39,7,1,0
BRDA:39,8,0,0
BRDA:39,8,1,0
BRDA:39,9,0,0
BRDA:39,9,1,0
BRDA:50,10,0,0
BRDA:50,11,0,0
BRDA:50,11,1,0
BRDA:50,12,0,0
BRDA:50,12,1,0
BRDA:50,13,0,0
BRDA:50,13,1,0
BRDA:50,14,0,0
BRDA:50,14,1,0
BRDA:51,15,0,0
BRDA:51,15,1,0
BRDA:51,16,0,0
BRDA:51,16,1,0
BRDA:51,17,0,0
BRDA:51,17,1,0
BRDA:51,18,0,0
BRDA:51,18,1,0
BRDA:54,19,0,0
BRDA:68,20,0,0
BRF:37
BRH:1
end_of_record
TN:
SF:src\controllers\comment.controller.ts
FN:8,(anonymous_7)
FN:12,(anonymous_8)
FNF:2
FNH:1
FNDA:1,(anonymous_7)
FNDA:0,(anonymous_8)
DA:3,1
DA:4,1
DA:7,1
DA:9,1
DA:13,0
DA:14,0
DA:15,0
DA:17,0
DA:18,0
DA:21,0
DA:26,1
LF:11
LH:5
BRDA:14,0,0,0
BRDA:14,1,0,0
BRDA:14,1,1,0
BRDA:14,2,0,0
BRDA:14,2,1,0
BRDA:14,3,0,0
BRDA:14,3,1,0
BRDA:14,4,0,0
BRDA:14,4,1,0
BRDA:15,5,0,0
BRDA:15,5,1,0
BRDA:15,6,0,0
BRDA:15,6,1,0
BRDA:15,7,0,0
BRDA:15,7,1,0
BRDA:15,8,0,0
BRDA:15,8,1,0
BRF:17
BRH:0
end_of_record
TN:
SF:src\controllers\post.controller.ts
FN:9,(anonymous_7)
FN:13,(anonymous_8)
FN:17,(anonymous_10)
FN:21,(anonymous_12)
FN:41,(anonymous_14)
FNF:5
FNH:1
FNDA:1,(anonymous_7)
FNDA:0,(anonymous_8)
FNDA:0,(anonymous_10)
FNDA:0,(anonymous_12)
FNDA:0,(anonymous_14)
DA:3,1
DA:4,1
DA:5,1
DA:8,1
DA:10,1
DA:14,0
DA:18,0
DA:22,0
DA:23,0
DA:25,0
DA:27,0
DA:29,0
DA:31,0
DA:34,0
DA:37,0
DA:42,0
DA:44,0
DA:45,0
DA:48,0
DA:53,1
LF:20
LH:6
BRDA:23,0,0,0
BRDA:23,0,1,0
BRDA:23,1,0,0
BRDA:23,1,1,0
BRDA:23,2,0,0
BRDA:23,2,1,0
BRDA:23,3,0,0
BRDA:23,3,1,0
BRDA:23,4,0,0
BRDA:23,4,1,0
BRF:10
BRH:0
end_of_record
TN:
SF:src\controllers\user.controller.ts
FN:10,(anonymous_7)
FN:14,(anonymous_8)
FN:25,(anonymous_10)
FN:41,(anonymous_12)
FN:52,(anonymous_14)
FNF:5
FNH:1
FNDA:1,(anonymous_7)
FNDA:0,(anonymous_8)
FNDA:0,(anonymous_10)
FNDA:0,(anonymous_12)
FNDA:0,(anonymous_14)
DA:4,1
DA:5,1
DA:6,1
DA:8,1
DA:11,1
DA:15,0
DA:17,0
DA:18,0
DA:21,0
DA:26,0
DA:27,0
DA:28,0
DA:29,0
DA:31,0
DA:34,0
DA:37,0
DA:42,0
DA:43,0
DA:44,0
DA:46,0
DA:48,0
DA:53,0
DA:54,0
DA:55,0
DA:57,0
DA:58,0
DA:61,0
DA:62,0
DA:63,0
DA:65,0
DA:67,0
DA:70,0
DA:75,1
LF:33
LH:6
BRDA:27,0,0,0
BRDA:27,0,1,0
BRDA:27,1,0,0
BRDA:27,1,1,0
BRDA:27,2,0,0
BRDA:27,2,1,0
BRDA:27,3,0,0
BRDA:27,3,1,0
BRDA:27,4,0,0
BRDA:27,4,1,0
BRDA:57,5,0,0
BRDA:57,6,0,0
BRDA:57,6,1,0
BRDA:62,7,0,0
BRDA:63,8,0,0
BRF:15
BRH:0
end_of_record
TN:
SF:src\middlewares\authMiddleware.ts
FN:5,(anonymous_1)
FNF:1
FNH:1
FNDA:6,(anonymous_1)
DA:2,1
DA:3,1
DA:5,1
DA:6,6
DA:7,4
DA:9,2
DA:10,2
DA:12,1
DA:13,1
DA:14,0
DA:15,0
DA:17,1
LF:12
LH:10
BRDA:6,0,0,4
BRDA:6,1,0,6
BRDA:6,1,1,2
BRDA:9,2,0,1
BRDA:9,2,1,1
BRDA:9,3,0,2
BRDA:9,3,1,2
BRDA:10,4,0,1
BRF:8
BRH:8
end_of_record
TN:
SF:src\models\comment.model.ts
FNF:0
FNH:0
DA:1,1
DA:11,1
DA:18,1
DA:20,1
LF:4
LH:4
BRF:0
BRH:0
end_of_record
TN:
SF:src\models\post.model.ts
FN:21,(anonymous_17)
FN:29,(anonymous_18)
FNF:2
FNH:0
FNDA:0,(anonymous_17)
FNDA:0,(anonymous_18)
DA:1,1
DA:2,1
DA:12,1
DA:22,0
DA:29,1
DA:30,0
DA:31,0
DA:32,0
DA:33,0
DA:34,0
DA:36,0
DA:39,1
DA:41,1
LF:13
LH:6
BRDA:22,0,0,0
BRDA:22,0,1,0
BRDA:32,1,0,0
BRF:3
BRH:0
end_of_record
TN:
SF:src\models\user.model.ts
FNF:0
FNH:0
DA:1,1
DA:14,1
DA:22,1
DA:24,1
LF:4
LH:4
BRF:0
BRH:0
end_of_record
TN:
SF:src\routes\auth.route.ts
FNF:0
FNH:0
DA:1,1
DA:2,1
DA:4,1
DA:52,1
DA:92,1
DA:113,1
DA:146,1
LF:7
LH:7
BRF:0
BRH:0
end_of_record
TN:
SF:src\routes\comment.route.ts
FNF:0
FNH:0
DA:1,1
DA:2,1
DA:4,1
DA:37,1
DA:66,1
DA:108,1
DA:151,1
DA:177,1
LF:8
LH:8
BRF:0
BRH:0
end_of_record
TN:
SF:src\routes\post.route.ts
FNF:0
FNH:0
DA:1,1
DA:2,1
DA:4,1
DA:29,1
DA:55,1
DA:84,1
DA:117,1
DA:154,1
DA:180,1
LF:9
LH:9
BRF:0
BRH:0
end_of_record
TN:
SF:src\routes\user.route.ts
FNF:0
FNH:0
DA:1,1
DA:2,1
DA:4,1
DA:48,1
DA:88,1
DA:121,1
DA:161,1
DA:190,1
LF:8
LH:8
BRF:0
BRH:0
end_of_record
TN:
SF:src\services\auth.service.ts
FN:13,(anonymous_8)
FN:18,(anonymous_9)
FN:28,(anonymous_11)
FN:49,(anonymous_13)
FN:63,(anonymous_15)
FN:84,(anonymous_17)
FN:89,(anonymous_19)
FN:95,(anonymous_21)
FNF:8
FNH:7
FNDA:1,(anonymous_8)
FNDA:1,(anonymous_9)
FNDA:1,(anonymous_11)
FNDA:1,(anonymous_13)
FNDA:1,(anonymous_15)
FNDA:0,(anonymous_17)
FNDA:1,(anonymous_19)
FNDA:2,(anonymous_21)
DA:1,1
DA:2,1
DA:3,1
DA:4,1
DA:6,1
DA:7,1
DA:11,1
DA:14,1
DA:15,1
DA:23,1
DA:24,1
DA:29,1
DA:31,1
DA:32,1
DA:35,1
DA:37,1
DA:38,0
DA:41,1
DA:44,1
DA:46,1
DA:50,1
DA:51,1
DA:52,1
DA:54,1
DA:55,0
DA:56,0
DA:57,0
DA:59,1
DA:60,1
DA:65,1
DA:66,1
DA:68,1
DA:69,1
DA:71,1
DA:72,0
DA:73,0
DA:74,0
DA:77,1
DA:79,1
DA:80,1
DA:81,1
DA:85,0
DA:86,0
DA:87,0
DA:90,1
DA:91,1
DA:92,1
DA:96,2
DA:97,2
DA:99,2
LF:50
LH:40
BRDA:32,0,0,0
BRDA:37,1,0,0
BRDA:37,1,1,1
BRDA:52,2,0,0
BRDA:54,3,0,0
BRDA:66,4,0,0
BRDA:69,5,0,0
BRDA:71,6,0,0
BRDA:86,7,0,0
BRDA:91,8,0,0
BRF:10
BRH:1
end_of_record
TN:
SF:src\services\base.service.ts
FN:6,(anonymous_8)
FN:10,(anonymous_9)
FN:16,(anonymous_11)
FN:25,(anonymous_13)
FN:31,(anonymous_15)
FN:31,(anonymous_16)
FN:36,(anonymous_17)
FN:36,(anonymous_18)
FN:41,(anonymous_19)
FN:41,(anonymous_20)
FN:46,(anonymous_21)
FN:53,(anonymous_23)
FN:62,(anonymous_25)
FN:66,(anonymous_27)
FN:92,(anonymous_29)
FNF:15
FNH:3
FNDA:7,(anonymous_8)
FNDA:0,(anonymous_9)
FNDA:0,(anonymous_11)
FNDA:0,(anonymous_13)
FNDA:0,(anonymous_15)
FNDA:0,(anonymous_16)
FNDA:0,(anonymous_17)
FNDA:0,(anonymous_18)
FNDA:1,(anonymous_19)
FNDA:1,(anonymous_20)
FNDA:0,(anonymous_21)
FNDA:0,(anonymous_23)
FNDA:0,(anonymous_25)
FNDA:0,(anonymous_27)
FNDA:0,(anonymous_29)
DA:1,1
DA:4,1
DA:7,7
DA:11,0
DA:12,0
DA:13,0
DA:17,0
DA:18,0
DA:19,0
DA:21,0
DA:26,0
DA:28,0
DA:31,0
DA:33,0
DA:36,0
DA:38,0
DA:41,1
DA:43,1
DA:47,0
DA:49,0
DA:50,0
DA:54,0
DA:55,0
DA:56,0
DA:59,0
DA:63,0
DA:67,0
DA:68,0
DA:73,0
DA:75,0
DA:81,0
DA:82,0
DA:86,0
DA:88,0
DA:93,0
DA:95,0
DA:97,0
DA:98,0
DA:102,0
DA:104,0
LF:40
LH:5
BRDA:26,0,0,0
BRDA:31,1,0,0
BRDA:36,2,0,0
BRDA:41,3,0,0
BRDA:47,4,0,0
BRDA:55,5,0,0
BRDA:59,6,0,0
BRDA:59,6,1,0
BRDA:81,7,0,0
BRDA:97,8,0,0
BRF:10
BRH:0
end_of_record
TN:
SF:src\services\comment.service.ts
FN:6,(anonymous_8)
FN:10,(anonymous_9)
FNF:2
FNH:1
FNDA:1,(anonymous_8)
FNDA:0,(anonymous_9)
DA:1,1
DA:2,1
DA:5,1
DA:7,1
DA:11,0
LF:5
LH:4
BRF:0
BRH:0
end_of_record
TN:
SF:src\services\post.service.ts
FN:6,(anonymous_8)
FN:10,(anonymous_9)
FN:16,(anonymous_11)
FN:25,(anonymous_13)
FNF:4
FNH:1
FNDA:1,(anonymous_8)
FNDA:0,(anonymous_9)
FNDA:0,(anonymous_11)
FNDA:0,(anonymous_13)
DA:2,1
DA:3,1
DA:5,1
DA:7,1
DA:11,0
DA:12,0
DA:13,0
DA:17,0
DA:18,0
DA:19,0
DA:21,0
DA:26,0
LF:12
LH:4
BRDA:11,0,0,0
BRDA:11,0,1,0
BRDA:18,1,0,0
BRDA:18,1,1,0
BRDA:19,2,0,0
BRDA:19,2,1,0
BRDA:19,3,0,0
BRDA:19,3,1,0
BRF:8
BRH:0
end_of_record
TN:
SF:src\services\user.service.ts
FN:9,(anonymous_8)
FN:14,(anonymous_9)
FN:25,(anonymous_11)
FN:30,(anonymous_13)
FN:36,(anonymous_15)
FNF:5
FNH:3
FNDA:2,(anonymous_8)
FNDA:1,(anonymous_9)
FNDA:0,(anonymous_11)
FNDA:1,(anonymous_13)
FNDA:0,(anonymous_15)
DA:1,1
DA:2,1
DA:3,1
DA:4,1
DA:7,1
DA:10,2
DA:11,2
DA:15,1
DA:16,1
DA:17,1
DA:19,1
DA:20,1
DA:21,1
DA:26,0
DA:27,0
DA:31,1
DA:32,1
DA:37,0
LF:18
LH:15
BRDA:16,0,0,0
BRDA:16,1,0,1
BRDA:16,1,1,1
BRDA:16,1,2,1
BRDA:32,2,0,0
BRF:5
BRH:3
end_of_record
TN:
SF:src\utils\user.util.ts
FN:4,(anonymous_0)
FNF:1
FNH:0
FNDA:0,(anonymous_0)
DA:4,1
DA:5,0
DA:6,0
DA:7,0
LF:4
LH:1
BRDA:6,0,0,0
BRDA:6,1,0,0
BRDA:6,1,1,0
BRDA:6,2,0,0
BRDA:6,2,1,0
BRF:5
BRH:0
end_of_record
